================================================
************************************************
================================================
case_loop_init() - Pulsar FeatherMx (Re)starting
Starting: CAN OK
timerSetup() - executing
actuatorsSetup() - executing
actuatorsSetup() - Pi ON
actuatorsSetup() - Strobe Light ON
actuatorsSetup() - PowerFeather ON
actuatorsSetup() - complete
sensorsSetup() - executing
sensorsSetup() - SHT31 initialising
sensorsSetup() - OK
sensorsSetup() - Heater DISABLED
sensorsSetup() - AmbientLight initialising
sensorsSetup() - OK
sensorsSetup() - DS18B20 Temp initialising
sensorsSetup() - OK
sensorsSetup() - Parasite Power DISABLED
mavlink_unrequest_datastream() - Executing
| CBP_PACKETTYPE = CBP_PF_CHARGER1_V
| Value = 13280
| CBP_PACKETTYPE = CBP_PF_CHARGER1_I
| Value = -260
| CBP_PACKETTYPE = CBP_PF_CHARGER1_VPV
| Value = 17150
| CBP_PACKETTYPE = CBP_PF_CHARGER1_PPV
| Value = 1
| CBP_PACKETTYPE = CBP_PF_CHARGER1_CS
| Value = 3
| CBP_PACKETTYPE = CBP_PF_CHARGER1_ERR
| Value = 0
| CBP_PACKETTYPE = CBP_PF_CHARGER1_LOAD
| Value = 100
| CBP_PACKETTYPE = CBP_PF_CHARGER1_IL
| Value = 300
| CBP_PACKETTYPE = CBP_PF_CHARGER1_H19
| Value = 543
case_rx_from_agt() - FMX received a Datum from the AGT
| CBP_PACKETTYPE = CBP_PF_CHARGER1_H20
| Value = 10
| CBP_PACKETTYPE = CBP_PF_CHARGER1_H21
| Value = 48
| CBP_PACKETTYPE = CBP_PF_CHARGER1_H22
| Value = 17
| CBP_PACKETTYPE = CBP_PF_CHARGER1_VPV
| Value = 46
| CBP_PACKETTYPE = CBP_PF_CHARGER1_HSDS
| Value = 96
| CBP_PACKETTYPE = CBP_PF_CHARGER1_MPPT
| Value = 2
| CBP_PACKETTYPE = CBP_PF_CHARGER2_PID
| Value = 65535
| CBP_PACKETTYPE = CBP_PF_CHARGER2_FW
| Value = 666
case_heartbeat_to_autopilot() - Time to execute.
mavlink_fmx_send_heartbeat_to_ap() - Executing
| CBP_PACKETTYPE = CBP_PF_CHARGER2_V
| Value = 13130
| CBP_PACKETTYPE = CBP_PF_CHARGER2_I
| Value = 0
| CBP_PACKETTYPE = CBP_PF_CHARGER2_VPV
| Value = 13020
| CBP_PACKETTYPE = CBP_PF_CHARGER2_PPV
| Value = 0
| CBP_PACKETTYPE = CBP_PF_CHARGER2_CS
| Value = 0
| CBP_PACKETTYPE = CBP_PF_CHARGER2_ERR
| Value = 0
| CBP_PACKETTYPE = CBP_PF_CHARGER2_LOAD
| Value = 100
| CBP_PACKETTYPE = CBP_PF_CHARGER2_IL
| Value = 0
| CBP_PACKETTYPE = CBP_PF_CHARGER2_H19
| Value = 64
| CBP_PACKETTYPE = CBP_PF_CHARGER2_H20
| Value = 0
| CBP_PACKETTYPE = CBP_PF_CHARGER2_H21
| Value = 0
| CBP_PACKETTYPE = CBP_PF_CHARGER2_H22
| Value = 5
| CBP_PACKETTYPE = CBP_PF_CHARGER2_VPV
| Value = 19
| CBP_PACKETTYPE = CBP_PF_CHARGER2_HSDS
| Value = 90
| CBP_PACKETTYPE = CBP_PF_CHARGER2_MPPT
| Value = 0
case_heartbeat_to_autopilot() - Time to execute.
mavlink_fmx_send_heartbeat_to_ap() - Executing
case_rx_from_autopilot() - Time to execute.
mavlink_unrequest_datastream() - Executing
case_rx_from_autopilot() - ATTEMPTING RX - starting at Millis:66867
mavlink_receive() - MSG RCVD - magic:254 seq:30 src sysid:1 src compid:1 msgid#:33=GLOBAL_POSITION_INT TimeSinceBoot:792310626mS LAT:0degE7 LON:0degE7 MSL_ALT:-48260mm REL_ALT:-48263mm VelX:0cm/s VelY:0cm/s VelZ:0cm/s Heading:16764cdeg
mavlink_receive() - MSG RCVD - magic:254 seq:31 src sysid:1 src compid:1 msgid#:1=SYS_STATUS onboard_control_sensors_present:321969199 onboard_control_sensors_enabled:320864303 onboard_control_sensors_health:303071535 load:71
mavlink_receive() - MSG RCVD - magic:254 seq:32 src sysid:1 src compid:1 msgid#:125=POWER_STATUS Vcc:5121mV Vservo:5012mV flags:3
mavlink_receive() - MSG RCVD - magic:254 seq:33 src sysid:1 src compid:1 msgid#:24=GPS_RAW_INT Time:0h:0m:0s FixType:1 Latitude:0 Longitude:0 GroundSpeed:0 CoG(deg):0 SatsVisible:0
mavlink_receive() - MSG RCVD - magic:254 seq:34 src sysid:1 src compid:1 msgid#:2=SYSTEM_TIME time_unix_usec:I can't print uint64_t's here time_boot_ms:792310626
mavlink_receive() - MSG RCVD - magic:254 seq:35 src sysid:1 src compid:1 msgid#:165=HWSTATUS Vcc:5121mV I2Cerr:0errors
mavlink_receive() - MSG RCVD - magic:254 seq:36 src sysid:1 src compid:1 msgid#:147=BATTERY_STATUS voltages[0]:13185 voltages[1]:65535 current_battery:50
mavlink_receive() - MSG RCVD - magic:254 seq:37 src sysid:1 src compid:1 msgid#:148=AUTOPILOT_VERSION vendor_id:0 product_id:0
mavlink_receive() - MSG RCVD - magic:254 seq:145 src sysid:255 src compid:190 msgid#:0=HEARTBEAT FlightMode:0 Type:6 Autopilot:8 BaseMode:0 CustomMode:0 SystemStatus:0 MavlinkVersion:3
mavlink_receive() - MSG RCVD - magic:254 seq:38 src sysid:1 src compid:1 msgid#:0=HEARTBEAT FlightMode:4 Type:11 Autopilot:3 BaseMode:1 CustomMode:4 SystemStatus:5 MavlinkVersion:3
mavlink_receive() - MSG RCVD - magic:254 seq:65 src sysid:255 src compid:190 msgid#:0=HEARTBEAT FlightMode:0 Type:6 Autopilot:8 BaseMode:0 CustomMode:0 SystemStatus:0 MavlinkVersion:3
mavlink_receive() - MSG RCVD - magic:254 seq:134 src sysid:1 src compid:1 msgid#:33=GLOBAL_POSITION_INT TimeSinceBoot:792367626mS LAT:0degE7 LON:0degE7 MSL_ALT:-48180mm REL_ALT:-48184mm VelX:0cm/s VelY:0cm/s VelZ:0cm/s Heading:16760cdeg
mavlink_receive() - MSG RCVD - magic:254 seq:135 src sysid:1 src compid:1 msgid#:1=SYS_STATUS onboard_control_sensors_present:321969199 onboard_control_sensors_enabled:320864303 onboard_control_sensors_health:303071535 load:71
mavlink_receive() - MSG RCVD - magic:254 seq:136 src sysid:1 src compid:1 msgid#:125=POWER_STATUS Vcc:5104mV Vservo:5024mV flags:3
mavlink_receive() - MSG RCVD - magic:254 seq:137 src sysid:1 src compid:1 msgid#:24=GPS_RAW_INT Time:0h:0m:0s FixType:1 Latitude:0 Longitude:0 GroundSpeed:0 CoG(deg):0 SatsVisible:0
mavlink_receive() - MSG RCVD - magic:254 seq:138 src sysid:1 src compid:1 msgid#:2=SYSTEM_TIME time_unix_usec:I can't print uint64_t's here time_boot_ms:792367626
mavlink_receive() - MSG RCVD - magic:254 seq:139 src sysid:1 src compid:1 msgid#:165=HWSTATUS Vcc:5104mV I2Cerr:0errors
mavlink_receive() - MSG RCVD - magic:254 seq:140 src sysid:1 src compid:1 msgid#:147=BATTERY_STATUS voltages[0]:13053 voltages[1]:65535 current_battery:0
mavlink_receive() - MSG RCVD - magic:254 seq:141 src sysid:1 src compid:1 msgid#:148=AUTOPILOT_VERSION vendor_id:0 product_id:0
mavlink_receive() - MSG RCVD - magic:254 seq:142 src sysid:1 src compid:1 msgid#:0=HEARTBEAT FlightMode:4 Type:11 Autopilot:3 BaseMode:1 CustomMode:4 SystemStatus:5 MavlinkVersion:3
mavlink_receive() - MSG RCVD - magic:254 seq:143 src sysid:1 src compid:1 msgid#:36
mavlink_receive() - MSG RCVD - magic:254 seq:144 src sysid:1 src compid:1 msgid#:65
mavlink_receive() - MSG RCVD - magic:254 seq:145 src sysid:1 src compid:1 msgid#:35
mavlink_receive() - MSG RCVD - magic:254 seq:104 src sysid:1 src compid:0 msgid#:0=HEARTBEAT FlightMode:0 Type:27 Autopilot:8 BaseMode:4 CustomMode:0 SystemStatus:4 MavlinkVersion:3
mavlink_receive() - MSG RCVD - magic:254 seq:146 src sysid:1 src compid:1 msgid#:36
mavlink_receive() - MSG RCVD - magic:254 seq:147 src sysid:1 src compid:1 msgid#:65
mavlink_receive() - MSG RCVD - magic:254 seq:148 src sysid:1 src compid:1 msgid#:35
mavlink_receive() - MSG RCVD - magic:254 seq:149 src sysid:1 src compid:1 msgid#:33=GLOBAL_POSITION_INT TimeSinceBoot:792368626mS LAT:0degE7 LON:0degE7 MSL_ALT:-48250mm REL_ALT:-48251mm VelX:0cm/s VelY:0cm/s VelZ:0cm/s Heading:16760cdeg
mavlink_receive() - MSG RCVD - magic:254 seq:150 src sysid:1 src compid:1 msgid#:1=SYS_STATUS onboard_control_sensors_present:321969199 onboard_control_sensors_enabled:320864303 onboard_control_sensors_health:303071535 load:71
mavlink_receive() - MSG RCVD - magic:254 seq:151 src sysid:1 src compid:1 msgid#:125=POWER_STATUS Vcc:5118mV Vservo:5022mV flags:3
mavlink_receive() - MSG RCVD - magic:254 seq:152 src sysid:1 src compid:1 msgid#:24=GPS_RAW_INT Time:0h:0m:0s FixType:1 Latitude:0 Longitude:0 GroundSpeed:0 CoG(deg):0 SatsVisible:0
mavlink_receive() - MSG RCVD - magic:254 seq:153 src sysid:1 src compid:1 msgid#:2=SYSTEM_TIME time_unix_usec:I can't print uint64_t's here time_boot_ms:792368626
mavlink_receive() - MSG RCVD - magic:254 seq:154 src sysid:1 src compid:1 msgid#:165=HWSTATUS Vcc:5118mV I2Cerr:0errors
mavlink_receive() - MSG RCVD - magic:254 seq:155 src sysid:1 src compid:1 msgid#:147=BATTERY_STATUS voltages[0]:13190 voltages[1]:65535 current_battery:52
mavlink_receive() - MSG RCVD - magic:254 seq:156 src sysid:1 src compid:1 msgid#:148=AUTOPILOT_VERSION vendor_id:0 product_id:0
mavlink_receive() - MSG RCVD - magic:254 seq:67 src sysid:255 src compid:190 msgid#:0=HEARTBEAT FlightMode:0 Type:6 Autopilot:8 BaseMode:0 CustomMode:0 SystemStatus:0 MavlinkVersion:3
mavlink_receive() - MSG RCVD - magic:254 seq:157 src sysid:1 src compid:1 msgid#:0=HEARTBEAT FlightMode:4 Type:11 Autopilot:3 BaseMode:1 CustomMode:4 SystemStatus:5 MavlinkVersion:3
mavlink_receive() - MSG RCVD - magic:254 seq:158 src sysid:1 src compid:1 msgid#:36
mavlink_receive() - MSG RCVD - magic:254 seq:159 src sysid:1 src compid:1 msgid#:65
mavlink_receive() - MSG RCVD - magic:254 seq:160 src sysid:1 src compid:1 msgid#:35
mavlink_receive() - MSG RCVD - magic:254 seq:161 src sysid:1 src compid:1 msgid#:111
mavlink_receive() - MSG RCVD - magic:254 seq:106 src sysid:1 src compid:0 msgid#:0=HEARTBEAT FlightMode:0 Type:27 Autopilot:8 BaseMode:4 CustomMode:0 SystemStatus:4 MavlinkVersion:3
mavlink_receive() - MSG RCVD - magic:254 seq:162 src sysid:1 src compid:1 msgid#:36
mavlink_receive() - MSG RCVD - magic:254 seq:163 src sysid:1 src compid:1 msgid#:65
mavlink_receive() - MSG RCVD - magic:254 seq:164 src sysid:1 src compid:1 msgid#:35
mavlink_receive() - MSG RCVD - magic:254 seq:165 src sysid:1 src compid:1 msgid#:33=GLOBAL_POSITION_INT TimeSinceBoot:792369626mS LAT:0degE7 LON:0degE7 MSL_ALT:-48440mm REL_ALT:-48449mm VelX:0cm/s VelY:0cm/s VelZ:0cm/s Heading:16758cdeg
mavlink_receive() - MSG RCVD - magic:254 seq:166 src sysid:1 src compid:1 msgid#:1=SYS_STATUS onboard_control_sensors_present:321969199 onboard_control_sensors_enabled:320864303 onboard_control_sensors_health:303071535 load:71
mavlink_receive() - MSG RCVD - magic:254 seq:167 src sysid:1 src compid:1 msgid#:125=POWER_STATUS Vcc:5120mV Vservo:5017mV flags:3
mavlink_receive() - MSG RCVD - magic:254 seq:168 src sysid:1 src compid:1 msgid#:24=GPS_RAW_INT Time:0h:0m:0s FixType:1 Latitude:0 Longitude:0 GroundSpeed:0 CoG(deg):0 SatsVisible:0
mavlink_receive() - MSG RCVD - magic:254 seq:169 src sysid:1 src compid:1 msgid#:2=SYSTEM_TIME time_unix_usec:I can't print uint64_t's here time_boot_ms:792369626
mavlink_receive() - MSG RCVD - magic:254 seq:170 src sysid:1 src compid:1 msgid#:165=HWSTATUS Vcc:5120mV I2Cerr:0errors
mavlink_receive() - MSG RCVD - magic:254 seq:171 src sysid:1 src compid:1 msgid#:147=BATTERY_STATUS voltages[0]:13049 voltages[1]:65535 current_battery:0
mavlink_receive() - MSG RCVD - magic:254 seq:172 src sysid:1 src compid:1 msgid#:148=AUTOPILOT_VERSION vendor_id:0 product_id:0
mavlink_receive() - MSG RCVD - magic:254 seq:69 src sysid:255 src compid:190 msgid#:0=HEARTBEAT FlightMode:0 Type:6 Autopilot:8 BaseMode:0 CustomMode:0 SystemStatus:0 MavlinkVersion:3
mavlink_receive() - MSG RCVD - magic:254 seq:173 src sysid:1 src compid:1 msgid#:0=HEARTBEAT FlightMode:4 Type:11 Autopilot:3 BaseMode:1 CustomMode:4 SystemStatus:5 MavlinkVersion:3
mavlink_receive() - MSG RCVD - magic:254 seq:174 src sysid:1 src compid:1 msgid#:36
mavlink_receive() - MSG RCVD - magic:254 seq:175 src sysid:1 src compid:1 msgid#:65
mavlink_receive() - MSG RCVD - magic:254 seq:176 src sysid:1 src compid:1 msgid#:35
mavlink_receive() - MSG RCVD - magic:254 seq:108 src sysid:1 src compid:0 msgid#:0=HEARTBEAT FlightMode:0 Type:27 Autopilot:8 BaseMode:4 CustomMode:0 SystemStatus:4 MavlinkVersion:3
mavlink_receive() - MSG RCVD - magic:254 seq:177 src sysid:1 src compid:1 msgid#:36
mavlink_receive() - MSG RCVD - magic:254 seq:178 src sysid:1 src compid:1 msgid#:65
mavlink_receive() - MSG RCVD - magic:254 seq:179 src sysid:1 src compid:1 msgid#:35
case_rx_from_autopilot() - Done RX - ending at Millis:69867
case_heartbeat_to_autopilot() - Time to execute.
mavlink_fmx_send_heartbeat_to_ap() - Executing
case_heartbeat_to_autopilot() - Time to execute.
mavlink_fmx_send_heartbeat_to_ap() - Executing
| CBP_PACKETTYPE = CBP_PF_CHARGER1_PID
| Value = 65535
| CBP_PACKETTYPE = CBP_PF_CHARGER1_FW
| Value = 666
| CBP_PACKETTYPE = CBP_PF_CHARGER1_V
| Value = 13280
| CBP_PACKETTYPE = CBP_PF_CHARGER1_I
| Value = -10
| CBP_PACKETTYPE = CBP_PF_CHARGER1_VPV
| Value = 16600
| CBP_PACKETTYPE = CBP_PF_CHARGER1_PPV
| Value = 2
| CBP_PACKETTYPE = CBP_PF_CHARGER1_CS
| Value = 3
| CBP_PACKETTYPE = CBP_PF_CHARGER1_ERR
| Value = 0
| CBP_PACKETTYPE = CBP_PF_CHARGER1_LOAD
| Value = 100
| CBP_PACKETTYPE = CBP_PF_CHARGER1_IL
| Value = 200
| CBP_PACKETTYPE = CBP_PF_CHARGER1_H19
| Value = 543
| CBP_PACKETTYPE = CBP_PF_CHARGER1_H20
| Value = 10
| CBP_PACKETTYPE = CBP_PF_CHARGER1_H21
| Value = 48
| CBP_PACKETTYPE = CBP_PF_CHARGER1_H22
| Value = 17
| CBP_PACKETTYPE = CBP_PF_CHARGER1_VPV
| Value = 46
| CBP_PACKETTYPE = CBP_PF_CHARGER1_HSDS
| Value = 96
| CBP_PACKETTYPE = CBP_PF_CHARGER1_MPPT
| Value = 2
| CBP_PACKETTYPE = CBP_PF_CHARGER2_PID
| Value = 65535
| CBP_PACKETTYPE = CBP_PF_CHARGER2_FW
| Value = 666
| CBP_PACKETTYPE = CBP_PF_CHARGER2_V
| Value = 13130
| CBP_PACKETTYPE = CBP_PF_CHARGER2_I
| Value = 0
| CBP_PACKETTYPE = CBP_PF_CHARGER2_VPV
| Value = 13040
case_heartbeat_to_autopilot() - Time to execute.
mavlink_fmx_send_heartbeat_to_ap() - Executing
| CBP_PACKETTYPE = CBP_PF_CHARGER2_PPV
| Value = 0
| CBP_PACKETTYPE = CBP_PF_CHARGER2_CS
| Value = 0
| CBP_PACKETTYPE = CBP_PF_CHARGER2_ERR
| Value = 0
| CBP_PACKETTYPE = CBP_PF_CHARGER2_LOAD
| Value = 100
| CBP_PACKETTYPE = CBP_PF_CHARGER2_IL
| Value = 0
| CBP_PACKETTYPE = CBP_PF_CHARGER2_H19
| Value = 64
| CBP_PACKETTYPE = CBP_PF_CHARGER2_H20
| Value = 0
| CBP_PACKETTYPE = CBP_PF_CHARGER2_H21
| Value = 0
| CBP_PACKETTYPE = CBP_PF_CHARGER2_H22
| Value = 5
| CBP_PACKETTYPE = CBP_PF_CHARGER2_VPV
| Value = 19
| CBP_PACKETTYPE = CBP_PF_CHARGER2_HSDS
| Value = 90
| CBP_PACKETTYPE = CBP_PF_CHARGER2_MPPT
| Value = 0
case_rx_from_autopilot() - Time to execute.
mavlink_unrequest_datastream() - Executing
case_rx_from_autopilot() - ATTEMPTING RX - starting at Millis:128159
mavlink_receive() - MSG RCVD - magic:254 seq:180 src sysid:1 src compid:1 msgid#:33=GLOBAL_POSITION_INT TimeSinceBoot:792370626mS LAT:0degE7 LON:0degE7 MSL_ALT:-48490mm REL_ALT:-48495mm VelX:0cm/s VelY:0cm/s VelZ:0cm/s Heading:16758cdeg
mavlink_receive() - MSG RCVD - magic:254 seq:181 src sysid:1 src compid:1 msgid#:1=SYS_STATUS onboard_control_sensors_present:321969199 onboard_control_sensors_enabled:320864303 onboard_control_sensors_health:303071535 load:71
mavlink_receive() - MSG RCVD - magic:254 seq:182 src sysid:1 src compid:1 msgid#:125=POWER_STATUS Vcc:5108mV Vservo:5022mV flags:3
mavlink_receive() - MSG RCVD - magic:254 seq:183 src sysid:1 src compid:1 msgid#:24=GPS_RAW_INT Time:0h:0m:0s FixType:1 Latitude:0 Longitude:0 GroundSpeed:0 CoG(deg):0 SatsVisible:0
mavlink_receive() - MSG RCVD - magic:254 seq:184 src sysid:1 src compid:1 msgid#:2=SYSTEM_TIME time_unix_usec:I can't print uint64_t's here time_boot_ms:792370626
mavlink_receive() - MSG RCVD - magic:254 seq:185 src sysid:1 src compid:1 msgid#:165=HWSTATUS Vcc:5108mV I2Cerr:0errors
mavlink_receive() - MSG RCVD - magic:254 seq:186 src sysid:1 src compid:1 msgid#:147=BATTERY_STATUS voltages[0]:13162 voltages[1]:65535 current_battery:60
mavlink_receive() - MSG RCVD - magic:254 seq:187 src sysid:1 src compid:1 msgid#:148=AUTOPILOT_VERSION vendor_id:0 product_id:0
mavlink_receive() - MSG RCVD - magic:254 seq:71 src sysid:255 src compid:190 msgid#:0=HEARTBEAT FlightMode:0 Type:6 Autopilot:8 BaseMode:0 CustomMode:0 SystemStatus:0 MavlinkVersion:3
mavlink_receive() - MSG RCVD - magic:254 seq:188 src sysid:1 src compid:1 msgid#:0=HEARTBEAT FlightMode:4 Type:11 Autopilot:3 BaseMode:1 CustomMode:4 SystemStatus:5 MavlinkVersion:3
mavlink_receive() - MSG RCVD - magic:254 seq:44 src sysid:1 src compid:1 msgid#:1=SYS_STATUS onboard_control_sensors_present:321969199 onboard_control_sensors_enabled:320864303 onboard_control_sensors_health:303071535 load:71
mavlink_receive() - MSG RCVD - magic:254 seq:45 src sysid:1 src compid:1 msgid#:125=POWER_STATUS Vcc:5107mV Vservo:5024mV flags:3
mavlink_receive() - MSG RCVD - magic:254 seq:46 src sysid:1 src compid:1 msgid#:24=GPS_RAW_INT Time:0h:0m:0s FixType:1 Latitude:0 Longitude:0 GroundSpeed:0 CoG(deg):0 SatsVisible:0
mavlink_receive() - MSG RCVD - magic:254 seq:47 src sysid:1 src compid:1 msgid#:2=SYSTEM_TIME time_unix_usec:I can't print uint64_t's here time_boot_ms:792428626
mavlink_receive() - MSG RCVD - magic:254 seq:48 src sysid:1 src compid:1 msgid#:165=HWSTATUS Vcc:5107mV I2Cerr:0errors
mavlink_receive() - MSG RCVD - magic:254 seq:49 src sysid:1 src compid:1 msgid#:147=BATTERY_STATUS voltages[0]:13146 voltages[1]:65535 current_battery:59
mavlink_receive() - MSG RCVD - magic:254 seq:50 src sysid:1 src compid:1 msgid#:148=AUTOPILOT_VERSION vendor_id:0 product_id:0
mavlink_receive() - MSG RCVD - magic:254 seq:5 src sysid:255 src compid:190 msgid#:0=HEARTBEAT FlightMode:0 Type:6 Autopilot:8 BaseMode:0 CustomMode:0 SystemStatus:0 MavlinkVersion:3
mavlink_receive() - MSG RCVD - magic:254 seq:51 src sysid:1 src compid:1 msgid#:0=HEARTBEAT FlightMode:4 Type:11 Autopilot:3 BaseMode:1 CustomMode:4 SystemStatus:5 MavlinkVersion:3
mavlink_receive() - MSG RCVD - magic:254 seq:52 src sysid:1 src compid:1 msgid#:36
mavlink_receive() - MSG RCVD - magic:254 seq:53 src sysid:1 src compid:1 msgid#:65
mavlink_receive() - MSG RCVD - magic:254 seq:54 src sysid:1 src compid:1 msgid#:35
mavlink_receive() - MSG RCVD - magic:254 seq:226 src sysid:1 src compid:0 msgid#:0=HEARTBEAT FlightMode:0 Type:27 Autopilot:8 BaseMode:4 CustomMode:0 SystemStatus:4 MavlinkVersion:3
mavlink_receive() - MSG RCVD - magic:254 seq:55 src sysid:1 src compid:1 msgid#:111
mavlink_receive() - MSG RCVD - magic:254 seq:56 src sysid:1 src compid:1 msgid#:36
mavlink_receive() - MSG RCVD - magic:254 seq:57 src sysid:1 src compid:1 msgid#:65
mavlink_receive() - MSG RCVD - magic:254 seq:58 src sysid:1 src compid:1 msgid#:35
mavlink_receive() - MSG RCVD - magic:254 seq:59 src sysid:1 src compid:1 msgid#:33=GLOBAL_POSITION_INT TimeSinceBoot:792429626mS LAT:0degE7 LON:0degE7 MSL_ALT:-48340mm REL_ALT:-48342mm VelX:0cm/s VelY:0cm/s VelZ:0cm/s Heading:16756cdeg
mavlink_receive() - MSG RCVD - magic:254 seq:60 src sysid:1 src compid:1 msgid#:1=SYS_STATUS onboard_control_sensors_present:321969199 onboard_control_sensors_enabled:320864303 onboard_control_sensors_health:303071535 load:71
mavlink_receive() - MSG RCVD - magic:254 seq:61 src sysid:1 src compid:1 msgid#:125=POWER_STATUS Vcc:5105mV Vservo:5017mV flags:3
mavlink_receive() - MSG RCVD - magic:254 seq:62 src sysid:1 src compid:1 msgid#:24=GPS_RAW_INT Time:0h:0m:0s FixType:1 Latitude:0 Longitude:0 GroundSpeed:0 CoG(deg):0 SatsVisible:0
mavlink_receive() - MSG RCVD - magic:254 seq:63 src sysid:1 src compid:1 msgid#:2=SYSTEM_TIME time_unix_usec:I can't print uint64_t's here time_boot_ms:792429626
mavlink_receive() - MSG RCVD - magic:254 seq:64 src sysid:1 src compid:1 msgid#:165=HWSTATUS Vcc:5105mV I2Cerr:0errors
mavlink_receive() - MSG RCVD - magic:254 seq:65 src sysid:1 src compid:1 msgid#:147=BATTERY_STATUS voltages[0]:13055 voltages[1]:65535 current_battery:0
mavlink_receive() - MSG RCVD - magic:254 seq:66 src sysid:1 src compid:1 msgid#:148=AUTOPILOT_VERSION vendor_id:0 product_id:0
mavlink_receive() - MSG RCVD - magic:254 seq:7 src sysid:255 src compid:190 msgid#:0=HEARTBEAT FlightMode:0 Type:6 Autopilot:8 BaseMode:0 CustomMode:0 SystemStatus:0 MavlinkVersion:3
mavlink_receive() - MSG RCVD - magic:254 seq:67 src sysid:1 src compid:1 msgid#:0=HEARTBEAT FlightMode:4 Type:11 Autopilot:3 BaseMode:1 CustomMode:4 SystemStatus:5 MavlinkVersion:3
mavlink_receive() - MSG RCVD - magic:254 seq:68 src sysid:1 src compid:1 msgid#:36
mavlink_receive() - MSG RCVD - magic:254 seq:69 src sysid:1 src compid:1 msgid#:65
mavlink_receive() - MSG RCVD - magic:254 seq:70 src sysid:1 src compid:1 msgid#:35
mavlink_receive() - MSG RCVD - magic:254 seq:228 src sysid:1 src compid:0 msgid#:0=HEARTBEAT FlightMode:0 Type:27 Autopilot:8 BaseMode:4 CustomMode:0 SystemStatus:4 MavlinkVersion:3
mavlink_receive() - MSG RCVD - magic:254 seq:71 src sysid:1 src compid:1 msgid#:36
mavlink_receive() - MSG RCVD - magic:254 seq:72 src sysid:1 src compid:1 msgid#:65
mavlink_receive() - MSG RCVD - magic:254 seq:73 src sysid:1 src compid:1 msgid#:35
mavlink_receive() - MSG RCVD - magic:254 seq:9 src sysid:255 src compid:190 msgid#:0=HEARTBEAT FlightMode:0 Type:6 Autopilot:8 BaseMode:0 CustomMode:0 SystemStatus:0 MavlinkVersion:3
mavlink_receive() - MSG RCVD - magic:254 seq:74 src sysid:1 src compid:1 msgid#:33=GLOBAL_POSITION_INT TimeSinceBoot:792430626mS LAT:0degE7 LON:0degE7 MSL_ALT:-48160mm REL_ALT:-48161mm VelX:0cm/s VelY:0cm/s VelZ:0cm/s Heading:16751cdeg
mavlink_receive() - MSG RCVD - magic:254 seq:75 src sysid:1 src compid:1 msgid#:1=SYS_STATUS onboard_control_sensors_present:321969199 onboard_control_sensors_enabled:320864303 onboard_control_sensors_health:303071535 load:72
mavlink_receive() - MSG RCVD - magic:254 seq:76 src sysid:1 src compid:1 msgid#:125=POWER_STATUS Vcc:5125mV Vservo:5022mV flags:3
mavlink_receive() - MSG RCVD - magic:254 seq:77 src sysid:1 src compid:1 msgid#:24=GPS_RAW_INT Time:0h:0m:0s FixType:1 Latitude:0 Longitude:0 GroundSpeed:0 CoG(deg):0 SatsVisible:0
mavlink_receive() - MSG RCVD - magic:254 seq:78 src sysid:1 src compid:1 msgid#:2=SYSTEM_TIME time_unix_usec:I can't print uint64_t's here time_boot_ms:792430626
mavlink_receive() - MSG RCVD - magic:254 seq:79 src sysid:1 src compid:1 msgid#:165=HWSTATUS Vcc:5125mV I2Cerr:0errors
mavlink_receive() - MSG RCVD - magic:254 seq:80 src sysid:1 src compid:1 msgid#:147=BATTERY_STATUS voltages[0]:13162 voltages[1]:65535 current_battery:56
mavlink_receive() - MSG RCVD - magic:254 seq:81 src sysid:1 src compid:1 msgid#:148=AUTOPILOT_VERSION vendor_id:0 product_id:0
mavlink_receive() - MSG RCVD - magic:254 seq:82 src sysid:1 src compid:1 msgid#:0=HEARTBEAT FlightMode:4 Type:11 Autopilot:3 BaseMode:1 CustomMode:4 SystemStatus:5 MavlinkVersion:3
mavlink_receive() - MSG RCVD - magic:254 seq:83 src sysid:1 src compid:1 msgid#:36
mavlink_receive() - MSG RCVD - magic:254 seq:84 src sysid:1 src compid:1 msgid#:65
mavlink_receive() - MSG RCVD - magic:254 seq:85 src sysid:1 src compid:1 msgid#:35
mavlink_receive() - MSG RCVD - magic:254 seq:230 src sysid:1 src compid:0 msgid#:0=HEARTBEAT FlightMode:0 Type:27 Autopilot:8 BaseMode:4 CustomMode:0 SystemStatus:4 MavlinkVersion:3
mavlink_receive() - MSG RCVD - magic:254 seq:86 src sysid:1 src compid:1 msgid#:36
mavlink_receive() - MSG RCVD - magic:254 seq:87 src sysid:1 src compid:1 msgid#:65
mavlink_receive() - MSG RCVD - magic:254 seq:88 src sysid:1 src compid:1 msgid#:35
case_rx_from_autopilot() - Done RX - ending at Millis:131159
case_tx_to_agt() - Time to execute
sendSharedSettings_to_AGT() - starting
sendSharedSettings_to_AGT() - FMX about to SerialTransfer sendDatum() to AGT
sendSharedSettings_to_AGT() - FMX to AGT transfer finished - numbytessent:208
case_tx_to_agt() - finished
case_heartbeat_to_autopilot() - Time to execute.
mavlink_fmx_send_heartbeat_to_ap() - Executing
case_rx_from_agt() - FMX received a Datum from the AGT
case_heartbeat_to_autopilot() - Time to execute.
mavlink_fmx_send_heartbeat_to_ap() - Executing
case_heartbeat_to_autopilot() - Time to execute.
mavlink_fmx_send_heartbeat_to_ap() - Executing
case_rx_from_autopilot() - Time to execute.
mavlink_unrequest_datastream() - Executing
case_rx_from_autopilot() - ATTEMPTING RX - starting at Millis:189409
mavlink_receive() - MSG RCVD - magic:254 seq:89 src sysid:1 src compid:1 msgid#:33=GLOBAL_POSITION_INT TimeSinceBoot:792431626mS LAT:0degE7 LON:0degE7 MSL_ALT:-48170mm REL_ALT:-48178mm VelX:0cm/s VelY:0cm/s VelZ:0cm/s Heading:16754cdeg
mavlink_receive() - MSG RCVD - magic:254 seq:90 src sysid:1 src compid:1 msgid#:1=SYS_STATUS onboard_control_sensors_present:321969199 onboard_control_sensors_enabled:320864303 onboard_control_sensors_health:303071535 load:71
mavlink_receive() - MSG RCVD - magic:254 seq:91 src sysid:1 src compid:1 msgid#:125=POWER_STATUS Vcc:5111mV Vservo:5017mV flags:3
mavlink_receive() - MSG RCVD - magic:254 seq:92 src sysid:1 src compid:1 msgid#:24=GPS_RAW_INT Time:0h:0m:0s FixType:1 Latitude:0 Longitude:0 GroundSpeed:0 CoG(deg):0 SatsVisible:0
mavlink_receive() - MSG RCVD - magic:254 seq:93 src sysid:1 src compid:1 msgid#:2=SYSTEM_TIME time_unix_usec:I can't print uint64_t's here time_boot_ms:792431626
mavlink_receive() - MSG RCVD - magic:254 seq:94 src sysid:1 src compid:1 msgid#:165=HWSTATUS Vcc:5111mV I2Cerr:0errors
mavlink_receive() - MSG RCVD - magic:254 seq:95 src sysid:1 src compid:1 msgid#:147=BATTERY_STATUS voltages[0]:13060 voltages[1]:65535 current_battery:0
mavlink_receive() - MSG RCVD - magic:254 seq:96 src sysid:1 src compid:1 msgid#:148=AUTOPILOT_VERSION vendor_id:0 product_id:0
mavlink_receive() - MSG RCVD - magic:254 seq:11 src sysid:255 src compid:190 msgid#:0=HEARTBEAT FlightMode:0 Type:6 Autopilot:8 BaseMode:0 CustomMode:0 SystemStatus:0 MavlinkVersion:3
mavlink_receive() - MSG RCVD - magic:254 seq:97 src sysid:1 src compid:1 msgid#:0=HEARTBEAT FlightMode:4 Type:11 Autopilot:3 BaseMode:1 CustomMode:4 SystemStatus:5 MavlinkVersion:3
mavlink_receive() - MSG RCVD - magic:254 seq:195 src sysid:255 src compid:190 msgid#:0=HEARTBEAT FlightMode:0 Type:6 Autopilot:8 BaseMode:0 CustomMode:0 SystemStatus:0 MavlinkVersion:3
mavlink_receive() - MSG RCVD - magic:254 seq:217 src sysid:1 src compid:1 msgid#:0=HEARTBEAT FlightMode:4 Type:11 Autopilot:3 BaseMode:1 CustomMode:4 SystemStatus:5 MavlinkVersion:3
mavlink_receive() - MSG RCVD - magic:254 seq:218 src sysid:1 src compid:1 msgid#:36
mavlink_receive() - MSG RCVD - magic:254 seq:219 src sysid:1 src compid:1 msgid#:65
mavlink_receive() - MSG RCVD - magic:254 seq:220 src sysid:1 src compid:1 msgid#:35
mavlink_receive() - MSG RCVD - magic:254 seq:92 src sysid:1 src compid:0 msgid#:0=HEARTBEAT FlightMode:0 Type:27 Autopilot:8 BaseMode:4 CustomMode:0 SystemStatus:4 MavlinkVersion:3
mavlink_receive() - MSG RCVD - magic:254 seq:221 src sysid:1 src compid:1 msgid#:36
mavlink_receive() - MSG RCVD - magic:254 seq:222 src sysid:1 src compid:1 msgid#:65
mavlink_receive() - MSG RCVD - magic:254 seq:223 src sysid:1 src compid:1 msgid#:35
mavlink_receive() - MSG RCVD - magic:254 seq:224 src sysid:1 src compid:1 msgid#:33=GLOBAL_POSITION_INT TimeSinceBoot:792490626mS LAT:0degE7 LON:0degE7 MSL_ALT:-48170mm REL_ALT:-48178mm VelX:0cm/s VelY:0cm/s VelZ:0cm/s Heading:16768cdeg
mavlink_receive() - MSG RCVD - magic:254 seq:225 src sysid:1 src compid:1 msgid#:1=SYS_STATUS onboard_control_sensors_present:321969199 onboard_control_sensors_enabled:320864303 onboard_control_sensors_health:303071535 load:71
mavlink_receive() - MSG RCVD - magic:254 seq:226 src sysid:1 src compid:1 msgid#:125=POWER_STATUS Vcc:5105mV Vservo:5020mV flags:3
mavlink_receive() - MSG RCVD - magic:254 seq:227 src sysid:1 src compid:1 msgid#:24=GPS_RAW_INT Time:0h:0m:0s FixType:1 Latitude:0 Longitude:0 GroundSpeed:0 CoG(deg):0 SatsVisible:0
mavlink_receive() - MSG RCVD - magic:254 seq:228 src sysid:1 src compid:1 msgid#:2=SYSTEM_TIME time_unix_usec:I can't print uint64_t's here time_boot_ms:792490626
mavlink_receive() - MSG RCVD - magic:254 seq:229 src sysid:1 src compid:1 msgid#:165=HWSTATUS Vcc:5105mV I2Cerr:0errors
mavlink_receive() - MSG RCVD - magic:254 seq:230 src sysid:1 src compid:1 msgid#:147=BATTERY_STATUS voltages[0]:13172 voltages[1]:65535 current_battery:54
mavlink_receive() - MSG RCVD - magic:254 seq:231 src sysid:1 src compid:1 msgid#:148=AUTOPILOT_VERSION vendor_id:0 product_id:0
mavlink_receive() - MSG RCVD - magic:254 seq:232 src sysid:1 src compid:1 msgid#:0=HEARTBEAT FlightMode:4 Type:11 Autopilot:3 BaseMode:1 CustomMode:4 SystemStatus:5 MavlinkVersion:3
mavlink_receive() - MSG RCVD - magic:254 seq:233 src sysid:1 src compid:1 msgid#:36
mavlink_receive() - MSG RCVD - magic:254 seq:234 src sysid:1 src compid:1 msgid#:65
mavlink_receive() - MSG RCVD - magic:254 seq:235 src sysid:1 src compid:1 msgid#:35
mavlink_receive() - MSG RCVD - magic:254 seq:197 src sysid:255 src compid:190 msgid#:0=HEARTBEAT FlightMode:0 Type:6 Autopilot:8 BaseMode:0 CustomMode:0 SystemStatus:0 MavlinkVersion:3
mavlink_receive() - MSG RCVD - magic:254 seq:94 src sysid:1 src compid:0 msgid#:0=HEARTBEAT FlightMode:0 Type:27 Autopilot:8 BaseMode:4 CustomMode:0 SystemStatus:4 MavlinkVersion:3
mavlink_receive() - MSG RCVD - magic:254 seq:236 src sysid:1 src compid:1 msgid#:36
mavlink_receive() - MSG RCVD - magic:254 seq:237 src sysid:1 src compid:1 msgid#:65
mavlink_receive() - MSG RCVD - magic:254 seq:238 src sysid:1 src compid:1 msgid#:35
mavlink_receive() - MSG RCVD - magic:254 seq:239 src sysid:1 src compid:1 msgid#:33=GLOBAL_POSITION_INT TimeSinceBoot:792491626mS LAT:0degE7 LON:0degE7 MSL_ALT:-48380mm REL_ALT:-48381mm VelX:0cm/s VelY:0cm/s VelZ:0cm/s Heading:16769cdeg
mavlink_receive() - MSG RCVD - magic:254 seq:240 src sysid:1 src compid:1 msgid#:1=SYS_STATUS onboard_control_sensors_present:321969199 onboard_control_sensors_enabled:320864303 onboard_control_sensors_health:303071535 load:71
mavlink_receive() - MSG RCVD - magic:254 seq:241 src sysid:1 src compid:1 msgid#:125=POWER_STATUS Vcc:5098mV Vservo:5022mV flags:3
mavlink_receive() - MSG RCVD - magic:254 seq:242 src sysid:1 src compid:1 msgid#:24=GPS_RAW_INT Time:0h:0m:0s FixType:1 Latitude:0 Longitude:0 GroundSpeed:0 CoG(deg):0 SatsVisible:0
mavlink_receive() - MSG RCVD - magic:254 seq:243 src sysid:1 src compid:1 msgid#:2=SYSTEM_TIME time_unix_usec:I can't print uint64_t's here time_boot_ms:792491626
mavlink_receive() - MSG RCVD - magic:254 seq:244 src sysid:1 src compid:1 msgid#:165=HWSTATUS Vcc:5098mV I2Cerr:0errors
mavlink_receive() - MSG RCVD - magic:254 seq:245 src sysid:1 src compid:1 msgid#:147=BATTERY_STATUS voltages[0]:13041 voltages[1]:65535 current_battery:0
mavlink_receive() - MSG RCVD - magic:254 seq:246 src sysid:1 src compid:1 msgid#:148=AUTOPILOT_VERSION vendor_id:0 product_id:0
mavlink_receive() - MSG RCVD - magic:254 seq:199 src sysid:255 src compid:190 msgid#:0=HEARTBEAT FlightMode:0 Type:6 Autopilot:8 BaseMode:0 CustomMode:0 SystemStatus:0 MavlinkVersion:3
mavlink_receive() - MSG RCVD - magic:254 seq:247 src sysid:1 src compid:1 msgid#:0=HEARTBEAT FlightMode:4 Type:11 Autopilot:3 BaseMode:1 CustomMode:4 SystemStatus:5 MavlinkVersion:3
mavlink_receive() - MSG RCVD - magic:254 seq:248 src sysid:1 src compid:1 msgid#:36
mavlink_receive() - MSG RCVD - magic:254 seq:249 src sysid:1 src compid:1 msgid#:65
mavlink_receive() - MSG RCVD - magic:254 seq:250 src sysid:1 src compid:1 msgid#:35
mavlink_receive() - MSG RCVD - magic:254 seq:96 src sysid:1 src compid:0 msgid#:0=HEARTBEAT FlightMode:0 Type:27 Autopilot:8 BaseMode:4 CustomMode:0 SystemStatus:4 MavlinkVersion:3
mavlink_receive() - MSG RCVD - magic:254 seq:251 src sysid:1 src compid:1 msgid#:36
mavlink_receive() - MSG RCVD - magic:254 seq:252 src sysid:1 src compid:1 msgid#:65
mavlink_receive() - MSG RCVD - magic:254 seq:253 src sysid:1 src compid:1 msgid#:35
mavlink_receive() - MSG RCVD - magic:254 seq:200 src sysid:255 src compid:190 msgid#:66
mavlink_receive() - MSG RCVD - magic:254 seq:201 src sysid:255 src compid:190 msgid#:66
mavlink_receive() - MSG RCVD - magic:254 seq:202 src sysid:255 src compid:190 msgid#:66
mavlink_receive() - MSG RCVD - magic:254 seq:203 src sysid:255 src compid:190 msgid#:66
mavlink_receive() - MSG RCVD - magic:254 seq:204 src sysid:255 src compid:190 msgid#:66
mavlink_receive() - MSG RCVD - magic:254 seq:205 src sysid:255 src compid:190 msgid#:66
mavlink_receive() - MSG RCVD - magic:254 seq:206 src sysid:255 src compid:190 msgid#:66
mavlink_receive() - MSG RCVD - magic:254 seq:207 src sysid:255 src compid:190 msgid#:66
mavlink_receive() - MSG RCVD - magic:254 seq:208 src sysid:255 src compid:190 msgid#:66
mavlink_receive() - MSG RCVD - magic:254 seq:209 src sysid:255 src compid:190 msgid#:66
mavlink_receive() - MSG RCVD - magic:254 seq:210 src sysid:255 src compid:190 msgid#:66
mavlink_receive() - MSG RCVD - magic:254 seq:211 src sysid:255 src compid:190 msgid#:66
mavlink_receive() - MSG RCVD - magic:254 seq:212 src sysid:255 src compid:190 msgid#:66
mavlink_receive() - MSG RCVD - magic:254 seq:213 src sysid:255 src compid:190 msgid#:66
mavlink_receive() - MSG RCVD - magic:254 seq:254 src sysid:1 src compid:1 msgid#:33=GLOBAL_POSITION_INT TimeSinceBoot:792492626mS LAT:0degE7 LON:0degE7 MSL_ALT:-48150mm REL_ALT:-48155mm VelX:0cm/s VelY:0cm/s VelZ:0cm/s Heading:16770cdeg
mavlink_receive() - MSG RCVD - magic:254 seq:255 src sysid:1 src compid:1 msgid#:1=SYS_STATUS onboard_control_sensors_present:321969199 onboard_control_sensors_enabled:320864303 onboard_control_sensors_health:303071535 load:72
mavlink_receive() - MSG RCVD - magic:254 seq:0 src sysid:1 src compid:1 msgid#:125=POWER_STATUS Vcc:5108mV Vservo:5012mV flags:3
mavlink_receive() - MSG RCVD - magic:254 seq:1 src sysid:1 src compid:1 msgid#:24=GPS_RAW_INT Time:0h:0m:0s FixType:1 Latitude:0 Longitude:0 GroundSpeed:0 CoG(deg):0 SatsVisible:0
mavlink_receive() - MSG RCVD - magic:254 seq:2 src sysid:1 src compid:1 msgid#:2=SYSTEM_TIME time_unix_usec:I can't print uint64_t's here time_boot_ms:792492626
mavlink_receive() - MSG RCVD - magic:254 seq:3 src sysid:1 src compid:1 msgid#:165=HWSTATUS Vcc:5108mV I2Cerr:0errors
mavlink_receive() - MSG RCVD - magic:254 seq:4 src sysid:1 src compid:1 msgid#:147=BATTERY_STATUS voltages[0]:13189 voltages[1]:65535 current_battery:52
case_rx_from_autopilot() - Done RX - ending at Millis:192409
CANsendHello()
| CBP_PACKETTYPE = CBP_PF_CHARGER1_PID
| Value = 65535
| CBP_PACKETTYPE = CBP_PF_CHARGER1_FW
| Value = 666
| CBP_PACKETTYPE = CBP_PF_CHARGER1_V
| Value = 13280
| CBP_PACKETTYPE = CBP_PF_CHARGER1_I
| Value = -40
| CBP_PACKETTYPE = CBP_PF_CHARGER1_VPV
| Value = 17300
| CBP_PACKETTYPE = CBP_PF_CHARGER1_PPV
| Value = 2
| CBP_PACKETTYPE = CBP_PF_CHARGER1_CS
| Value = 3
| CBP_PACKETTYPE = CBP_PF_CHARGER1_H20
| Value = 10
| CBP_PACKETTYPE = CBP_PF_CHARGER1_H21
| Value = 48
| CBP_PACKETTYPE = CBP_PF_CHARGER1_H22
| Value = 17
| CBP_PACKETTYPE = CBP_PF_CHARGER1_VPV
| Value = 46
| CBP_PACKETTYPE = CBP_PF_CHARGER1_HSDS
| Value = 96
| CBP_PACKETTYPE = CBP_PF_CHARGER1_MPPT
| Value = 2
case_heartbeat_to_autopilot() - Time to execute.
mavlink_fmx_send_heartbeat_to_ap() - Executing
| CBP_PACKETTYPE = CBP_PF_CHARGER2_PID
| Value = 65535
| CBP_PACKETTYPE = CBP_PF_CHARGER2_FW
| Value = 666
| CBP_PACKETTYPE = CBP_PF_CHARGER2_V
| Value = 13130
| CBP_PACKETTYPE = CBP_PF_CHARGER2_I
| Value = 0
| CBP_PACKETTYPE = CBP_PF_CHARGER2_VPV
| Value = 13040
| CBP_PACKETTYPE = CBP_PF_CHARGER2_PPV
| Value = 0
| CBP_PACKETTYPE = CBP_PF_CHARGER2_CS
| Value = 0
| CBP_PACKETTYPE = CBP_PF_CHARGER2_ERR
| Value = 0
| CBP_PACKETTYPE = CBP_PF_CHARGER2_LOAD
| Value = 100
| CBP_PACKETTYPE = CBP_PF_CHARGER2_IL
| Value = 0
| CBP_PACKETTYPE = CBP_PF_CHARGER2_H19
| Value = 64
| CBP_PACKETTYPE = CBP_PF_CHARGER2_H20
| Value = 0
| CBP_PACKETTYPE = CBP_PF_CHARGER2_H21
| Value = 0
| CBP_PACKETTYPE = CBP_PF_CHARGER2_H22
| Value = 5
| CBP_PACKETTYPE = CBP_PF_CHARGER2_VPV
| Value = 19
| CBP_PACKETTYPE = CBP_PF_CHARGER2_HSDS
| Value = 90
| CBP_PACKETTYPE = CBP_PF_CHARGER2_MPPT
| Value = 0
case_heartbeat_to_autopilot() - Time to execute.
mavlink_fmx_send_heartbeat_to_ap() - Executing
case_heartbeat_to_autopilot() - Time to execute.
mavlink_fmx_send_heartbeat_to_ap() - Executing
case_rx_from_autopilot() - Time to execute.
mavlink_unrequest_datastream() - Executing
case_rx_from_autopilot() - ATTEMPTING RX - starting at Millis:250654
mavlink_receive() - MSG RCVD - magic:254 seq:5 src sysid:1 src compid:1 msgid#:148=AUTOPILOT_VERSION vendor_id:0 product_id:0
mavlink_receive() - MSG RCVD - magic:254 seq:215 src sysid:255 src compid:190 msgid#:0=HEARTBEAT FlightMode:0 Type:6 Autopilot:8 BaseMode:0 CustomMode:0 SystemStatus:0 MavlinkVersion:3
mavlink_receive() - MSG RCVD - magic:254 seq:6 src sysid:1 src compid:1 msgid#:0=HEARTBEAT FlightMode:4 Type:11 Autopilot:3 BaseMode:1 CustomMode:4 SystemStatus:5 MavlinkVersion:3
mavlink_receive() - MSG RCVD - magic:254 seq:7 src sysid:1 src compid:1 msgid#:36
mavlink_receive() - MSG RCVD - magic:254 seq:8 src sysid:1 src compid:1 msgid#:65
mavlink_receive() - MSG RCVD - magic:254 seq:9 src sysid:1 src compid:1 msgid#:35
mavlink_receive() - MSG RCVD - magic:254 seq:98 src sysid:1 src compid:0 msgid#:0=HEARTBEAT FlightMode:0 Type:27 Autopilot:8 BaseMode:4 CustomMode:0 SystemStatus:4 MavlinkVersion:3
mavlink_receive() - MSG RCVD - magic:254 seq:10 src sysid:1 src compid:1 msgid#:36
mavlink_receive() - MSG RCVD - magic:254 seq:11 src sysid:1 src compid:1 msgid#:65
mavlink_receive() - MSG RCVD - magic:254 seq:12 src sysid:1 src compid:1 msgid#:35
mavlink_receive() - MSG RCVD - magic:254 seq:130 src sysid:255 src compid:190 msgid#:66
mavlink_receive() - MSG RCVD - magic:254 seq:131 src sysid:255 src compid:190 msgid#:66
mavlink_receive() - MSG RCVD - magic:254 seq:132 src sysid:255 src compid:190 msgid#:66
mavlink_receive() - MSG RCVD - magic:254 seq:133 src sysid:255 src compid:190 msgid#:66
mavlink_receive() - MSG RCVD - magic:254 seq:134 src sysid:255 src compid:190 msgid#:66
mavlink_receive() - MSG RCVD - magic:254 seq:135 src sysid:255 src compid:190 msgid#:66
mavlink_receive() - MSG RCVD - magic:254 seq:136 src sysid:255 src compid:190 msgid#:66
mavlink_receive() - MSG RCVD - magic:254 seq:137 src sysid:255 src compid:190 msgid#:66
mavlink_receive() - MSG RCVD - magic:254 seq:138 src sysid:255 src compid:190 msgid#:66
mavlink_receive() - MSG RCVD - magic:254 seq:139 src sysid:255 src compid:190 msgid#:66
mavlink_receive() - MSG RCVD - magic:254 seq:140 src sysid:255 src compid:190 msgid#:66
mavlink_receive() - MSG RCVD - magic:254 seq:130 src sysid:1 src compid:1 msgid#:36
mavlink_receive() - MSG RCVD - magic:254 seq:131 src sysid:1 src compid:1 msgid#:65
mavlink_receive() - MSG RCVD - magic:254 seq:141 src sysid:255 src compid:190 msgid#:66
mavlink_receive() - MSG RCVD - magic:254 seq:142 src sysid:255 src compid:190 msgid#:66
mavlink_receive() - MSG RCVD - magic:254 seq:143 src sysid:255 src compid:190 msgid#:66
mavlink_receive() - MSG RCVD - magic:254 seq:132 src sysid:1 src compid:1 msgid#:35
mavlink_receive() - MSG RCVD - magic:254 seq:145 src sysid:255 src compid:190 msgid#:0=HEARTBEAT FlightMode:0 Type:6 Autopilot:8 BaseMode:0 CustomMode:0 SystemStatus:0 MavlinkVersion:3
mavlink_receive() - MSG RCVD - magic:254 seq:133 src sysid:1 src compid:1 msgid#:33=GLOBAL_POSITION_INT TimeSinceBoot:792551626mS LAT:0degE7 LON:0degE7 MSL_ALT:-47750mm REL_ALT:-47754mm VelX:0cm/s VelY:0cm/s VelZ:0cm/s Heading:16747cdeg
mavlink_receive() - MSG RCVD - magic:254 seq:134 src sysid:1 src compid:1 msgid#:1=SYS_STATUS onboard_control_sensors_present:321969199 onboard_control_sensors_enabled:320864303 onboard_control_sensors_health:303071535 load:71
mavlink_receive() - MSG RCVD - magic:254 seq:135 src sysid:1 src compid:1 msgid#:125=POWER_STATUS Vcc:5082mV Vservo:5017mV flags:3
mavlink_receive() - MSG RCVD - magic:254 seq:136 src sysid:1 src compid:1 msgid#:24=GPS_RAW_INT Time:0h:0m:0s FixType:1 Latitude:0 Longitude:0 GroundSpeed:0 CoG(deg):0 SatsVisible:0
mavlink_receive() - MSG RCVD - magic:254 seq:137 src sysid:1 src compid:1 msgid#:2=SYSTEM_TIME time_unix_usec:I can't print uint64_t's here time_boot_ms:792551626
mavlink_receive() - MSG RCVD - magic:254 seq:138 src sysid:1 src compid:1 msgid#:165=HWSTATUS Vcc:5082mV I2Cerr:0errors
mavlink_receive() - MSG RCVD - magic:254 seq:139 src sysid:1 src compid:1 msgid#:147=BATTERY_STATUS voltages[0]:13055 voltages[1]:65535 current_battery:0
mavlink_receive() - MSG RCVD - magic:254 seq:140 src sysid:1 src compid:1 msgid#:148=AUTOPILOT_VERSION vendor_id:0 product_id:0
mavlink_receive() - MSG RCVD - magic:254 seq:141 src sysid:1 src compid:1 msgid#:0=HEARTBEAT FlightMode:4 Type:11 Autopilot:3 BaseMode:1 CustomMode:4 SystemStatus:5 MavlinkVersion:3
mavlink_receive() - MSG RCVD - magic:254 seq:142 src sysid:1 src compid:1 msgid#:36
mavlink_receive() - MSG RCVD - magic:254 seq:143 src sysid:1 src compid:1 msgid#:65
mavlink_receive() - MSG RCVD - magic:254 seq:144 src sysid:1 src compid:1 msgid#:35
mavlink_receive() - MSG RCVD - magic:254 seq:216 src sysid:1 src compid:0 msgid#:0=HEARTBEAT FlightMode:0 Type:27 Autopilot:8 BaseMode:4 CustomMode:0 SystemStatus:4 MavlinkVersion:3
mavlink_receive() - MSG RCVD - magic:254 seq:145 src sysid:1 src compid:1 msgid#:36
mavlink_receive() - MSG RCVD - magic:254 seq:146 src sysid:1 src compid:1 msgid#:65
mavlink_receive() - MSG RCVD - magic:254 seq:147 src sysid:1 src compid:1 msgid#:35
mavlink_receive() - MSG RCVD - magic:254 seq:148 src sysid:1 src compid:1 msgid#:33=GLOBAL_POSITION_INT TimeSinceBoot:792552626mS LAT:0degE7 LON:0degE7 MSL_ALT:-47890mm REL_ALT:-47895mm VelX:0cm/s VelY:0cm/s VelZ:0cm/s Heading:16748cdeg
mavlink_receive() - MSG RCVD - magic:254 seq:149 src sysid:1 src compid:1 msgid#:1=SYS_STATUS onboard_control_sensors_present:321969199 onboard_control_sensors_enabled:320864303 onboard_control_sensors_health:303071535 load:70
mavlink_receive() - MSG RCVD - magic:254 seq:150 src sysid:1 src compid:1 msgid#:125=POWER_STATUS Vcc:5121mV Vservo:5022mV flags:3
mavlink_receive() - MSG RCVD - magic:254 seq:151 src sysid:1 src compid:1 msgid#:24=GPS_RAW_INT Time:0h:0m:0s FixType:1 Latitude:0 Longitude:0 GroundSpeed:0 CoG(deg):0 SatsVisible:0
mavlink_receive() - MSG RCVD - magic:254 seq:152 src sysid:1 src compid:1 msgid#:2=SYSTEM_TIME time_unix_usec:I can't print uint64_t's here time_boot_ms:792552626
mavlink_receive() - MSG RCVD - magic:254 seq:153 src sysid:1 src compid:1 msgid#:165=HWSTATUS Vcc:5121mV I2Cerr:0errors
mavlink_receive() - MSG RCVD - magic:254 seq:154 src sysid:1 src compid:1 msgid#:147=BATTERY_STATUS voltages[0]:13113 voltages[1]:65535 current_battery:61
mavlink_receive() - MSG RCVD - magic:254 seq:155 src sysid:1 src compid:1 msgid#:148=AUTOPILOT_VERSION vendor_id:0 product_id:0
mavlink_receive() - MSG RCVD - magic:254 seq:147 src sysid:255 src compid:190 msgid#:0=HEARTBEAT FlightMode:0 Type:6 Autopilot:8 BaseMode:0 CustomMode:0 SystemStatus:0 MavlinkVersion:3
mavlink_receive() - MSG RCVD - magic:254 seq:156 src sysid:1 src compid:1 msgid#:0=HEARTBEAT FlightMode:4 Type:11 Autopilot:3 BaseMode:1 CustomMode:4 SystemStatus:5 MavlinkVersion:3
mavlink_receive() - MSG RCVD - magic:254 seq:157 src sysid:1 src compid:1 msgid#:36
mavlink_receive() - MSG RCVD - magic:254 seq:158 src sysid:1 src compid:1 msgid#:65
mavlink_receive() - MSG RCVD - magic:254 seq:159 src sysid:1 src compid:1 msgid#:35
mavlink_receive() - MSG RCVD - magic:254 seq:218 src sysid:1 src compid:0 msgid#:0=HEARTBEAT FlightMode:0 Type:27 Autopilot:8 BaseMode:4 CustomMode:0 SystemStatus:4 MavlinkVersion:3
mavlink_receive() - MSG RCVD - magic:254 seq:160 src sysid:1 src compid:1 msgid#:36
mavlink_receive() - MSG RCVD - magic:254 seq:161 src sysid:1 src compid:1 msgid#:65
mavlink_receive() - MSG RCVD - magic:254 seq:162 src sysid:1 src compid:1 msgid#:35
mavlink_receive() - MSG RCVD - magic:254 seq:163 src sysid:1 src compid:1 msgid#:33=GLOBAL_POSITION_INT TimeSinceBoot:792553626mS LAT:0degE7 LON:0degE7 MSL_ALT:-47950mm REL_ALT:-47958mm VelX:0cm/s VelY:0cm/s VelZ:0cm/s Heading:16751cdeg
mavlink_receive() - MSG RCVD - magic:254 seq:164 src sysid:1 src compid:1 msgid#:1=SYS_STATUS onboard_control_sensors_present:321969199 onboard_control_sensors_enabled:320864303 onboard_control_sensors_health:303071535 load:71
mavlink_receive() - MSG RCVD - magic:254 seq:165 src sysid:1 src compid:1 msgid#:125=POWER_STATUS Vcc:5122mV Vservo:5022mV flags:3
mavlink_receive() - MSG RCVD - magic:254 seq:166 src sysid:1 src compid:1 msgid#:24=GPS_RAW_INT Time:0h:0m:0s FixType:1 Latitude:0 Longitude:0 GroundSpeed:0 CoG(deg):0 SatsVisible:0
mavlink_receive() - MSG RCVD - magic:254 seq:167 src sysid:1 src compid:1 msgid#:2=SYSTEM_TIME time_unix_usec:I can't print uint64_t's here time_boot_ms:792553626
mavlink_receive() - MSG RCVD - magic:254 seq:168 src sysid:1 src compid:1 msgid#:165=HWSTATUS Vcc:5122mV I2Cerr:0errors
mavlink_receive() - MSG RCVD - magic:254 seq:169 src sysid:1 src compid:1 msgid#:147=BATTERY_STATUS voltages[0]:13052 voltages[1]:65535 current_battery:0
mavlink_receive() - MSG RCVD - magic:254 seq:170 src sysid:1 src compid:1 msgid#:148=AUTOPILOT_VERSION vendor_id:0 product_id:0
mavlink_receive() - MSG RCVD - magic:254 seq:149 src sysid:255 src compid:190 msgid#:0=HEARTBEAT FlightMode:0 Type:6 Autopilot:8 BaseMode:0 CustomMode:0 SystemStatus:0 MavlinkVersion:3
mavlink_receive() - MSG RCVD - magic:254 seq:171 src sysid:1 src compid:1 msgid#:0=HEARTBEAT FlightMode:4 Type:11 Autopilot:3 BaseMode:1 CustomMode:4 SystemStatus:5 MavlinkVersion:3
mavlink_receive() - MSG RCVD - magic:254 seq:172 src sysid:1 src compid:1 msgid#:36
mavlink_receive() - MSG RCVD - magic:254 seq:173 src sysid:1 src compid:1 msgid#:65
mavlink_receive() - MSG RCVD - magic:254 seq:174 src sysid:1 src compid:1 msgid#:35
case_rx_from_autopilot() - Done RX - ending at Millis:253654
case_rx_from_agt() - FMX received a Datum from the AGT
case_tx_to_agt() - Time to execute
sendSharedSettings_to_AGT() - starting
sendSharedSettings_to_AGT() - FMX about to SerialTransfer sendDatum() to AGT
sendSharedSettings_to_AGT() - FMX to AGT transfer finished - numbytessent:208
case_tx_to_agt() - finished
case_heartbeat_to_autopilot() - Time to execute.
mavlink_fmx_send_heartbeat_to_ap() - Executing
| CBP_PACKETTYPE = CBP_PF_CHARGER1_PID
| Value = 65535
| CBP_PACKETTYPE = CBP_PF_CHARGER1_FW
| Value = 666
| CBP_PACKETTYPE = CBP_PF_CHARGER1_V
| Value = 13280
| CBP_PACKETTYPE = CBP_PF_CHARGER1_I
| Value = -130
| CBP_PACKETTYPE = CBP_PF_CHARGER1_VPV
| Value = 16520
| CBP_PACKETTYPE = CBP_PF_CHARGER1_PPV
| Value = 2
| CBP_PACKETTYPE = CBP_PF_CHARGER1_CS
| Value = 3
| CBP_PACKETTYPE = CBP_PF_CHARGER1_ERR
| Value = 0
| CBP_PACKETTYPE = CBP_PF_CHARGER1_LOAD
| Value = 100
| CBP_PACKETTYPE = CBP_PF_CHARGER1_IL
| Value = 300
| CBP_PACKETTYPE = CBP_PF_CHARGER1_H19
| Value = 543
case_heartbeat_to_autopilot() - Time to execute.
mavlink_fmx_send_heartbeat_to_ap() - Executing
| CBP_PACKETTYPE = CBP_PF_CHARGER1_H20
| Value = 10
| CBP_PACKETTYPE = CBP_PF_CHARGER1_H21
| Value = 48
| CBP_PACKETTYPE = CBP_PF_CHARGER1_H22
| Value = 17
| CBP_PACKETTYPE = CBP_PF_CHARGER1_VPV
| Value = 46
| CBP_PACKETTYPE = CBP_PF_CHARGER1_HSDS
| Value = 96
| CBP_PACKETTYPE = CBP_PF_CHARGER1_MPPT
| Value = 2
| CBP_PACKETTYPE = CBP_PF_CHARGER2_PID
| Value = 65535
| CBP_PACKETTYPE = CBP_PF_CHARGER2_FW
| Value = 666
| CBP_PACKETTYPE = CBP_PF_CHARGER2_V
| Value = 13130
| CBP_PACKETTYPE = CBP_PF_CHARGER2_I
| Value = 0
| CBP_PACKETTYPE = CBP_PF_CHARGER2_VPV
| Value = 13040
| CBP_PACKETTYPE = CBP_PF_CHARGER2_PPV
| Value = 0
| CBP_PACKETTYPE = CBP_PF_CHARGER2_CS
| Value = 0
| CBP_PACKETTYPE = CBP_PF_CHARGER2_ERR
| Value = 0
| CBP_PACKETTYPE = CBP_PF_CHARGER2_LOAD
| Value = 100
| CBP_PACKETTYPE = CBP_PF_CHARGER2_IL
| Value = 0
| CBP_PACKETTYPE = CBP_PF_CHARGER2_H19
| Value = 64
| CBP_PACKETTYPE = CBP_PF_CHARGER2_H20
| Value = 0
| CBP_PACKETTYPE = CBP_PF_CHARGER2_H21
| Value = 0
| CBP_PACKETTYPE = CBP_PF_CHARGER2_H22
| Value = 5
| CBP_PACKETTYPE = CBP_PF_CHARGER2_VPV
| Value = 19
| CBP_PACKETTYPE = CBP_PF_CHARGER2_HSDS
| Value = 90
| CBP_PACKETTYPE = CBP_PF_CHARGER2_MPPT
| Value = 0
case_heartbeat_to_autopilot() - Time to execute.
mavlink_fmx_send_heartbeat_to_ap() - Executing
case_rx_from_autopilot() - Time to execute.
mavlink_unrequest_datastream() - Executing
case_rx_from_autopilot() - ATTEMPTING RX - starting at Millis:311903
mavlink_receive() - MSG RCVD - magic:254 seq:220 src sysid:1 src compid:0 msgid#:0=HEARTBEAT FlightMode:0 Type:27 Autopilot:8 BaseMode:4 CustomMode:0 SystemStatus:4 MavlinkVersion:3
mavlink_receive() - MSG RCVD - magic:254 seq:175 src sysid:1 src compid:1 msgid#:36
mavlink_receive() - MSG RCVD - magic:254 seq:176 src sysid:1 src compid:1 msgid#:65
mavlink_receive() - MSG RCVD - magic:254 seq:177 src sysid:1 src compid:1 msgid#:35
mavlink_receive() - MSG RCVD - magic:254 seq:178 src sysid:1 src compid:1 msgid#:33=GLOBAL_POSITION_INT TimeSinceBoot:792554626mS LAT:0degE7 LON:0degE7 MSL_ALT:-48100mm REL_ALT:-48105mm VelX:0cm/s VelY:0cm/s VelZ:0cm/s Heading:16746cdeg
mavlink_receive() - MSG RCVD - magic:254 seq:179 src sysid:1 src compid:1 msgid#:1=SYS_STATUS onboard_control_sensors_present:321969199 onboard_control_sensors_enabled:320864303 onboard_control_sensors_health:303071535 load:71
mavlink_receive() - MSG RCVD - magic:254 seq:180 src sysid:1 src compid:1 msgid#:125=POWER_STATUS Vcc:5110mV Vservo:5022mV flags:3
mavlink_receive() - MSG RCVD - magic:254 seq:181 src sysid:1 src compid:1 msgid#:24=GPS_RAW_INT Time:0h:0m:0s FixType:1 Latitude:0 Longitude:0 GroundSpeed:0 CoG(deg):0 SatsVisible:0
mavlink_receive() - MSG RCVD - magic:254 seq:182 src sysid:1 src compid:1 msgid#:2=SYSTEM_TIME time_unix_usec:I can't print uint64_t's here time_boot_ms:792554626
mavlink_receive() - MSG RCVD - magic:254 seq:183 src sysid:1 src compid:1 msgid#:165=HWSTATUS Vcc:5110mV I2Cerr:0errors
mavlink_receive() - MSG RCVD - magic:254 seq:184 src sysid:1 src compid:1 msgid#:147=BATTERY_STATUS voltages[0]:13163 voltages[1]:65535 current_battery:60
mavlink_receive() - MSG RCVD - magic:254 seq:40 src sysid:1 src compid:1 msgid#:65
mavlink_receive() - MSG RCVD - magic:254 seq:41 src sysid:1 src compid:1 msgid#:35
mavlink_receive() - MSG RCVD - magic:254 seq:42 src sysid:1 src compid:1 msgid#:33=GLOBAL_POSITION_INT TimeSinceBoot:792612626mS LAT:0degE7 LON:0degE7 MSL_ALT:-48180mm REL_ALT:-48184mm VelX:0cm/s VelY:0cm/s VelZ:0cm/s Heading:16777cdeg
mavlink_receive() - MSG RCVD - magic:254 seq:43 src sysid:1 src compid:1 msgid#:1=SYS_STATUS onboard_control_sensors_present:321969199 onboard_control_sensors_enabled:320864303 onboard_control_sensors_health:303071535 load:71
mavlink_receive() - MSG RCVD - magic:254 seq:44 src sysid:1 src compid:1 msgid#:125=POWER_STATUS Vcc:5109mV Vservo:5012mV flags:3
mavlink_receive() - MSG RCVD - magic:254 seq:45 src sysid:1 src compid:1 msgid#:24=GPS_RAW_INT Time:0h:0m:0s FixType:1 Latitude:0 Longitude:0 GroundSpeed:0 CoG(deg):0 SatsVisible:0
mavlink_receive() - MSG RCVD - magic:254 seq:46 src sysid:1 src compid:1 msgid#:2=SYSTEM_TIME time_unix_usec:I can't print uint64_t's here time_boot_ms:792612626
mavlink_receive() - MSG RCVD - magic:254 seq:47 src sysid:1 src compid:1 msgid#:165=HWSTATUS Vcc:5109mV I2Cerr:0errors
mavlink_receive() - MSG RCVD - magic:254 seq:48 src sysid:1 src compid:1 msgid#:147=BATTERY_STATUS voltages[0]:13173 voltages[1]:65535 current_battery:53
mavlink_receive() - MSG RCVD - magic:254 seq:49 src sysid:1 src compid:1 msgid#:148=AUTOPILOT_VERSION vendor_id:0 product_id:0
mavlink_receive() - MSG RCVD - magic:254 seq:85 src sysid:255 src compid:190 msgid#:0=HEARTBEAT FlightMode:0 Type:6 Autopilot:8 BaseMode:0 CustomMode:0 SystemStatus:0 MavlinkVersion:3
mavlink_receive() - MSG RCVD - magic:254 seq:50 src sysid:1 src compid:1 msgid#:0=HEARTBEAT FlightMode:4 Type:11 Autopilot:3 BaseMode:1 CustomMode:4 SystemStatus:5 MavlinkVersion:3
mavlink_receive() - MSG RCVD - magic:254 seq:51 src sysid:1 src compid:1 msgid#:36
mavlink_receive() - MSG RCVD - magic:254 seq:52 src sysid:1 src compid:1 msgid#:65
mavlink_receive() - MSG RCVD - magic:254 seq:53 src sysid:1 src compid:1 msgid#:35
mavlink_receive() - MSG RCVD - magic:254 seq:82 src sysid:1 src compid:0 msgid#:0=HEARTBEAT FlightMode:0 Type:27 Autopilot:8 BaseMode:4 CustomMode:0 SystemStatus:4 MavlinkVersion:3
mavlink_receive() - MSG RCVD - magic:254 seq:54 src sysid:1 src compid:1 msgid#:36
mavlink_receive() - MSG RCVD - magic:254 seq:55 src sysid:1 src compid:1 msgid#:65
mavlink_receive() - MSG RCVD - magic:254 seq:56 src sysid:1 src compid:1 msgid#:35
mavlink_receive() - MSG RCVD - magic:254 seq:57 src sysid:1 src compid:1 msgid#:33=GLOBAL_POSITION_INT TimeSinceBoot:792613626mS LAT:0degE7 LON:0degE7 MSL_ALT:-48200mm REL_ALT:-48206mm VelX:0cm/s VelY:0cm/s VelZ:0cm/s Heading:16771cdeg
mavlink_receive() - MSG RCVD - magic:254 seq:58 src sysid:1 src compid:1 msgid#:1=SYS_STATUS onboard_control_sensors_present:321969199 onboard_control_sensors_enabled:320864303 onboard_control_sensors_health:303071535 load:71
mavlink_receive() - MSG RCVD - magic:254 seq:59 src sysid:1 src compid:1 msgid#:125=POWER_STATUS Vcc:5108mV Vservo:5017mV flags:3
mavlink_receive() - MSG RCVD - magic:254 seq:60 src sysid:1 src compid:1 msgid#:24=GPS_RAW_INT Time:0h:0m:0s FixType:1 Latitude:0 Longitude:0 GroundSpeed:0 CoG(deg):0 SatsVisible:0
mavlink_receive() - MSG RCVD - magic:254 seq:61 src sysid:1 src compid:1 msgid#:2=SYSTEM_TIME time_unix_usec:I can't print uint64_t's here time_boot_ms:792613626
mavlink_receive() - MSG RCVD - magic:254 seq:62 src sysid:1 src compid:1 msgid#:165=HWSTATUS Vcc:5108mV I2Cerr:0errors
mavlink_receive() - MSG RCVD - magic:254 seq:63 src sysid:1 src compid:1 msgid#:147=BATTERY_STATUS voltages[0]:13061 voltages[1]:65535 current_battery:0
mavlink_receive() - MSG RCVD - magic:254 seq:64 src sysid:1 src compid:1 msgid#:148=AUTOPILOT_VERSION vendor_id:0 product_id:0
mavlink_receive() - MSG RCVD - magic:254 seq:87 src sysid:255 src compid:190 msgid#:0=HEARTBEAT FlightMode:0 Type:6 Autopilot:8 BaseMode:0 CustomMode:0 SystemStatus:0 MavlinkVersion:3
mavlink_receive() - MSG RCVD - magic:254 seq:65 src sysid:1 src compid:1 msgid#:0=HEARTBEAT FlightMode:4 Type:11 Autopilot:3 BaseMode:1 CustomMode:4 SystemStatus:5 MavlinkVersion:3
mavlink_receive() - MSG RCVD - magic:254 seq:66 src sysid:1 src compid:1 msgid#:36
mavlink_receive() - MSG RCVD - magic:254 seq:67 src sysid:1 src compid:1 msgid#:65
mavlink_receive() - MSG RCVD - magic:254 seq:68 src sysid:1 src compid:1 msgid#:35
mavlink_receive() - MSG RCVD - magic:254 seq:84 src sysid:1 src compid:0 msgid#:0=HEARTBEAT FlightMode:0 Type:27 Autopilot:8 BaseMode:4 CustomMode:0 SystemStatus:4 MavlinkVersion:3
mavlink_receive() - MSG RCVD - magic:254 seq:69 src sysid:1 src compid:1 msgid#:36
mavlink_receive() - MSG RCVD - magic:254 seq:70 src sysid:1 src compid:1 msgid#:65
mavlink_receive() - MSG RCVD - magic:254 seq:71 src sysid:1 src compid:1 msgid#:35
mavlink_receive() - MSG RCVD - magic:254 seq:89 src sysid:255 src compid:190 msgid#:0=HEARTBEAT FlightMode:0 Type:6 Autopilot:8 BaseMode:0 CustomMode:0 SystemStatus:0 MavlinkVersion:3
mavlink_receive() - MSG RCVD - magic:254 seq:72 src sysid:1 src compid:1 msgid#:33=GLOBAL_POSITION_INT TimeSinceBoot:792614626mS LAT:0degE7 LON:0degE7 MSL_ALT:-48250mm REL_ALT:-48257mm VelX:0cm/s VelY:0cm/s VelZ:0cm/s Heading:16769cdeg
mavlink_receive() - MSG RCVD - magic:254 seq:73 src sysid:1 src compid:1 msgid#:1=SYS_STATUS onboard_control_sensors_present:321969199 onboard_control_sensors_enabled:320864303 onboard_control_sensors_health:303071535 load:71
mavlink_receive() - MSG RCVD - magic:254 seq:74 src sysid:1 src compid:1 msgid#:125=POWER_STATUS Vcc:5123mV Vservo:5020mV flags:3
mavlink_receive() - MSG RCVD - magic:254 seq:75 src sysid:1 src compid:1 msgid#:24=GPS_RAW_INT Time:0h:0m:0s FixType:1 Latitude:0 Longitude:0 GroundSpeed:0 CoG(deg):0 SatsVisible:0
mavlink_receive() - MSG RCVD - magic:254 seq:76 src sysid:1 src compid:1 msgid#:2=SYSTEM_TIME time_unix_usec:I can't print uint64_t's here time_boot_ms:792614626
mavlink_receive() - MSG RCVD - magic:254 seq:77 src sysid:1 src compid:1 msgid#:165=HWSTATUS Vcc:5123mV I2Cerr:0errors
mavlink_receive() - MSG RCVD - magic:254 seq:78 src sysid:1 src compid:1 msgid#:147=BATTERY_STATUS voltages[0]:13169 voltages[1]:65535 current_battery:58
mavlink_receive() - MSG RCVD - magic:254 seq:79 src sysid:1 src compid:1 msgid#:148=AUTOPILOT_VERSION vendor_id:0 product_id:0
mavlink_receive() - MSG RCVD - magic:254 seq:80 src sysid:1 src compid:1 msgid#:0=HEARTBEAT FlightMode:4 Type:11 Autopilot:3 BaseMode:1 CustomMode:4 SystemStatus:5 MavlinkVersion:3
mavlink_receive() - MSG RCVD - magic:254 seq:81 src sysid:1 src compid:1 msgid#:36
mavlink_receive() - MSG RCVD - magic:254 seq:82 src sysid:1 src compid:1 msgid#:65
mavlink_receive() - MSG RCVD - magic:254 seq:83 src sysid:1 src compid:1 msgid#:35
case_rx_from_autopilot() - Done RX - ending at Millis:314903
case_heartbeat_to_autopilot() - Time to execute.
mavlink_fmx_send_heartbeat_to_ap() - Executing
case_heartbeat_to_autopilot() - Time to execute.
mavlink_fmx_send_heartbeat_to_ap() - Executing
