================================================
************************************************
================================================
case_loop_init() - Pulsar FeatherMx (Re)starting
Starting: CAN OK
timerSetup() - executing
actuatorsSetup() - executing
actuatorsSetup() - Pi ON
actuatorsSetup() - Strobe Light ON
actuatorsSetup() - PowerFeather ON
actuatorsSetup() - complete
sensorsSetup() - executing
sensorsSetup() - SHT31 initialising
sensorsSetup() - OK
sensorsSetup() - Heater DISABLED
sensorsSetup() - AmbientLight initialising
sensorsSetup() - OK
sensorsSetup() - DS18B20 Temp initialising
sensorsSetup() - OK
sensorsSetup() - Parasite Power DISABLED
mavlink_unrequest_datastream() - Executing
case_heartbeat_to_autopilot() - Time to execute.

+-----------------------------------------+
| Received packet with id:0xF1 Length:5
| CAN Data Bytes:  1, 132, 254, 15, 0,
| CBP_PACKETTYPE = CBP_HELLO
| Uptime vale = 1048196s

+-----------------------------------------+
| Received packet with id:0xF1 Length:3
| CAN Data Bytes:  30, 152, 1,
| CBP_PACKETTYPE = CBP_TFI_BATT_V
| Value = 408

+-----------------------------------------+
| Received packet with id:0xF1 Length:3
| CAN Data Bytes:  31, 143, 13,
| CBP_PACKETTYPE = CBP_TFI_TEMP
| Value = 3471

+-----------------------------------------+
| Received packet with id:0xF1 Length:3
| CAN Data Bytes:  32, 175, 15,
| CBP_PACKETTYPE = CBP_TFI_RH
| Value = 4015

+-----------------------------------------+
| Received packet with id:0xF1 Length:5
| CAN Data Bytes:  33, 132, 254, 15, 0,
| CBP_PACKETTYPE = CBP_TFI_UPTIME_S
| Uptime value = 1048196s
case_heartbeat_to_autopilot() - Time to execute.
case_rx_from_autopilot() - Time to execute.
mavlink_unrequest_datastream() - Executing
case_rx_from_autopilot() - ATTEMPTING RX - starting at Millis:66367
mavlink_receive() - MSG RCVD - magic:254 seq:72 src sysid:1 src compid:1 msgid#:0=HEARTBEAT Type:11 Autopilot:3 BaseMode:1 CustomMode/Flightmode:4 SystemStatus:5 MavlinkVersion:3
mavlink_receive() - MSG RCVD - magic:254 seq:73 src sysid:1 src compid:1 msgid#:36=SERVO_OUTPUT_RAW - undecoded
mavlink_receive() - MSG RCVD - magic:254 seq:74 src sysid:1 src compid:1 msgid#:65=RC_CHANNELS - undecoded
mavlink_receive() - MSG RCVD - magic:254 seq:75 src sysid:1 src compid:1 msgid#:35=RC_CHANNELS_RAW - undecoded
mavlink_receive() - MSG RCVD - magic:254 seq:90 src sysid:1 src compid:0 msgid#:0=HEARTBEAT Type:27 Autopilot:8 BaseMode:4 CustomMode/Flightmode:0 SystemStatus:4 MavlinkVersion:3
mavlink_receive() - MSG RCVD - magic:254 seq:76 src sysid:1 src compid:1 msgid#:36=SERVO_OUTPUT_RAW - undecoded
mavlink_receive() - MSG RCVD - magic:254 seq:77 src sysid:1 src compid:1 msgid#:65=RC_CHANNELS - undecoded
mavlink_receive() - MSG RCVD - magic:254 seq:78 src sysid:1 src compid:1 msgid#:35=RC_CHANNELS_RAW - undecoded
mavlink_receive() - MSG RCVD - magic:254 seq:79 src sysid:1 src compid:1 msgid#:0=HEARTBEAT Type:11 Autopilot:3 BaseMode:1 CustomMode/Flightmode:4 SystemStatus:5 MavlinkVersion:3
mavlink_receive() - MSG RCVD - magic:254 seq:80 src sysid:1 src compid:1 msgid#:36=SERVO_OUTPUT_RAW - undecoded
mavlink_receive() - MSG RCVD - magic:254 seq:81 src sysid:1 src compid:1 msgid#:65=RC_CHANNELS - undecoded
mavlink_receive() - MSG RCVD - magic:254 seq:255 src sysid:1 src compid:1 msgid#:2=SYSTEM_TIME time_unix_usec:I can't print uint64_t's here time_boot_ms:103016
mavlink_receive() - MSG RCVD - magic:254 seq:0 src sysid:1 src compid:1 msgid#:165=HWSTATUS Vcc:5029mV I2Cerr:0errors
mavlink_receive() - MSG RCVD - magic:254 seq:1 src sysid:1 src compid:1 msgid#:147=BATTERY_STATUS voltages[0]:13181 voltages[1]:65535 current_battery:47
mavlink_receive() - MSG RCVD - magic:254 seq:2 src sysid:1 src compid:1 msgid#:148=AUTOPILOT_VERSION vendor_id:0 product_id:0
mavlink_receive() - MSG RCVD - magic:254 seq:3 src sysid:1 src compid:1 msgid#:0=HEARTBEAT Type:11 Autopilot:3 BaseMode:1 CustomMode/Flightmode:4 SystemStatus:5 MavlinkVersion:3
mavlink_receive() - MSG RCVD - magic:254 seq:4 src sysid:1 src compid:1 msgid#:36=SERVO_OUTPUT_RAW - undecoded
mavlink_receive() - MSG RCVD - magic:254 seq:5 src sysid:1 src compid:1 msgid#:65=RC_CHANNELS - undecoded
mavlink_receive() - MSG RCVD - magic:254 seq:6 src sysid:1 src compid:1 msgid#:35=RC_CHANNELS_RAW - undecoded
mavlink_receive() - MSG RCVD - magic:254 seq:137 src sysid:255 src compid:190 msgid#:0=HEARTBEAT Type:6 Autopilot:8 BaseMode:0 CustomMode/Flightmode:0 SystemStatus:0 MavlinkVersion:3
mavlink_receive() - MSG RCVD - magic:254 seq:204 src sysid:1 src compid:0 msgid#:0=HEARTBEAT Type:27 Autopilot:8 BaseMode:4 CustomMode/Flightmode:0 SystemStatus:4 MavlinkVersion:3
mavlink_receive() - MSG RCVD - magic:254 seq:7 src sysid:1 src compid:1 msgid#:36=SERVO_OUTPUT_RAW - undecoded
mavlink_receive() - MSG RCVD - magic:254 seq:8 src sysid:1 src compid:1 msgid#:65=RC_CHANNELS - undecoded
mavlink_receive() - MSG RCVD - magic:254 seq:9 src sysid:1 src compid:1 msgid#:35=RC_CHANNELS_RAW - undecoded
mavlink_receive() - MSG RCVD - magic:254 seq:10 src sysid:1 src compid:1 msgid#:33=GLOBAL_POSITION_INT TimeSinceBoot:104016mS LAT:0degE7 LON:0degE7 MSL_ALT:340mm REL_ALT:347mm VelX:0cm/s VelY:0cm/s VelZ:0cm/s Heading:16840cdeg
mavlink_receive() - MSG RCVD - magic:254 seq:11 src sysid:1 src compid:1 msgid#:1=SYS_STATUS onboard_control_sensors_present:321969199 onboard_control_sensors_enabled:52428847 onboard_control_sensors_health:51413295 load:77
mavlink_receive() - MSG RCVD - magic:254 seq:12 src sysid:1 src compid:1 msgid#:125=POWER_STATUS Vcc:5053mV Vservo:5020mV flags:3
mavlink_receive() - MSG RCVD - magic:254 seq:13 src sysid:1 src compid:1 msgid#:24=GPS_RAW_INT Time:0h:0m:0s FixType:1 Latitude:0 Longitude:0 GroundSpeed:0 CoG(deg):0 SatsVisible:0
mavlink_receive() - MSG RCVD - magic:254 seq:14 src sysid:1 src compid:1 msgid#:2=SYSTEM_TIME time_unix_usec:I can't print uint64_t's here time_boot_ms:104016
mavlink_receive() - MSG RCVD - magic:254 seq:15 src sysid:1 src compid:1 msgid#:165=HWSTATUS Vcc:5053mV I2Cerr:0errors
mavlink_receive() - MSG RCVD - magic:254 seq:16 src sysid:1 src compid:1 msgid#:147=BATTERY_STATUS voltages[0]:13273 voltages[1]:65535 current_battery:3
mavlink_receive() - MSG RCVD - magic:254 seq:17 src sysid:1 src compid:1 msgid#:148=AUTOPILOT_VERSION vendor_id:0 product_id:0
mavlink_receive() - MSG RCVD - magic:254 seq:18 src sysid:1 src compid:1 msgid#:0=HEARTBEAT Type:11 Autopilot:3 BaseMode:1 CustomMode/Flightmode:4 SystemStatus:5 MavlinkVersion:3
mavlink_receive() - MSG RCVD - magic:254 seq:19 src sysid:1 src compid:1 msgid#:36=SERVO_OUTPUT_RAW - undecoded
mavlink_receive() - MSG RCVD - magic:254 seq:20 src sysid:1 src compid:1 msgid#:65=RC_CHANNELS - undecoded
mavlink_receive() - MSG RCVD - magic:254 seq:21 src sysid:1 src compid:1 msgid#:35=RC_CHANNELS_RAW - undecoded
mavlink_receive() - MSG RCVD - magic:254 seq:139 src sysid:255 src compid:190 msgid#:0=HEARTBEAT Type:6 Autopilot:8 BaseMode:0 CustomMode/Flightmode:0 SystemStatus:0 MavlinkVersion:3
mavlink_receive() - MSG RCVD - magic:254 seq:206 src sysid:1 src compid:0 msgid#:0=HEARTBEAT Type:27 Autopilot:8 BaseMode:4 CustomMode/Flightmode:0 SystemStatus:4 MavlinkVersion:3
mavlink_receive() - MSG RCVD - magic:254 seq:22 src sysid:1 src compid:1 msgid#:36=SERVO_OUTPUT_RAW - undecoded
mavlink_receive() - MSG RCVD - magic:254 seq:23 src sysid:1 src compid:1 msgid#:65=RC_CHANNELS - undecoded
mavlink_receive() - MSG RCVD - magic:254 seq:24 src sysid:1 src compid:1 msgid#:35=RC_CHANNELS_RAW - undecoded
mavlink_receive() - MSG RCVD - magic:254 seq:25 src sysid:1 src compid:1 msgid#:33=GLOBAL_POSITION_INT TimeSinceBoot:105016mS LAT:0degE7 LON:0degE7 MSL_ALT:410mm REL_ALT:415mm VelX:0cm/s VelY:0cm/s VelZ:0cm/s Heading:16846cdeg
mavlink_receive() - MSG RCVD - magic:254 seq:26 src sysid:1 src compid:1 msgid#:1=SYS_STATUS onboard_control_sensors_present:321969199 onboard_control_sensors_enabled:52428847 onboard_control_sensors_health:51413295 load:76
mavlink_receive() - MSG RCVD - magic:254 seq:27 src sysid:1 src compid:1 msgid#:125=POWER_STATUS Vcc:5112mV Vservo:5008mV flags:3
mavlink_receive() - MSG RCVD - magic:254 seq:28 src sysid:1 src compid:1 msgid#:24=GPS_RAW_INT Time:0h:0m:0s FixType:1 Latitude:0 Longitude:0 GroundSpeed:0 CoG(deg):0 SatsVisible:0
mavlink_receive() - MSG RCVD - magic:254 seq:29 src sysid:1 src compid:1 msgid#:2=SYSTEM_TIME time_unix_usec:I can't print uint64_t's here time_boot_ms:105016
mavlink_receive() - MSG RCVD - magic:254 seq:30 src sysid:1 src compid:1 msgid#:165=HWSTATUS Vcc:5112mV I2Cerr:0errors
mavlink_receive() - MSG RCVD - magic:254 seq:31 src sysid:1 src compid:1 msgid#:147=BATTERY_STATUS voltages[0]:13210 voltages[1]:65535 current_battery:45
mavlink_receive() - MSG RCVD - magic:254 seq:32 src sysid:1 src compid:1 msgid#:148=AUTOPILOT_VERSION vendor_id:0 product_id:0
mavlink_receive() - MSG RCVD - magic:254 seq:33 src sysid:1 src compid:1 msgid#:0=HEARTBEAT Type:11 Autopilot:3 BaseMode:1 CustomMode/Flightmode:4 SystemStatus:5 MavlinkVersion:3
mavlink_receive() - MSG RCVD - magic:254 seq:34 src sysid:1 src compid:1 msgid#:36=SERVO_OUTPUT_RAW - undecoded
mavlink_receive() - MSG RCVD - magic:254 seq:35 src sysid:1 src compid:1 msgid#:65=RC_CHANNELS - undecoded
mavlink_receive() - MSG RCVD - magic:254 seq:36 src sysid:1 src compid:1 msgid#:35=RC_CHANNELS_RAW - undecoded
case_rx_from_autopilot() - Done RX - ending at Millis:69367

+-----------------------------------------+
| Received packet with id:0xF1 Length:5
| CAN Data Bytes:  1, 163, 254, 15, 0,
| CBP_PACKETTYPE = CBP_HELLO
| Uptime vale = 1048227s
case_heartbeat_to_autopilot() - Time to execute.

+-----------------------------------------+
| Received packet with id:0xF1 Length:3
| CAN Data Bytes:  30, 161, 1,
| CBP_PACKETTYPE = CBP_TFI_BATT_V
| Value = 417

+-----------------------------------------+
| Received packet with id:0xF1 Length:3
| CAN Data Bytes:  31, 142, 13,
| CBP_PACKETTYPE = CBP_TFI_TEMP
| Value = 3470

+-----------------------------------------+
| Received packet with id:0xF1 Length:3
| CAN Data Bytes:  32, 179, 15,
| CBP_PACKETTYPE = CBP_TFI_RH
| Value = 4019

+-----------------------------------------+
| Received packet with id:0xF1 Length:5
| CAN Data Bytes:  33, 163, 254, 15, 0,
| CBP_PACKETTYPE = CBP_TFI_UPTIME_S
| Uptime value = 1048227s

+-----------------------------------------+
| Received packet with id:0xF2 Length:5
| CAN Data Bytes:  1, 58, 94, 5, 0,
| CBP_PACKETTYPE = CBP_HELLO
| Uptime vale = 351802s

+-----------------------------------------+
| Received packet with id:0xF2 Length:3
| CAN Data Bytes:  10, 43, 2,
| CBP_PACKETTYPE = CBP_PF_BATT_V
| Value = 555

+-----------------------------------------+
| Received packet with id:0xF2 Length:3
| CAN Data Bytes:  11, 10, 26,
| CBP_PACKETTYPE = CBP_PF_TEMP
| Value = 6666

+-----------------------------------------+
| Received packet with id:0xF2 Length:3
| CAN Data Bytes:  106, 0, 0,
| CBP_PACKETTYPE = CBP_PF_CHARGER1_PPV
| Value = 0

+-----------------------------------------+
| Received packet with id:0xF2 Length:2
| CAN Data Bytes:  107, 0,
| CBP_PACKETTYPE = CBP_PF_CHARGER1_CS
| Value = 0

+-----------------------------------------+
| Received packet with id:0xF2 Length:2
| CAN Data Bytes:  108, 0,
| CBP_PACKETTYPE = CBP_PF_CHARGER1_ERR
| Value = 0

+-----------------------------------------+
| Received packet with id:0xF2 Length:2
| CAN Data Bytes:  109, 100,
| CBP_PACKETTYPE = CBP_PF_CHARGER1_LOAD
| Value = 100

+-----------------------------------------+
| Received packet with id:0xF2 Length:3
| CAN Data Bytes:  110, 200, 0,
| CBP_PACKETTYPE = CBP_PF_CHARGER1_IL
| Value = 200

+-----------------------------------------+
| Received packet with id:0xF2 Length:3
| CAN Data Bytes:  111, 65, 2,
| CBP_PACKETTYPE = CBP_PF_CHARGER1_H19
| Value = 577
case_rx_from_agt() - FMX received a Datum from the AGT

+-----------------------------------------+
| Received packet with id:0xF2 Length:3
| CAN Data Bytes:  112, 12, 0,
| CBP_PACKETTYPE = CBP_PF_CHARGER1_H20
| Value = 12

+-----------------------------------------+
| Received packet with id:0xF2 Length:3
| CAN Data Bytes:  113, 38, 0,
| CBP_PACKETTYPE = CBP_PF_CHARGER1_H21
| Value = 38

+-----------------------------------------+
| Received packet with id:0xF2 Length:3
| CAN Data Bytes:  114, 11, 0,
| CBP_PACKETTYPE = CBP_PF_CHARGER1_H22
| Value = 11

+-----------------------------------------+
| Received packet with id:0xF2 Length:3
| CAN Data Bytes:  115, 47, 0,
| CBP_PACKETTYPE = CBP_PF_CHARGER1_VPV
| Value = 47

+-----------------------------------------+
| Received packet with id:0xF2 Length:3
| CAN Data Bytes:  116, 99, 0,
| CBP_PACKETTYPE = CBP_PF_CHARGER1_HSDS
| Value = 99

+-----------------------------------------+
| Received packet with id:0xF2 Length:2
| CAN Data Bytes:  117, 0,
| CBP_PACKETTYPE = CBP_PF_CHARGER1_MPPT
| Value = 0

+-----------------------------------------+
| Received packet with id:0xF2 Length:3
| CAN Data Bytes:  200, 255, 255,
| CBP_PACKETTYPE = CBP_PF_CHARGER2_PID
| Value = 65535

+-----------------------------------------+
| Received packet with id:0xF2 Length:3
| CAN Data Bytes:  201, 154, 2,
| CBP_PACKETTYPE = CBP_PF_CHARGER2_FW
| Value = 666

+-----------------------------------------+
| Received packet with id:0xF2 Length:3
| CAN Data Bytes:  203, 38, 52,
| CBP_PACKETTYPE = CBP_PF_CHARGER2_V
| Value = 13350

+-----------------------------------------+
| Received packet with id:0xF2 Length:3
| CAN Data Bytes:  204, 246, 255,
| CBP_PACKETTYPE = CBP_PF_CHARGER2_I
| Value = -10

+-----------------------------------------+
| Received packet with id:0xF2 Length:3
| CAN Data Bytes:  205, 200, 70,
| CBP_PACKETTYPE = CBP_PF_CHARGER2_VPV
| Value = 18120

+-----------------------------------------+
| Received packet with id:0xF2 Length:3
| CAN Data Bytes:  206, 0, 0,
| CBP_PACKETTYPE = CBP_PF_CHARGER2_PPV
| Value = 0

+-----------------------------------------+
| Received packet with id:0xF2 Length:2
| CAN Data Bytes:  207, 3,
| CBP_PACKETTYPE = CBP_PF_CHARGER2_CS
| Value = 3

+-----------------------------------------+
| Received packet with id:0xF2 Length:2
| CAN Data Bytes:  208, 0,
| CBP_PACKETTYPE = CBP_PF_CHARGER2_ERR
| Value = 0

+-----------------------------------------+
| Received packet with id:0xF2 Length:2
| CAN Data Bytes:  209, 100,
| CBP_PACKETTYPE = CBP_PF_CHARGER2_LOAD
| Value = 100

+-----------------------------------------+
| Received packet with id:0xF2 Length:3
| CAN Data Bytes:  210, 0, 0,
| CBP_PACKETTYPE = CBP_PF_CHARGER2_IL
| Value = 0

+-----------------------------------------+
| Received packet with id:0xF2 Length:3
| CAN Data Bytes:  211, 68, 0,
| CBP_PACKETTYPE = CBP_PF_CHARGER2_H19
| Value = 68

+-----------------------------------------+
| Received packet with id:0xF2 Length:3
| CAN Data Bytes:  212, 4, 0,
| CBP_PACKETTYPE = CBP_PF_CHARGER2_H20
| Value = 4

+-----------------------------------------+
| Received packet with id:0xF2 Length:3
| CAN Data Bytes:  213, 17, 0,
| CBP_PACKETTYPE = CBP_PF_CHARGER2_H21
| Value = 17

+-----------------------------------------+
| Received packet with id:0xF2 Length:3
| CAN Data Bytes:  214, 0, 0,
| CBP_PACKETTYPE = CBP_PF_CHARGER2_H22
| Value = 0

+-----------------------------------------+
| Received packet with id:0xF2 Length:3
| CAN Data Bytes:  215, 0, 0,
| CBP_PACKETTYPE = CBP_PF_CHARGER2_VPV
| Value = 0

+-----------------------------------------+
| Received packet with id:0xF2 Length:3
| CAN Data Bytes:  216, 93, 0,
| CBP_PACKETTYPE = CBP_PF_CHARGER2_HSDS
| Value = 93

+-----------------------------------------+
| Received packet with id:0xF2 Length:2
| CAN Data Bytes:  217, 2,
| CBP_PACKETTYPE = CBP_PF_CHARGER2_MPPT
| Value = 2
case_heartbeat_to_autopilot() - Time to execute.

+-----------------------------------------+
| Received packet with id:0xF1 Length:5
| CAN Data Bytes:  1, 194, 254, 15, 0,
| CBP_PACKETTYPE = CBP_HELLO
| Uptime vale = 1048258s

+-----------------------------------------+
| Received packet with id:0xF1 Length:3
| CAN Data Bytes:  30, 160, 1,
| CBP_PACKETTYPE = CBP_TFI_BATT_V
| Value = 416

+-----------------------------------------+
| Received packet with id:0xF1 Length:3
| CAN Data Bytes:  31, 144, 13,
| CBP_PACKETTYPE = CBP_TFI_TEMP
| Value = 3472

+-----------------------------------------+
| Received packet with id:0xF1 Length:3
| CAN Data Bytes:  32, 174, 15,
| CBP_PACKETTYPE = CBP_TFI_RH
| Value = 4014

+-----------------------------------------+
| Received packet with id:0xF1 Length:5
| CAN Data Bytes:  33, 194, 254, 15, 0,
| CBP_PACKETTYPE = CBP_TFI_UPTIME_S
| Uptime value = 1048258s
