================================================
************************************************
================================================
case_loop_init() - Pulsar FeatherMx (Re)starting
Starting: CAN OK
timerSetup() - executing
actuatorsSetup() - executing
actuatorsSetup() - Pi ON
actuatorsSetup() - Strobe Light ON
actuatorsSetup() - PowerFeather ON
actuatorsSetup() - complete
sensorsSetup() - executing
sensorsSetup() - SHT31 initialising
sensorsSetup() - OK
sensorsSetup() - Heater DISABLED
sensorsSetup() - AmbientLight initialising
sensorsSetup() - OK
sensorsSetup() - DS18B20 Temp initialising
sensorsSetup() - OK
sensorsSetup() - Parasite Power DISABLED
mavlink_unrequest_datastream() - Executing
case_heartbeat_to_autopilot() - Time to execute.
case_heartbeat_to_autopilot() - Time to execute.
case_rx_from_agt() - FMX received a Datum from the AGT
case_rx_from_autopilot() - Time to execute.
mavlink_unrequest_datastream() - Executing
case_rx_from_autopilot() - ATTEMPTING RX - starting at Millis:66367
mavlink_receive() - MSG RCVD - magic:254 seq:127 src sysid:1 src compid:1 msgid#:36=SERVO_OUTPUT_RAW - undecoded
mavlink_receive() - MSG RCVD - magic:254 seq:128 src sysid:1 src compid:1 msgid#:65=RC_CHANNELS - undecoded
mavlink_receive() - MSG RCVD - magic:254 seq:129 src sysid:1 src compid:1 msgid#:35=RC_CHANNELS_RAW - undecoded
mavlink_receive() - MSG RCVD - magic:254 seq:97 src sysid:255 src compid:190 msgid#:0=HEARTBEAT FlightMode:0 Type:6 Autopilot:8 BaseMode:0 CustomMode:0 SystemStatus:0 MavlinkVersion:3
mavlink_receive() - MSG RCVD - magic:254 seq:130 src sysid:1 src compid:1 msgid#:36=SERVO_OUTPUT_RAW - undecoded
mavlink_receive() - MSG RCVD - magic:254 seq:131 src sysid:1 src compid:1 msgid#:65=RC_CHANNELS - undecoded
mavlink_receive() - MSG RCVD - magic:254 seq:132 src sysid:1 src compid:1 msgid#:35=RC_CHANNELS_RAW - undecoded
mavlink_receive() - MSG RCVD - magic:254 seq:133 src sysid:1 src compid:1 msgid#:0=HEARTBEAT FlightMode:4 Type:11 Autopilot:3 BaseMode:1 CustomMode:4 SystemStatus:5 MavlinkVersion:3
mavlink_receive() - MSG RCVD - magic:254 seq:107 src sysid:1 src compid:0 msgid#:0=HEARTBEAT FlightMode:0 Type:27 Autopilot:8 BaseMode:4 CustomMode:0 SystemStatus:4 MavlinkVersion:3
mavlink_receive() - MSG RCVD - magic:254 seq:98 src sysid:255 src compid:190 msgid#:66=REQUEST_DATA_STREAM target_system:1target_comp:0req_stream_id:2req_message_rate:2start_stop:1
mavlink_receive() - MSG RCVD - magic:254 seq:99 src sysid:255 src compid:190 msgid#:66=REQUEST_DATA_STREAM target_system:1target_comp:0req_stream_id:2req_message_rate:2start_stop:1
mavlink_receive() - MSG RCVD - magic:254 seq:100 src sysid:255 src compid:190 msgid#:66=REQUEST_DATA_STREAM target_system:1target_comp:0req_stream_id:6req_message_rate:2start_stop:1
mavlink_receive() - MSG RCVD - magic:254 seq:101 src sysid:255 src compid:190 msgid#:66=REQUEST_DATA_STREAM target_system:1target_comp:0req_stream_id:6req_message_rate:2start_stop:1
mavlink_receive() - MSG RCVD - magic:254 seq:16 src sysid:255 src compid:190 msgid#:0=HEARTBEAT FlightMode:0 Type:6 Autopilot:8 BaseMode:0 CustomMode:0 SystemStatus:0 MavlinkVersion:3
mavlink_receive() - MSG RCVD - magic:254 seq:45 src sysid:1 src compid:1 msgid#:36=SERVO_OUTPUT_RAW - undecoded
mavlink_receive() - MSG RCVD - magic:254 seq:46 src sysid:1 src compid:1 msgid#:65=RC_CHANNELS - undecoded
mavlink_receive() - MSG RCVD - magic:254 seq:47 src sysid:1 src compid:1 msgid#:35=RC_CHANNELS_RAW - undecoded
mavlink_receive() - MSG RCVD - magic:254 seq:48 src sysid:1 src compid:1 msgid#:0=HEARTBEAT FlightMode:4 Type:11 Autopilot:3 BaseMode:1 CustomMode:4 SystemStatus:5 MavlinkVersion:3
mavlink_receive() - MSG RCVD - magic:254 seq:219 src sysid:1 src compid:0 msgid#:0=HEARTBEAT FlightMode:0 Type:27 Autopilot:8 BaseMode:4 CustomMode:0 SystemStatus:4 MavlinkVersion:3
mavlink_receive() - MSG RCVD - magic:254 seq:49 src sysid:1 src compid:1 msgid#:33=GLOBAL_POSITION_INT TimeSinceBoot:239085732mS LAT:0degE7 LON:0degE7 MSL_ALT:5650mm REL_ALT:5657mm VelX:0cm/s VelY:0cm/s VelZ:0cm/s Heading:16865cdeg
mavlink_receive() - MSG RCVD - magic:254 seq:50 src sysid:1 src compid:1 msgid#:1=SYS_STATUS onboard_control_sensors_present:321969199 onboard_control_sensors_enabled:52461615 onboard_control_sensors_health:34636079 load:72
mavlink_receive() - MSG RCVD - magic:254 seq:51 src sysid:1 src compid:1 msgid#:125=POWER_STATUS Vcc:5110mV Vservo:4911mV flags:3
mavlink_receive() - MSG RCVD - magic:254 seq:52 src sysid:1 src compid:1 msgid#:24=GPS_RAW_INT Time:0h:0m:0s FixType:1 Latitude:0 Longitude:0 GroundSpeed:0 CoG(deg):0 SatsVisible:0
mavlink_receive() - MSG RCVD - magic:254 seq:53 src sysid:1 src compid:1 msgid#:2=SYSTEM_TIME time_unix_usec:I can't print uint64_t's here time_boot_ms:239085732
mavlink_receive() - MSG RCVD - magic:254 seq:54 src sysid:1 src compid:1 msgid#:165=HWSTATUS Vcc:5110mV I2Cerr:0errors
mavlink_receive() - MSG RCVD - magic:254 seq:55 src sysid:1 src compid:1 msgid#:147=BATTERY_STATUS voltages[0]:13355 voltages[1]:65535 current_battery:0
mavlink_receive() - MSG RCVD - magic:254 seq:56 src sysid:1 src compid:1 msgid#:148=AUTOPILOT_VERSION vendor_id:0 product_id:0
mavlink_receive() - MSG RCVD - magic:254 seq:57 src sysid:1 src compid:1 msgid#:36=SERVO_OUTPUT_RAW - undecoded
mavlink_receive() - MSG RCVD - magic:254 seq:58 src sysid:1 src compid:1 msgid#:65=RC_CHANNELS - undecoded
mavlink_receive() - MSG RCVD - magic:254 seq:59 src sysid:1 src compid:1 msgid#:35=RC_CHANNELS_RAW - undecoded
mavlink_receive() - MSG RCVD - magic:254 seq:18 src sysid:255 src compid:190 msgid#:0=HEARTBEAT FlightMode:0 Type:6 Autopilot:8 BaseMode:0 CustomMode:0 SystemStatus:0 MavlinkVersion:3
mavlink_receive() - MSG RCVD - magic:254 seq:60 src sysid:1 src compid:1 msgid#:36=SERVO_OUTPUT_RAW - undecoded
mavlink_receive() - MSG RCVD - magic:254 seq:61 src sysid:1 src compid:1 msgid#:65=RC_CHANNELS - undecoded
mavlink_receive() - MSG RCVD - magic:254 seq:62 src sysid:1 src compid:1 msgid#:35=RC_CHANNELS_RAW - undecoded
mavlink_receive() - MSG RCVD - magic:254 seq:63 src sysid:1 src compid:1 msgid#:0=HEARTBEAT FlightMode:4 Type:11 Autopilot:3 BaseMode:1 CustomMode:4 SystemStatus:5 MavlinkVersion:3
mavlink_receive() - MSG RCVD - magic:254 seq:221 src sysid:1 src compid:0 msgid#:0=HEARTBEAT FlightMode:0 Type:27 Autopilot:8 BaseMode:4 CustomMode:0 SystemStatus:4 MavlinkVersion:3
mavlink_receive() - MSG RCVD - magic:254 seq:64 src sysid:1 src compid:1 msgid#:33=GLOBAL_POSITION_INT TimeSinceBoot:239086732mS LAT:0degE7 LON:0degE7 MSL_ALT:5720mm REL_ALT:5722mm VelX:0cm/s VelY:0cm/s VelZ:0cm/s Heading:16868cdeg
mavlink_receive() - MSG RCVD - magic:254 seq:65 src sysid:1 src compid:1 msgid#:1=SYS_STATUS onboard_control_sensors_present:321969199 onboard_control_sensors_enabled:52461615 onboard_control_sensors_health:34636079 load:71
mavlink_receive() - MSG RCVD - magic:254 seq:66 src sysid:1 src compid:1 msgid#:125=POWER_STATUS Vcc:5089mV Vservo:4906mV flags:3
mavlink_receive() - MSG RCVD - magic:254 seq:67 src sysid:1 src compid:1 msgid#:24=GPS_RAW_INT Time:0h:0m:0s FixType:1 Latitude:0 Longitude:0 GroundSpeed:0 CoG(deg):0 SatsVisible:0
mavlink_receive() - MSG RCVD - magic:254 seq:68 src sysid:1 src compid:1 msgid#:2=SYSTEM_TIME time_unix_usec:I can't print uint64_t's here time_boot_ms:239086732
mavlink_receive() - MSG RCVD - magic:254 seq:69 src sysid:1 src compid:1 msgid#:165=HWSTATUS Vcc:5089mV I2Cerr:0errors
mavlink_receive() - MSG RCVD - magic:254 seq:70 src sysid:1 src compid:1 msgid#:147=BATTERY_STATUS voltages[0]:13524 voltages[1]:65535 current_battery:60
mavlink_receive() - MSG RCVD - magic:254 seq:71 src sysid:1 src compid:1 msgid#:148=AUTOPILOT_VERSION vendor_id:0 product_id:0
mavlink_receive() - MSG RCVD - magic:254 seq:72 src sysid:1 src compid:1 msgid#:36=SERVO_OUTPUT_RAW - undecoded
mavlink_receive() - MSG RCVD - magic:254 seq:73 src sysid:1 src compid:1 msgid#:65=RC_CHANNELS - undecoded
mavlink_receive() - MSG RCVD - magic:254 seq:74 src sysid:1 src compid:1 msgid#:35=RC_CHANNELS_RAW - undecoded
mavlink_receive() - MSG RCVD - magic:254 seq:75 src sysid:1 src compid:1 msgid#:111=TIMESYNC - undecoded
mavlink_receive() - MSG RCVD - magic:254 seq:20 src sysid:255 src compid:190 msgid#:0=HEARTBEAT FlightMode:0 Type:6 Autopilot:8 BaseMode:0 CustomMode:0 SystemStatus:0 MavlinkVersion:3
mavlink_receive() - MSG RCVD - magic:254 seq:81 src sysid:1 src compid:1 msgid#:1=SYS_STATUS onboard_control_sensors_present:321969199 onboard_control_sensors_enabled:52461615 onboard_control_sensors_health:34636079 load:71
mavlink_receive() - MSG RCVD - magic:254 seq:82 src sysid:1 src compid:1 msgid#:125=POWER_STATUS Vcc:5052mV Vservo:4911mV flags:3
mavlink_receive() - MSG RCVD - magic:254 seq:83 src sysid:1 src compid:1 msgid#:24=GPS_RAW_INT Time:0h:0m:0s FixType:1 Latitude:0 Longitude:0 GroundSpeed:0 CoG(deg):0 SatsVisible:0
mavlink_receive() - MSG RCVD - magic:254 seq:84 src sysid:1 src compid:1 msgid#:2=SYSTEM_TIME time_unix_usec:I can't print uint64_t's here time_boot_ms:239087732
mavlink_receive() - MSG RCVD - magic:254 seq:85 src sysid:1 src compid:1 msgid#:165=HWSTATUS Vcc:5052mV I2Cerr:0errors
mavlink_receive() - MSG RCVD - magic:254 seq:86 src sysid:1 src compid:1 msgid#:147=BATTERY_STATUS voltages[0]:13371 voltages[1]:65535 current_battery:0
mavlink_receive() - MSG RCVD - magic:254 seq:87 src sysid:1 src compid:1 msgid#:148=AUTOPILOT_VERSION vendor_id:0 product_id:0
mavlink_receive() - MSG RCVD - magic:254 seq:88 src sysid:1 src compid:1 msgid#:36=SERVO_OUTPUT_RAW - undecoded
mavlink_receive() - MSG RCVD - magic:254 seq:89 src sysid:1 src compid:1 msgid#:65=RC_CHANNELS - undecoded
mavlink_receive() - MSG RCVD - magic:254 seq:90 src sysid:1 src compid:1 msgid#:35=RC_CHANNELS_RAW - undecoded
case_rx_from_autopilot() - Done RX - ending at Millis:69367
case_heartbeat_to_autopilot() - Time to execute.
case_heartbeat_to_autopilot() - Time to execute.
case_heartbeat_to_autopilot() - Time to execute.
case_tx_to_autopilot() - Periodic TX - Time to execute.
case_tx_to_autopilot() - Periodic TX - calling set_disarm_ap()
case_tx_to_autopilot() - Periodic TX - do quick and dirty mavlink_receive() to check for response to disarm request
mavlink_receive() - MSG RCVD - magic:254 seq:91 src sysid:1 src compid:1 msgid#:77=COMMAND_ACK command:511 result:0
mavlink_receive() - MSG RCVD - magic:254 seq:24 src sysid:255 src compid:190 msgid#:0=HEARTBEAT FlightMode:0 Type:6 Autopilot:8 BaseMode:0 CustomMode:0 SystemStatus:0 MavlinkVersion:3
mavlink_receive() - MSG RCVD - magic:254 seq:92 src sysid:1 src compid:1 msgid#:36=SERVO_OUTPUT_RAW - undecoded
mavlink_receive() - MSG RCVD - magic:254 seq:93 src sysid:1 src compid:1 msgid#:65=RC_CHANNELS - undecoded
mavlink_receive() - MSG RCVD - magic:254 seq:94 src sysid:1 src compid:1 msgid#:35=RC_CHANNELS_RAW - undecoded
mavlink_receive() - MSG RCVD - magic:254 seq:95 src sysid:1 src compid:1 msgid#:0=HEARTBEAT FlightMode:4 Type:11 Autopilot:3 BaseMode:1 CustomMode:4 SystemStatus:5 MavlinkVersion:3
mavlink_receive() - MSG RCVD - magic:254 seq:225 src sysid:1 src compid:0 msgid#:0=HEARTBEAT FlightMode:0 Type:27 Autopilot:8 BaseMode:4 CustomMode:0 SystemStatus:4 MavlinkVersion:3
mavlink_receive() - MSG RCVD - magic:254 seq:96 src sysid:1 src compid:1 msgid#:77=COMMAND_ACK command:511 result:0
mavlink_receive() - MSG RCVD - magic:254 seq:97 src sysid:1 src compid:1 msgid#:33=GLOBAL_POSITION_INT TimeSinceBoot:239088732mS LAT:0degE7 LON:0degE7 MSL_ALT:5690mm REL_ALT:5699mm VelX:0cm/s VelY:0cm/s VelZ:0cm/s Heading:16873cdeg
mavlink_receive() - MSG RCVD - magic:254 seq:98 src sysid:1 src compid:1 msgid#:1=SYS_STATUS onboard_control_sensors_present:321969199 onboard_control_sensors_enabled:52461615 onboard_control_sensors_health:34636079 load:72
mavlink_receive() - MSG RCVD - magic:254 seq:99 src sysid:1 src compid:1 msgid#:24=GPS_RAW_INT Time:0h:0m:0s FixType:1 Latitude:0 Longitude:0 GroundSpeed:0 CoG(deg):0 SatsVisible:0
mavlink_receive() - MSG RCVD - magic:254 seq:239 src sysid:1 src compid:1 msgid#:36=SERVO_OUTPUT_RAW - undecoded
mavlink_receive() - MSG RCVD - magic:254 seq:240 src sysid:1 src compid:1 msgid#:65=RC_CHANNELS - undecoded
mavlink_receive() - MSG RCVD - magic:254 seq:241 src sysid:1 src compid:1 msgid#:35=RC_CHANNELS_RAW - undecoded
mavlink_receive() - MSG RCVD - magic:254 seq:190 src sysid:255 src compid:190 msgid#:0=HEARTBEAT FlightMode:0 Type:6 Autopilot:8 BaseMode:0 CustomMode:0 SystemStatus:0 MavlinkVersion:3
mavlink_receive() - MSG RCVD - magic:254 seq:242 src sysid:1 src compid:1 msgid#:36=SERVO_OUTPUT_RAW - undecoded
mavlink_receive() - MSG RCVD - magic:254 seq:243 src sysid:1 src compid:1 msgid#:65=RC_CHANNELS - undecoded
mavlink_receive() - MSG RCVD - magic:254 seq:244 src sysid:1 src compid:1 msgid#:35=RC_CHANNELS_RAW - undecoded
mavlink_receive() - MSG RCVD - magic:254 seq:245 src sysid:1 src compid:1 msgid#:0=HEARTBEAT FlightMode:4 Type:11 Autopilot:3 BaseMode:1 CustomMode:4 SystemStatus:5 MavlinkVersion:3
mavlink_receive() - MSG RCVD - magic:254 seq:77 src sysid:1 src compid:0 msgid#:0=HEARTBEAT FlightMode:0 Type:27 Autopilot:8 BaseMode:4 CustomMode:0 SystemStatus:4 MavlinkVersion:3
mavlink_receive() - MSG RCVD - magic:254 seq:246 src sysid:1 src compid:1 msgid#:36=SERVO_OUTPUT_RAW - undecoded
mavlink_receive() - MSG RCVD - magic:254 seq:247 src sysid:1 src compid:1 msgid#:65=RC_CHANNELS - undecoded
mavlink_receive() - MSG RCVD - magic:254 seq:248 src sysid:1 src compid:1 msgid#:35=RC_CHANNELS_RAW - undecoded
mavlink_receive() - MSG RCVD - magic:254 seq:192 src sysid:255 src compid:190 msgid#:0=HEARTBEAT FlightMode:0 Type:6 Autopilot:8 BaseMode:0 CustomMode:0 SystemStatus:0 MavlinkVersion:3
mavlink_receive() - MSG RCVD - magic:254 seq:249 src sysid:1 src compid:1 msgid#:36=SERVO_OUTPUT_RAW - undecoded
mavlink_receive() - MSG RCVD - magic:254 seq:250 src sysid:1 src compid:1 msgid#:65=RC_CHANNELS - undecoded
mavlink_receive() - MSG RCVD - magic:254 seq:251 src sysid:1 src compid:1 msgid#:35=RC_CHANNELS_RAW - undecoded
mavlink_receive() - MSG RCVD - magic:254 seq:252 src sysid:1 src compid:1 msgid#:0=HEARTBEAT FlightMode:4 Type:11 Autopilot:3 BaseMode:1 CustomMode:4 SystemStatus:5 MavlinkVersion:3
mavlink_receive() - MSG RCVD - magic:254 seq:79 src sysid:1 src compid:0 msgid#:0=HEARTBEAT FlightMode:0 Type:27 Autopilot:8 BaseMode:4 CustomMode:0 SystemStatus:4 MavlinkVersion:3
mavlink_receive() - MSG RCVD - magic:254 seq:193 src sysid:255 src compid:190 msgid#:66=REQUEST_DATA_STREAM target_system:1target_comp:0req_stream_id:2req_message_rate:2start_stop:1
mavlink_receive() - MSG RCVD - magic:254 seq:194 src sysid:255 src compid:190 msgid#:66=REQUEST_DATA_STREAM target_system:1target_comp:0req_stream_id:2req_message_rate:2start_stop:1
mavlink_receive() - MSG RCVD - magic:254 seq:195 src sysid:255 src compid:190 msgid#:66=REQUEST_DATA_STREAM target_system:1target_comp:0req_stream_id:6req_message_rate:2start_stop:1
mavlink_receive() - MSG RCVD - magic:254 seq:196 src sysid:255 src compid:190 msgid#:66=REQUEST_DATA_STREAM target_system:1target_comp:0req_stream_id:6req_message_rate:2start_stop:1
mavlink_receive() - MSG RCVD - magic:254 seq:197 src sysid:255 src compid:190 msgid#:66=REQUEST_DATA_STREAM target_system:1target_comp:0req_stream_id:10req_message_rate:4start_stop:1
mavlink_receive() - MSG RCVD - magic:254 seq:198 src sysid:255 src compid:190 msgid#:66=REQUEST_DATA_STREAM target_system:1target_comp:0req_stream_id:10req_message_rate:4start_stop:1
mavlink_receive() - MSG RCVD - magic:254 seq:199 src sysid:255 src compid:190 msgid#:66=REQUEST_DATA_STREAM target_system:1target_comp:0req_stream_id:11req_message_rate:4start_stop:1
mavlink_receive() - MSG RCVD - magic:254 seq:200 src sysid:255 src compid:190 msgid#:66=REQUEST_DATA_STREAM target_system:1target_comp:0req_stream_id:11req_message_rate:4start_stop:1
mavlink_receive() - MSG RCVD - magic:254 seq:201 src sysid:255 src compid:190 msgid#:66=REQUEST_DATA_STREAM target_system:1target_comp:0req_stream_id:12req_message_rate:2start_stop:1
mavlink_receive() - MSG RCVD - magic:254 seq:202 src sysid:255 src compid:190 msgid#:66=REQUEST_DATA_STREAM target_system:1target_comp:0req_stream_id:12req_message_rate:2start_stop:1
mavlink_receive() - MSG RCVD - magic:254 seq:203 src sysid:255 src compid:190 msgid#:66=REQUEST_DATA_STREAM target_system:1target_comp:0req_stream_id:1req_message_rate:2start_stop:1
mavlink_receive() - MSG RCVD - magic:254 seq:204 src sysid:255 src compid:190 msgid#:66=REQUEST_DATA_STREAM target_system:1target_comp:0req_stream_id:1req_message_rate:2start_stop:1
mavlink_receive() - MSG RCVD - magic:254 seq:205 src sysid:255 src compid:190 msgid#:66=REQUEST_DATA_STREAM target_system:1target_comp:0req_stream_id:3req_message_rate:2start_stop:1
mavlink_receive() - MSG RCVD - magic:254 seq:206 src sysid:255 src compid:190 msgid#:66=REQUEST_DATA_STREAM target_system:1target_comp:0req_stream_id:3req_message_rate:2start_stop:1
mavlink_receive() - MSG RCVD - magic:254 seq:253 src sysid:1 src compid:1 msgid#:36=SERVO_OUTPUT_RAW - undecoded
mavlink_receive() - MSG RCVD - magic:254 seq:254 src sysid:1 src compid:1 msgid#:65=RC_CHANNELS - undecoded
mavlink_receive() - MSG RCVD - magic:254 seq:255 src sysid:1 src compid:1 msgid#:35=RC_CHANNELS_RAW - undecoded
mavlink_receive() - MSG RCVD - magic:254 seq:208 src sysid:255 src compid:190 msgid#:0=HEARTBEAT FlightMode:0 Type:6 Autopilot:8 BaseMode:0 CustomMode:0 SystemStatus:0 MavlinkVersion:3
mavlink_receive() - MSG RCVD - magic:254 seq:0 src sysid:1 src compid:1 msgid#:36=SERVO_OUTPUT_RAW - undecoded
mavlink_receive() - MSG RCVD - magic:254 seq:1 src sysid:1 src compid:1 msgid#:65=RC_CHANNELS - undecoded
mavlink_receive() - MSG RCVD - magic:254 seq:2 src sysid:1 src compid:1 msgid#:35=RC_CHANNELS_RAW - undecoded
mavlink_receive() - MSG RCVD - magic:254 seq:3 src sysid:1 src compid:1 msgid#:0=HEARTBEAT FlightMode:4 Type:11 Autopilot:3 BaseMode:1 CustomMode:4 SystemStatus:5 MavlinkVersion:3
case_tx_to_autopilot() - Periodic TX - Finished.
case_rx_from_autopilot() - Time to execute.
mavlink_unrequest_datastream() - Executing
case_rx_from_autopilot() - ATTEMPTING RX - starting at Millis:130311
mavlink_receive() - MSG RCVD - magic:254 seq:4 src sysid:1 src compid:1 msgid#:77=COMMAND_ACK command:511 result:0
mavlink_receive() - MSG RCVD - magic:254 seq:81 src sysid:1 src compid:0 msgid#:0=HEARTBEAT FlightMode:0 Type:27 Autopilot:8 BaseMode:4 CustomMode:0 SystemStatus:4 MavlinkVersion:3
mavlink_receive() - MSG RCVD - magic:254 seq:5 src sysid:1 src compid:1 msgid#:36=SERVO_OUTPUT_RAW - undecoded
mavlink_receive() - MSG RCVD - magic:254 seq:6 src sysid:1 src compid:1 msgid#:65=RC_CHANNELS - undecoded
mavlink_receive() - MSG RCVD - magic:254 seq:7 src sysid:1 src compid:1 msgid#:35=RC_CHANNELS_RAW - undecoded
mavlink_receive() - MSG RCVD - magic:254 seq:8 src sysid:1 src compid:1 msgid#:77=COMMAND_ACK command:511 result:0
mavlink_receive() - MSG RCVD - magic:254 seq:210 src sysid:255 src compid:190 msgid#:0=HEARTBEAT FlightMode:0 Type:6 Autopilot:8 BaseMode:0 CustomMode:0 SystemStatus:0 MavlinkVersion:3
mavlink_receive() - MSG RCVD - magic:254 seq:9 src sysid:1 src compid:1 msgid#:36=SERVO_OUTPUT_RAW - undecoded
mavlink_receive() - MSG RCVD - magic:254 seq:10 src sysid:1 src compid:1 msgid#:65=RC_CHANNELS - undecoded
mavlink_receive() - MSG RCVD - magic:254 seq:11 src sysid:1 src compid:1 msgid#:35=RC_CHANNELS_RAW - undecoded
mavlink_receive() - MSG RCVD - magic:254 seq:12 src sysid:1 src compid:1 msgid#:0=HEARTBEAT FlightMode:4 Type:11 Autopilot:3 BaseMode:1 CustomMode:4 SystemStatus:5 MavlinkVersion:3
mavlink_receive() - MSG RCVD - magic:254 seq:13 src sysid:1 src compid:1 msgid#:77=COMMAND_ACK command:511 result:0
mavlink_receive() - MSG RCVD - magic:254 seq:14 src sysid:1 src compid:1 msgid#:125=POWER_STATUS Vcc:5117mV Vservo:5020mV flags:3
mavlink_receive() - MSG RCVD - magic:254 seq:15 src sysid:1 src compid:1 msgid#:165=HWSTATUS Vcc:5117mV I2Cerr:0errors
mavlink_receive() - MSG RCVD - magic:254 seq:72 src sysid:1 src compid:1 msgid#:2=SYSTEM_TIME time_unix_usec:I can't print uint64_t's here time_boot_ms:239149632
mavlink_receive() - MSG RCVD - magic:254 seq:73 src sysid:1 src compid:1 msgid#:165=HWSTATUS Vcc:5015mV I2Cerr:0errors
mavlink_receive() - MSG RCVD - magic:254 seq:74 src sysid:1 src compid:1 msgid#:147=BATTERY_STATUS voltages[0]:13589 voltages[1]:65535 current_battery:59
mavlink_receive() - MSG RCVD - magic:254 seq:75 src sysid:1 src compid:1 msgid#:148=AUTOPILOT_VERSION vendor_id:0 product_id:0
mavlink_receive() - MSG RCVD - magic:254 seq:91 src sysid:1 src compid:0 msgid#:0=HEARTBEAT FlightMode:0 Type:27 Autopilot:8 BaseMode:4 CustomMode:0 SystemStatus:4 MavlinkVersion:3
mavlink_receive() - MSG RCVD - magic:254 seq:76 src sysid:1 src compid:1 msgid#:36=SERVO_OUTPUT_RAW - undecoded
mavlink_receive() - MSG RCVD - magic:254 seq:77 src sysid:1 src compid:1 msgid#:65=RC_CHANNELS - undecoded
mavlink_receive() - MSG RCVD - magic:254 seq:78 src sysid:1 src compid:1 msgid#:35=RC_CHANNELS_RAW - undecoded
mavlink_receive() - MSG RCVD - magic:254 seq:223 src sysid:255 src compid:190 msgid#:0=HEARTBEAT FlightMode:0 Type:6 Autopilot:8 BaseMode:0 CustomMode:0 SystemStatus:0 MavlinkVersion:3
mavlink_receive() - MSG RCVD - magic:254 seq:79 src sysid:1 src compid:1 msgid#:36=SERVO_OUTPUT_RAW - undecoded
mavlink_receive() - MSG RCVD - magic:254 seq:80 src sysid:1 src compid:1 msgid#:65=RC_CHANNELS - undecoded
mavlink_receive() - MSG RCVD - magic:254 seq:81 src sysid:1 src compid:1 msgid#:35=RC_CHANNELS_RAW - undecoded
mavlink_receive() - MSG RCVD - magic:254 seq:82 src sysid:1 src compid:1 msgid#:0=HEARTBEAT FlightMode:4 Type:11 Autopilot:3 BaseMode:1 CustomMode:4 SystemStatus:5 MavlinkVersion:3
mavlink_receive() - MSG RCVD - magic:254 seq:83 src sysid:1 src compid:1 msgid#:33=GLOBAL_POSITION_INT TimeSinceBoot:239150632mS LAT:0degE7 LON:0degE7 MSL_ALT:5710mm REL_ALT:5719mm VelX:0cm/s VelY:0cm/s VelZ:0cm/s Heading:16860cdeg
mavlink_receive() - MSG RCVD - magic:254 seq:84 src sysid:1 src compid:1 msgid#:1=SYS_STATUS onboard_control_sensors_present:321969199 onboard_control_sensors_enabled:52461615 onboard_control_sensors_health:34636079 load:72
mavlink_receive() - MSG RCVD - magic:254 seq:85 src sysid:1 src compid:1 msgid#:125=POWER_STATUS Vcc:5049mV Vservo:5024mV flags:3
mavlink_receive() - MSG RCVD - magic:254 seq:86 src sysid:1 src compid:1 msgid#:24=GPS_RAW_INT Time:0h:0m:0s FixType:1 Latitude:0 Longitude:0 GroundSpeed:0 CoG(deg):0 SatsVisible:0
mavlink_receive() - MSG RCVD - magic:254 seq:87 src sysid:1 src compid:1 msgid#:2=SYSTEM_TIME time_unix_usec:I can't print uint64_t's here time_boot_ms:239150632
mavlink_receive() - MSG RCVD - magic:254 seq:88 src sysid:1 src compid:1 msgid#:165=HWSTATUS Vcc:5049mV I2Cerr:0errors
mavlink_receive() - MSG RCVD - magic:254 seq:89 src sysid:1 src compid:1 msgid#:147=BATTERY_STATUS voltages[0]:13395 voltages[1]:65535 current_battery:0
mavlink_receive() - MSG RCVD - magic:254 seq:90 src sysid:1 src compid:1 msgid#:148=AUTOPILOT_VERSION vendor_id:0 product_id:0
mavlink_receive() - MSG RCVD - magic:254 seq:93 src sysid:1 src compid:0 msgid#:0=HEARTBEAT FlightMode:0 Type:27 Autopilot:8 BaseMode:4 CustomMode:0 SystemStatus:4 MavlinkVersion:3
mavlink_receive() - MSG RCVD - magic:254 seq:91 src sysid:1 src compid:1 msgid#:36=SERVO_OUTPUT_RAW - undecoded
mavlink_receive() - MSG RCVD - magic:254 seq:92 src sysid:1 src compid:1 msgid#:65=RC_CHANNELS - undecoded
mavlink_receive() - MSG RCVD - magic:254 seq:93 src sysid:1 src compid:1 msgid#:35=RC_CHANNELS_RAW - undecoded
mavlink_receive() - MSG RCVD - magic:254 seq:225 src sysid:255 src compid:190 msgid#:0=HEARTBEAT FlightMode:0 Type:6 Autopilot:8 BaseMode:0 CustomMode:0 SystemStatus:0 MavlinkVersion:3
mavlink_receive() - MSG RCVD - magic:254 seq:94 src sysid:1 src compid:1 msgid#:36=SERVO_OUTPUT_RAW - undecoded
mavlink_receive() - MSG RCVD - magic:254 seq:95 src sysid:1 src compid:1 msgid#:65=RC_CHANNELS - undecoded
mavlink_receive() - MSG RCVD - magic:254 seq:96 src sysid:1 src compid:1 msgid#:35=RC_CHANNELS_RAW - undecoded
mavlink_receive() - MSG RCVD - magic:254 seq:97 src sysid:1 src compid:1 msgid#:0=HEARTBEAT FlightMode:4 Type:11 Autopilot:3 BaseMode:1 CustomMode:4 SystemStatus:5 MavlinkVersion:3
mavlink_receive() - MSG RCVD - magic:254 seq:98 src sysid:1 src compid:1 msgid#:33=GLOBAL_POSITION_INT TimeSinceBoot:239151632mS LAT:0degE7 LON:0degE7 MSL_ALT:5830mm REL_ALT:5832mm VelX:0cm/s VelY:0cm/s VelZ:0cm/s Heading:16862cdeg
mavlink_receive() - MSG RCVD - magic:254 seq:99 src sysid:1 src compid:1 msgid#:1=SYS_STATUS onboard_control_sensors_present:321969199 onboard_control_sensors_enabled:52461615 onboard_control_sensors_health:34636079 load:72
mavlink_receive() - MSG RCVD - magic:254 seq:100 src sysid:1 src compid:1 msgid#:125=POWER_STATUS Vcc:5026mV Vservo:5022mV flags:3
mavlink_receive() - MSG RCVD - magic:254 seq:101 src sysid:1 src compid:1 msgid#:24=GPS_RAW_INT Time:0h:0m:0s FixType:1 Latitude:0 Longitude:0 GroundSpeed:0 CoG(deg):0 SatsVisible:0
mavlink_receive() - MSG RCVD - magic:254 seq:102 src sysid:1 src compid:1 msgid#:2=SYSTEM_TIME time_unix_usec:I can't print uint64_t's here time_boot_ms:239151632
mavlink_receive() - MSG RCVD - magic:254 seq:103 src sysid:1 src compid:1 msgid#:165=HWSTATUS Vcc:5026mV I2Cerr:0errors
mavlink_receive() - MSG RCVD - magic:254 seq:104 src sysid:1 src compid:1 msgid#:147=BATTERY_STATUS voltages[0]:13564 voltages[1]:65535 current_battery:56
mavlink_receive() - MSG RCVD - magic:254 seq:105 src sysid:1 src compid:1 msgid#:148=AUTOPILOT_VERSION vendor_id:0 product_id:0
mavlink_receive() - MSG RCVD - magic:254 seq:95 src sysid:1 src compid:0 msgid#:0=HEARTBEAT FlightMode:0 Type:27 Autopilot:8 BaseMode:4 CustomMode:0 SystemStatus:4 MavlinkVersion:3
mavlink_receive() - MSG RCVD - magic:254 seq:106 src sysid:1 src compid:1 msgid#:36=SERVO_OUTPUT_RAW - undecoded
mavlink_receive() - MSG RCVD - magic:254 seq:107 src sysid:1 src compid:1 msgid#:65=RC_CHANNELS - undecoded
mavlink_receive() - MSG RCVD - magic:254 seq:108 src sysid:1 src compid:1 msgid#:35=RC_CHANNELS_RAW - undecoded
case_rx_from_autopilot() - Done RX - ending at Millis:133311
case_tx_to_agt() - Time to execute
sendSharedSettings_to_AGT() - starting
sendSharedSettings_to_AGT() - FMX about to SerialTransfer sendDatum() to AGT
sendSharedSettings_to_AGT() - FMX to AGT transfer finished - numbytessent:208
case_tx_to_agt() - finished
case_heartbeat_to_autopilot() - Time to execute.
case_heartbeat_to_autopilot() - Time to execute.
case_rx_from_agt() - FMX received a Datum from the AGT
case_heartbeat_to_autopilot() - Time to execute.
case_rx_from_autopilot() - Time to execute.
mavlink_unrequest_datastream() - Executing
case_rx_from_autopilot() - ATTEMPTING RX - starting at Millis:191542
mavlink_receive() - MSG RCVD - magic:254 seq:109 src sysid:1 src compid:1 msgid#:77=COMMAND_ACK command:511 result:0
mavlink_receive() - MSG RCVD - magic:254 seq:227 src sysid:255 src compid:190 msgid#:0=HEARTBEAT FlightMode:0 Type:6 Autopilot:8 BaseMode:0 CustomMode:0 SystemStatus:0 MavlinkVersion:3
mavlink_receive() - MSG RCVD - magic:254 seq:110 src sysid:1 src compid:1 msgid#:36=SERVO_OUTPUT_RAW - undecoded
mavlink_receive() - MSG RCVD - magic:254 seq:111 src sysid:1 src compid:1 msgid#:65=RC_CHANNELS - undecoded
mavlink_receive() - MSG RCVD - magic:254 seq:112 src sysid:1 src compid:1 msgid#:35=RC_CHANNELS_RAW - undecoded
mavlink_receive() - MSG RCVD - magic:254 seq:113 src sysid:1 src compid:1 msgid#:0=HEARTBEAT FlightMode:4 Type:11 Autopilot:3 BaseMode:1 CustomMode:4 SystemStatus:5 MavlinkVersion:3
mavlink_receive() - MSG RCVD - magic:254 seq:114 src sysid:1 src compid:1 msgid#:77=COMMAND_ACK command:511 result:0
mavlink_receive() - MSG RCVD - magic:254 seq:115 src sysid:1 src compid:1 msgid#:33=GLOBAL_POSITION_INT TimeSinceBoot:239152632mS LAT:0degE7 LON:0degE7 MSL_ALT:5770mm REL_ALT:5778mm VelX:0cm/s VelY:0cm/s VelZ:0cm/s Heading:16864cdeg
mavlink_receive() - MSG RCVD - magic:254 seq:116 src sysid:1 src compid:1 msgid#:1=SYS_STATUS onboard_control_sensors_present:321969199 onboard_control_sensors_enabled:52461615 onboard_control_sensors_health:34636079 load:72
mavlink_receive() - MSG RCVD - magic:254 seq:117 src sysid:1 src compid:1 msgid#:24=GPS_RAW_INT Time:0h:0m:0s FixType:1 Latitude:0 Longitude:0 GroundSpeed:0 CoG(deg):0 SatsVisible:0
mavlink_receive() - MSG RCVD - magic:254 seq:118 src sysid:1 src compid:1 msgid#:2=SYSTEM_TIME time_unix_usec:I can't print uint64_t's here time_boot_ms:239152632
mavlink_receive() - MSG RCVD - magic:254 seq:147 src sysid:255 src compid:190 msgid#:0=HEARTBEAT FlightMode:0 Type:6 Autopilot:8 BaseMode:0 CustomMode:0 SystemStatus:0 MavlinkVersion:3
mavlink_receive() - MSG RCVD - magic:254 seq:61 src sysid:1 src compid:1 msgid#:36=SERVO_OUTPUT_RAW - undecoded
mavlink_receive() - MSG RCVD - magic:254 seq:62 src sysid:1 src compid:1 msgid#:65=RC_CHANNELS - undecoded
mavlink_receive() - MSG RCVD - magic:254 seq:63 src sysid:1 src compid:1 msgid#:35=RC_CHANNELS_RAW - undecoded
mavlink_receive() - MSG RCVD - magic:254 seq:64 src sysid:1 src compid:1 msgid#:0=HEARTBEAT FlightMode:4 Type:11 Autopilot:3 BaseMode:1 CustomMode:4 SystemStatus:5 MavlinkVersion:3
mavlink_receive() - MSG RCVD - magic:254 seq:213 src sysid:1 src compid:0 msgid#:0=HEARTBEAT FlightMode:0 Type:27 Autopilot:8 BaseMode:4 CustomMode:0 SystemStatus:4 MavlinkVersion:3
mavlink_receive() - MSG RCVD - magic:254 seq:65 src sysid:1 src compid:1 msgid#:33=GLOBAL_POSITION_INT TimeSinceBoot:239210791mS LAT:0degE7 LON:0degE7 MSL_ALT:5790mm REL_ALT:5792mm VelX:0cm/s VelY:0cm/s VelZ:0cm/s Heading:16876cdeg
mavlink_receive() - MSG RCVD - magic:254 seq:66 src sysid:1 src compid:1 msgid#:1=SYS_STATUS onboard_control_sensors_present:321969199 onboard_control_sensors_enabled:52461615 onboard_control_sensors_health:34636079 load:74
mavlink_receive() - MSG RCVD - magic:254 seq:67 src sysid:1 src compid:1 msgid#:125=POWER_STATUS Vcc:5108mV Vservo:5022mV flags:3
mavlink_receive() - MSG RCVD - magic:254 seq:68 src sysid:1 src compid:1 msgid#:24=GPS_RAW_INT Time:0h:0m:0s FixType:1 Latitude:0 Longitude:0 GroundSpeed:0 CoG(deg):0 SatsVisible:0
mavlink_receive() - MSG RCVD - magic:254 seq:69 src sysid:1 src compid:1 msgid#:2=SYSTEM_TIME time_unix_usec:I can't print uint64_t's here time_boot_ms:239210791
mavlink_receive() - MSG RCVD - magic:254 seq:70 src sysid:1 src compid:1 msgid#:165=HWSTATUS Vcc:5108mV I2Cerr:0errors
mavlink_receive() - MSG RCVD - magic:254 seq:71 src sysid:1 src compid:1 msgid#:147=BATTERY_STATUS voltages[0]:13358 voltages[1]:65535 current_battery:0
mavlink_receive() - MSG RCVD - magic:254 seq:72 src sysid:1 src compid:1 msgid#:148=AUTOPILOT_VERSION vendor_id:0 product_id:0
mavlink_receive() - MSG RCVD - magic:254 seq:73 src sysid:1 src compid:1 msgid#:36=SERVO_OUTPUT_RAW - undecoded
mavlink_receive() - MSG RCVD - magic:254 seq:74 src sysid:1 src compid:1 msgid#:65=RC_CHANNELS - undecoded
mavlink_receive() - MSG RCVD - magic:254 seq:75 src sysid:1 src compid:1 msgid#:35=RC_CHANNELS_RAW - undecoded
mavlink_receive() - MSG RCVD - magic:254 seq:148 src sysid:255 src compid:190 msgid#:66=REQUEST_DATA_STREAM target_system:1target_comp:100req_stream_id:2req_message_rate:2start_stop:1
mavlink_receive() - MSG RCVD - magic:254 seq:149 src sysid:255 src compid:190 msgid#:66=REQUEST_DATA_STREAM target_system:1target_comp:100req_stream_id:2req_message_rate:2start_stop:1
mavlink_receive() - MSG RCVD - magic:254 seq:150 src sysid:255 src compid:190 msgid#:66=REQUEST_DATA_STREAM target_system:1target_comp:100req_stream_id:6req_message_rate:2start_stop:1
mavlink_receive() - MSG RCVD - magic:254 seq:151 src sysid:255 src compid:190 msgid#:66=REQUEST_DATA_STREAM target_system:1target_comp:100req_stream_id:6req_message_rate:2start_stop:1
mavlink_receive() - MSG RCVD - magic:254 seq:152 src sysid:255 src compid:190 msgid#:66=REQUEST_DATA_STREAM target_system:1target_comp:100req_stream_id:10req_message_rate:4start_stop:1
mavlink_receive() - MSG RCVD - magic:254 seq:153 src sysid:255 src compid:190 msgid#:66=REQUEST_DATA_STREAM target_system:1target_comp:100req_stream_id:10req_message_rate:4start_stop:1
mavlink_receive() - MSG RCVD - magic:254 seq:154 src sysid:255 src compid:190 msgid#:66=REQUEST_DATA_STREAM target_system:1target_comp:100req_stream_id:11req_message_rate:4start_stop:1
mavlink_receive() - MSG RCVD - magic:254 seq:155 src sysid:255 src compid:190 msgid#:66=REQUEST_DATA_STREAM target_system:1target_comp:100req_stream_id:11req_message_rate:4start_stop:1
mavlink_receive() - MSG RCVD - magic:254 seq:156 src sysid:255 src compid:190 msgid#:66=REQUEST_DATA_STREAM target_system:1target_comp:100req_stream_id:12req_message_rate:2start_stop:1
mavlink_receive() - MSG RCVD - magic:254 seq:157 src sysid:255 src compid:190 msgid#:66=REQUEST_DATA_STREAM target_system:1target_comp:100req_stream_id:12req_message_rate:2start_stop:1
mavlink_receive() - MSG RCVD - magic:254 seq:158 src sysid:255 src compid:190 msgid#:66=REQUEST_DATA_STREAM target_system:1target_comp:100req_stream_id:1req_message_rate:2start_stop:1
mavlink_receive() - MSG RCVD - magic:254 seq:159 src sysid:255 src compid:190 msgid#:66=REQUEST_DATA_STREAM target_system:1target_comp:100req_stream_id:1req_message_rate:2start_stop:1
mavlink_receive() - MSG RCVD - magic:254 seq:160 src sysid:255 src compid:190 msgid#:66=REQUEST_DATA_STREAM target_system:1target_comp:100req_stream_id:3req_message_rate:2start_stop:1
mavlink_receive() - MSG RCVD - magic:254 seq:161 src sysid:255 src compid:190 msgid#:66=REQUEST_DATA_STREAM target_system:1target_comp:100req_stream_id:3req_message_rate:2start_stop:1
mavlink_receive() - MSG RCVD - magic:254 seq:163 src sysid:255 src compid:190 msgid#:0=HEARTBEAT FlightMode:0 Type:6 Autopilot:8 BaseMode:0 CustomMode:0 SystemStatus:0 MavlinkVersion:3
mavlink_receive() - MSG RCVD - magic:254 seq:76 src sysid:1 src compid:1 msgid#:36=SERVO_OUTPUT_RAW - undecoded
mavlink_receive() - MSG RCVD - magic:254 seq:77 src sysid:1 src compid:1 msgid#:65=RC_CHANNELS - undecoded
mavlink_receive() - MSG RCVD - magic:254 seq:78 src sysid:1 src compid:1 msgid#:35=RC_CHANNELS_RAW - undecoded
mavlink_receive() - MSG RCVD - magic:254 seq:79 src sysid:1 src compid:1 msgid#:0=HEARTBEAT FlightMode:4 Type:11 Autopilot:3 BaseMode:1 CustomMode:4 SystemStatus:5 MavlinkVersion:3
mavlink_receive() - MSG RCVD - magic:254 seq:215 src sysid:1 src compid:0 msgid#:0=HEARTBEAT FlightMode:0 Type:27 Autopilot:8 BaseMode:4 CustomMode:0 SystemStatus:4 MavlinkVersion:3
mavlink_receive() - MSG RCVD - magic:254 seq:80 src sysid:1 src compid:1 msgid#:33=GLOBAL_POSITION_INT TimeSinceBoot:239211791mS LAT:0degE7 LON:0degE7 MSL_ALT:5730mm REL_ALT:5739mm VelX:0cm/s VelY:0cm/s VelZ:0cm/s Heading:16877cdeg
mavlink_receive() - MSG RCVD - magic:254 seq:81 src sysid:1 src compid:1 msgid#:1=SYS_STATUS onboard_control_sensors_present:321969199 onboard_control_sensors_enabled:52461615 onboard_control_sensors_health:34636079 load:73
mavlink_receive() - MSG RCVD - magic:254 seq:82 src sysid:1 src compid:1 msgid#:125=POWER_STATUS Vcc:5048mV Vservo:5017mV flags:3
mavlink_receive() - MSG RCVD - magic:254 seq:83 src sysid:1 src compid:1 msgid#:24=GPS_RAW_INT Time:0h:0m:0s FixType:1 Latitude:0 Longitude:0 GroundSpeed:0 CoG(deg):0 SatsVisible:0
mavlink_receive() - MSG RCVD - magic:254 seq:84 src sysid:1 src compid:1 msgid#:2=SYSTEM_TIME time_unix_usec:I can't print uint64_t's here time_boot_ms:239211791
mavlink_receive() - MSG RCVD - magic:254 seq:85 src sysid:1 src compid:1 msgid#:165=HWSTATUS Vcc:5048mV I2Cerr:0errors
mavlink_receive() - MSG RCVD - magic:254 seq:86 src sysid:1 src compid:1 msgid#:147=BATTERY_STATUS voltages[0]:13610 voltages[1]:65535 current_battery:53
mavlink_receive() - MSG RCVD - magic:254 seq:87 src sysid:1 src compid:1 msgid#:148=AUTOPILOT_VERSION vendor_id:0 product_id:0
mavlink_receive() - MSG RCVD - magic:254 seq:88 src sysid:1 src compid:1 msgid#:36=SERVO_OUTPUT_RAW - undecoded
mavlink_receive() - MSG RCVD - magic:254 seq:89 src sysid:1 src compid:1 msgid#:65=RC_CHANNELS - undecoded
mavlink_receive() - MSG RCVD - magic:254 seq:90 src sysid:1 src compid:1 msgid#:35=RC_CHANNELS_RAW - undecoded
mavlink_receive() - MSG RCVD - magic:254 seq:165 src sysid:255 src compid:190 msgid#:0=HEARTBEAT FlightMode:0 Type:6 Autopilot:8 BaseMode:0 CustomMode:0 SystemStatus:0 MavlinkVersion:3
mavlink_receive() - MSG RCVD - magic:254 seq:91 src sysid:1 src compid:1 msgid#:36=SERVO_OUTPUT_RAW - undecoded
mavlink_receive() - MSG RCVD - magic:254 seq:92 src sysid:1 src compid:1 msgid#:65=RC_CHANNELS - undecoded
mavlink_receive() - MSG RCVD - magic:254 seq:93 src sysid:1 src compid:1 msgid#:35=RC_CHANNELS_RAW - undecoded
mavlink_receive() - MSG RCVD - magic:254 seq:94 src sysid:1 src compid:1 msgid#:0=HEARTBEAT FlightMode:4 Type:11 Autopilot:3 BaseMode:1 CustomMode:4 SystemStatus:5 MavlinkVersion:3
mavlink_receive() - MSG RCVD - magic:254 seq:217 src sysid:1 src compid:0 msgid#:0=HEARTBEAT FlightMode:0 Type:27 Autopilot:8 BaseMode:4 CustomMode:0 SystemStatus:4 MavlinkVersion:3
mavlink_receive() - MSG RCVD - magic:254 seq:95 src sysid:1 src compid:1 msgid#:33=GLOBAL_POSITION_INT TimeSinceBoot:239212791mS LAT:0degE7 LON:0degE7 MSL_ALT:5700mm REL_ALT:5707mm VelX:0cm/s VelY:0cm/s VelZ:0cm/s Heading:16876cdeg
mavlink_receive() - MSG RCVD - magic:254 seq:96 src sysid:1 src compid:1 msgid#:1=SYS_STATUS onboard_control_sensors_present:321969199 onboard_control_sensors_enabled:52461615 onboard_control_sensors_health:34636079 load:73
mavlink_receive() - MSG RCVD - magic:254 seq:97 src sysid:1 src compid:1 msgid#:125=POWER_STATUS Vcc:5093mV Vservo:5020mV flags:3
mavlink_receive() - MSG RCVD - magic:254 seq:98 src sysid:1 src compid:1 msgid#:24=GPS_RAW_INT Time:0h:0m:0s FixType:1 Latitude:0 Longitude:0 GroundSpeed:0 CoG(deg):0 SatsVisible:0
mavlink_receive() - MSG RCVD - magic:254 seq:99 src sysid:1 src compid:1 msgid#:2=SYSTEM_TIME time_unix_usec:I can't print uint64_t's here time_boot_ms:239212791
mavlink_receive() - MSG RCVD - magic:254 seq:100 src sysid:1 src compid:1 msgid#:165=HWSTATUS Vcc:5093mV I2Cerr:0errors
mavlink_receive() - MSG RCVD - magic:254 seq:101 src sysid:1 src compid:1 msgid#:147=BATTERY_STATUS voltages[0]:13377 voltages[1]:65535 current_battery:0
mavlink_receive() - MSG RCVD - magic:254 seq:102 src sysid:1 src compid:1 msgid#:148=AUTOPILOT_VERSION vendor_id:0 product_id:0
mavlink_receive() - MSG RCVD - magic:254 seq:103 src sysid:1 src compid:1 msgid#:36=SERVO_OUTPUT_RAW - undecoded
mavlink_receive() - MSG RCVD - magic:254 seq:104 src sysid:1 src compid:1 msgid#:65=RC_CHANNELS - undecoded
mavlink_receive() - MSG RCVD - magic:254 seq:105 src sysid:1 src compid:1 msgid#:35=RC_CHANNELS_RAW - undecoded
case_rx_from_autopilot() - Done RX - ending at Millis:194543
CANsendHello()
case_heartbeat_to_autopilot() - Time to execute.
case_heartbeat_to_autopilot() - Time to execute.
case_heartbeat_to_autopilot() - Time to execute.
case_tx_to_autopilot() - Periodic TX - Time to execute.
case_tx_to_autopilot() - Periodic TX - calling set_disarm_ap()
case_tx_to_autopilot() - Periodic TX - do quick and dirty mavlink_receive() to check for response to disarm request
mavlink_receive() - MSG RCVD - magic:254 seq:106 src sysid:1 src compid:1 msgid#:77=COMMAND_ACK command:511 result:0
mavlink_receive() - MSG RCVD - magic:254 seq:167 src sysid:255 src compid:190 msgid#:0=HEARTBEAT FlightMode:0 Type:6 Autopilot:8 BaseMode:0 CustomMode:0 SystemStatus:0 MavlinkVersion:3
mavlink_receive() - MSG RCVD - magic:254 seq:107 src sysid:1 src compid:1 msgid#:36=SERVO_OUTPUT_RAW - undecoded
mavlink_receive() - MSG RCVD - magic:254 seq:108 src sysid:1 src compid:1 msgid#:65=RC_CHANNELS - undecoded
mavlink_receive() - MSG RCVD - magic:254 seq:109 src sysid:1 src compid:1 msgid#:35=RC_CHANNELS_RAW - undecoded
mavlink_receive() - MSG RCVD - magic:254 seq:110 src sysid:1 src compid:1 msgid#:0=HEARTBEAT FlightMode:4 Type:11 Autopilot:3 BaseMode:1 CustomMode:4 SystemStatus:5 MavlinkVersion:3
mavlink_receive() - MSG RCVD - magic:254 seq:219 src sysid:1 src compid:0 msgid#:0=HEARTBEAT FlightMode:0 Type:27 Autopilot:8 BaseMode:4 CustomMode:0 SystemStatus:4 MavlinkVersion:3
mavlink_receive() - MSG RCVD - magic:254 seq:111 src sysid:1 src compid:1 msgid#:77=COMMAND_ACK command:511 result:0
mavlink_receive() - MSG RCVD - magic:254 seq:112 src sysid:1 src compid:1 msgid#:33=GLOBAL_POSITION_INT TimeSinceBoot:239213791mS LAT:0degE7 LON:0degE7 MSL_ALT:5800mm REL_ALT:5806mm VelX:0cm/s VelY:0cm/s VelZ:0cm/s Heading:16879cdeg
mavlink_receive() - MSG RCVD - magic:254 seq:113 src sysid:1 src compid:1 msgid#:1=SYS_STATUS onboard_control_sensors_present:321969199 onboard_control_sensors_enabled:52461615 onboard_control_sensors_health:34636079 load:73
mavlink_receive() - MSG RCVD - magic:254 seq:114 src sysid:1 src compid:1 msgid#:24=GPS_RAW_INT Time:0h:0m:0s FixType:1 Latitude:0 Longitude:0 GroundSpeed:0 CoG(deg):0 SatsVisible:0
mavlink_receive() - MSG RCVD - magic:254 seq:115 src sysid:1 src compid:1 msgid#:2=SYSTEM_TIME time_unix_usec:I can't print uint64_t's here time_boot_ms:239213792
mavlink_receive() - MSG RCVD - magic:254 seq:234 src sysid:1 src compid:1 msgid#:65=RC_CHANNELS - undecoded
mavlink_receive() - MSG RCVD - magic:254 seq:235 src sysid:1 src compid:1 msgid#:35=RC_CHANNELS_RAW - undecoded
mavlink_receive() - MSG RCVD - magic:254 seq:78 src sysid:255 src compid:190 msgid#:0=HEARTBEAT FlightMode:0 Type:6 Autopilot:8 BaseMode:0 CustomMode:0 SystemStatus:0 MavlinkVersion:3
mavlink_receive() - MSG RCVD - magic:254 seq:236 src sysid:1 src compid:1 msgid#:36=SERVO_OUTPUT_RAW - undecoded
mavlink_receive() - MSG RCVD - magic:254 seq:237 src sysid:1 src compid:1 msgid#:65=RC_CHANNELS - undecoded
mavlink_receive() - MSG RCVD - magic:254 seq:238 src sysid:1 src compid:1 msgid#:35=RC_CHANNELS_RAW - undecoded
mavlink_receive() - MSG RCVD - magic:254 seq:239 src sysid:1 src compid:1 msgid#:0=HEARTBEAT FlightMode:4 Type:11 Autopilot:3 BaseMode:1 CustomMode:4 SystemStatus:5 MavlinkVersion:3
mavlink_receive() - MSG RCVD - magic:254 seq:65 src sysid:1 src compid:0 msgid#:0=HEARTBEAT FlightMode:0 Type:27 Autopilot:8 BaseMode:4 CustomMode:0 SystemStatus:4 MavlinkVersion:3
mavlink_receive() - MSG RCVD - magic:254 seq:240 src sysid:1 src compid:1 msgid#:36=SERVO_OUTPUT_RAW - undecoded
mavlink_receive() - MSG RCVD - magic:254 seq:241 src sysid:1 src compid:1 msgid#:65=RC_CHANNELS - undecoded
mavlink_receive() - MSG RCVD - magic:254 seq:242 src sysid:1 src compid:1 msgid#:35=RC_CHANNELS_RAW - undecoded
mavlink_receive() - MSG RCVD - magic:254 seq:80 src sysid:255 src compid:190 msgid#:0=HEARTBEAT FlightMode:0 Type:6 Autopilot:8 BaseMode:0 CustomMode:0 SystemStatus:0 MavlinkVersion:3
mavlink_receive() - MSG RCVD - magic:254 seq:243 src sysid:1 src compid:1 msgid#:36=SERVO_OUTPUT_RAW - undecoded
mavlink_receive() - MSG RCVD - magic:254 seq:244 src sysid:1 src compid:1 msgid#:65=RC_CHANNELS - undecoded
mavlink_receive() - MSG RCVD - magic:254 seq:245 src sysid:1 src compid:1 msgid#:35=RC_CHANNELS_RAW - undecoded
mavlink_receive() - MSG RCVD - magic:254 seq:246 src sysid:1 src compid:1 msgid#:0=HEARTBEAT FlightMode:4 Type:11 Autopilot:3 BaseMode:1 CustomMode:4 SystemStatus:5 MavlinkVersion:3
mavlink_receive() - MSG RCVD - magic:254 seq:67 src sysid:1 src compid:0 msgid#:0=HEARTBEAT FlightMode:0 Type:27 Autopilot:8 BaseMode:4 CustomMode:0 SystemStatus:4 MavlinkVersion:3
mavlink_receive() - MSG RCVD - magic:254 seq:247 src sysid:1 src compid:1 msgid#:36=SERVO_OUTPUT_RAW - undecoded
mavlink_receive() - MSG RCVD - magic:254 seq:248 src sysid:1 src compid:1 msgid#:65=RC_CHANNELS - undecoded
mavlink_receive() - MSG RCVD - magic:254 seq:249 src sysid:1 src compid:1 msgid#:35=RC_CHANNELS_RAW - undecoded
mavlink_receive() - MSG RCVD - magic:254 seq:82 src sysid:255 src compid:190 msgid#:0=HEARTBEAT FlightMode:0 Type:6 Autopilot:8 BaseMode:0 CustomMode:0 SystemStatus:0 MavlinkVersion:3
mavlink_receive() - MSG RCVD - magic:254 seq:250 src sysid:1 src compid:1 msgid#:36=SERVO_OUTPUT_RAW - undecoded
mavlink_receive() - MSG RCVD - magic:254 seq:251 src sysid:1 src compid:1 msgid#:65=RC_CHANNELS - undecoded
mavlink_receive() - MSG RCVD - magic:254 seq:252 src sysid:1 src compid:1 msgid#:35=RC_CHANNELS_RAW - undecoded
mavlink_receive() - MSG RCVD - magic:254 seq:253 src sysid:1 src compid:1 msgid#:0=HEARTBEAT FlightMode:4 Type:11 Autopilot:3 BaseMode:1 CustomMode:4 SystemStatus:5 MavlinkVersion:3
case_tx_to_autopilot() - Periodic TX - Finished.
case_rx_from_autopilot() - Time to execute.
mavlink_unrequest_datastream() - Executing
case_rx_from_autopilot() - ATTEMPTING RX - starting at Millis:253442
mavlink_receive() - MSG RCVD - magic:254 seq:69 src sysid:1 src compid:0 msgid#:0=HEARTBEAT FlightMode:0 Type:27 Autopilot:8 BaseMode:4 CustomMode:0 SystemStatus:4 MavlinkVersion:3
mavlink_receive() - MSG RCVD - magic:254 seq:254 src sysid:1 src compid:1 msgid#:36=SERVO_OUTPUT_RAW - undecoded
mavlink_receive() - MSG RCVD - magic:254 seq:255 src sysid:1 src compid:1 msgid#:65=RC_CHANNELS - undecoded
mavlink_receive() - MSG RCVD - magic:254 seq:0 src sysid:1 src compid:1 msgid#:35=RC_CHANNELS_RAW - undecoded
mavlink_receive() - MSG RCVD - magic:254 seq:84 src sysid:255 src compid:190 msgid#:0=HEARTBEAT FlightMode:0 Type:6 Autopilot:8 BaseMode:0 CustomMode:0 SystemStatus:0 MavlinkVersion:3
mavlink_receive() - MSG RCVD - magic:254 seq:1 src sysid:1 src compid:1 msgid#:36=SERVO_OUTPUT_RAW - undecoded
mavlink_receive() - MSG RCVD - magic:254 seq:2 src sysid:1 src compid:1 msgid#:65=RC_CHANNELS - undecoded
mavlink_receive() - MSG RCVD - magic:254 seq:3 src sysid:1 src compid:1 msgid#:35=RC_CHANNELS_RAW - undecoded
mavlink_receive() - MSG RCVD - magic:254 seq:4 src sysid:1 src compid:1 msgid#:0=HEARTBEAT FlightMode:4 Type:11 Autopilot:3 BaseMode:1 CustomMode:4 SystemStatus:5 MavlinkVersion:3
mavlink_receive() - MSG RCVD - magic:254 seq:5 src sysid:1 src compid:1 msgid#:77=COMMAND_ACK command:511 result:0
mavlink_receive() - MSG RCVD - magic:254 seq:71 src sysid:1 src compid:0 msgid#:0=HEARTBEAT FlightMode:0 Type:27 Autopilot:8 BaseMode:4 CustomMode:0 SystemStatus:4 MavlinkVersion:3
mavlink_receive() - MSG RCVD - magic:254 seq:6 src sysid:1 src compid:1 msgid#:111=TIMESYNC - undecoded
mavlink_receive() - MSG RCVD - magic:254 seq:109 src sysid:255 src compid:190 msgid#:0=HEARTBEAT FlightMode:0 Type:6 Autopilot:8 BaseMode:0 CustomMode:0 SystemStatus:0 MavlinkVersion:3
mavlink_receive() - MSG RCVD - magic:254 seq:65 src sysid:1 src compid:1 msgid#:36=SERVO_OUTPUT_RAW - undecoded
mavlink_receive() - MSG RCVD - magic:254 seq:66 src sysid:1 src compid:1 msgid#:65=RC_CHANNELS - undecoded
mavlink_receive() - MSG RCVD - magic:254 seq:67 src sysid:1 src compid:1 msgid#:35=RC_CHANNELS_RAW - undecoded
mavlink_receive() - MSG RCVD - magic:254 seq:68 src sysid:1 src compid:1 msgid#:0=HEARTBEAT FlightMode:4 Type:11 Autopilot:3 BaseMode:1 CustomMode:4 SystemStatus:5 MavlinkVersion:3
mavlink_receive() - MSG RCVD - magic:254 seq:69 src sysid:1 src compid:1 msgid#:33=GLOBAL_POSITION_INT TimeSinceBoot:239272632mS LAT:0degE7 LON:0degE7 MSL_ALT:6140mm REL_ALT:6143mm VelX:0cm/s VelY:0cm/s VelZ:0cm/s Heading:16859cdeg
mavlink_receive() - MSG RCVD - magic:254 seq:70 src sysid:1 src compid:1 msgid#:1=SYS_STATUS onboard_control_sensors_present:321969199 onboard_control_sensors_enabled:52461615 onboard_control_sensors_health:34636079 load:72
mavlink_receive() - MSG RCVD - magic:254 seq:71 src sysid:1 src compid:1 msgid#:125=POWER_STATUS Vcc:5113mV Vservo:5010mV flags:3
mavlink_receive() - MSG RCVD - magic:254 seq:72 src sysid:1 src compid:1 msgid#:24=GPS_RAW_INT Time:0h:0m:0s FixType:1 Latitude:0 Longitude:0 GroundSpeed:0 CoG(deg):0 SatsVisible:0
mavlink_receive() - MSG RCVD - magic:254 seq:73 src sysid:1 src compid:1 msgid#:2=SYSTEM_TIME time_unix_usec:I can't print uint64_t's here time_boot_ms:239272632
mavlink_receive() - MSG RCVD - magic:254 seq:74 src sysid:1 src compid:1 msgid#:165=HWSTATUS Vcc:5113mV I2Cerr:0errors
mavlink_receive() - MSG RCVD - magic:254 seq:75 src sysid:1 src compid:1 msgid#:147=BATTERY_STATUS voltages[0]:13649 voltages[1]:65535 current_battery:49
mavlink_receive() - MSG RCVD - magic:254 seq:76 src sysid:1 src compid:1 msgid#:148=AUTOPILOT_VERSION vendor_id:0 product_id:0
mavlink_receive() - MSG RCVD - magic:254 seq:81 src sysid:1 src compid:0 msgid#:0=HEARTBEAT FlightMode:0 Type:27 Autopilot:8 BaseMode:4 CustomMode:0 SystemStatus:4 MavlinkVersion:3
mavlink_receive() - MSG RCVD - magic:254 seq:77 src sysid:1 src compid:1 msgid#:36=SERVO_OUTPUT_RAW - undecoded
mavlink_receive() - MSG RCVD - magic:254 seq:78 src sysid:1 src compid:1 msgid#:65=RC_CHANNELS - undecoded
mavlink_receive() - MSG RCVD - magic:254 seq:79 src sysid:1 src compid:1 msgid#:35=RC_CHANNELS_RAW - undecoded
mavlink_receive() - MSG RCVD - magic:254 seq:111 src sysid:255 src compid:190 msgid#:0=HEARTBEAT FlightMode:0 Type:6 Autopilot:8 BaseMode:0 CustomMode:0 SystemStatus:0 MavlinkVersion:3
mavlink_receive() - MSG RCVD - magic:254 seq:80 src sysid:1 src compid:1 msgid#:36=SERVO_OUTPUT_RAW - undecoded
mavlink_receive() - MSG RCVD - magic:254 seq:81 src sysid:1 src compid:1 msgid#:65=RC_CHANNELS - undecoded
mavlink_receive() - MSG RCVD - magic:254 seq:82 src sysid:1 src compid:1 msgid#:35=RC_CHANNELS_RAW - undecoded
mavlink_receive() - MSG RCVD - magic:254 seq:83 src sysid:1 src compid:1 msgid#:0=HEARTBEAT FlightMode:4 Type:11 Autopilot:3 BaseMode:1 CustomMode:4 SystemStatus:5 MavlinkVersion:3
mavlink_receive() - MSG RCVD - magic:254 seq:84 src sysid:1 src compid:1 msgid#:33=GLOBAL_POSITION_INT TimeSinceBoot:239273632mS LAT:0degE7 LON:0degE7 MSL_ALT:6040mm REL_ALT:6047mm VelX:0cm/s VelY:0cm/s VelZ:0cm/s Heading:16854cdeg
mavlink_receive() - MSG RCVD - magic:254 seq:85 src sysid:1 src compid:1 msgid#:1=SYS_STATUS onboard_control_sensors_present:321969199 onboard_control_sensors_enabled:52461615 onboard_control_sensors_health:34636079 load:71
mavlink_receive() - MSG RCVD - magic:254 seq:86 src sysid:1 src compid:1 msgid#:125=POWER_STATUS Vcc:5117mV Vservo:5012mV flags:3
mavlink_receive() - MSG RCVD - magic:254 seq:87 src sysid:1 src compid:1 msgid#:24=GPS_RAW_INT Time:0h:0m:0s FixType:1 Latitude:0 Longitude:0 GroundSpeed:0 CoG(deg):0 SatsVisible:0
mavlink_receive() - MSG RCVD - magic:254 seq:88 src sysid:1 src compid:1 msgid#:2=SYSTEM_TIME time_unix_usec:I can't print uint64_t's here time_boot_ms:239273632
mavlink_receive() - MSG RCVD - magic:254 seq:89 src sysid:1 src compid:1 msgid#:165=HWSTATUS Vcc:5117mV I2Cerr:0errors
mavlink_receive() - MSG RCVD - magic:254 seq:90 src sysid:1 src compid:1 msgid#:147=BATTERY_STATUS voltages[0]:13344 voltages[1]:65535 current_battery:0
mavlink_receive() - MSG RCVD - magic:254 seq:91 src sysid:1 src compid:1 msgid#:148=AUTOPILOT_VERSION vendor_id:0 product_id:0
mavlink_receive() - MSG RCVD - magic:254 seq:83 src sysid:1 src compid:0 msgid#:0=HEARTBEAT FlightMode:0 Type:27 Autopilot:8 BaseMode:4 CustomMode:0 SystemStatus:4 MavlinkVersion:3
mavlink_receive() - MSG RCVD - magic:254 seq:92 src sysid:1 src compid:1 msgid#:36=SERVO_OUTPUT_RAW - undecoded
mavlink_receive() - MSG RCVD - magic:254 seq:93 src sysid:1 src compid:1 msgid#:65=RC_CHANNELS - undecoded
mavlink_receive() - MSG RCVD - magic:254 seq:94 src sysid:1 src compid:1 msgid#:35=RC_CHANNELS_RAW - undecoded
mavlink_receive() - MSG RCVD - magic:254 seq:113 src sysid:255 src compid:190 msgid#:0=HEARTBEAT FlightMode:0 Type:6 Autopilot:8 BaseMode:0 CustomMode:0 SystemStatus:0 MavlinkVersion:3
mavlink_receive() - MSG RCVD - magic:254 seq:95 src sysid:1 src compid:1 msgid#:36=SERVO_OUTPUT_RAW - undecoded
mavlink_receive() - MSG RCVD - magic:254 seq:96 src sysid:1 src compid:1 msgid#:65=RC_CHANNELS - undecoded
mavlink_receive() - MSG RCVD - magic:254 seq:97 src sysid:1 src compid:1 msgid#:35=RC_CHANNELS_RAW - undecoded
mavlink_receive() - MSG RCVD - magic:254 seq:98 src sysid:1 src compid:1 msgid#:0=HEARTBEAT FlightMode:4 Type:11 Autopilot:3 BaseMode:1 CustomMode:4 SystemStatus:5 MavlinkVersion:3
mavlink_receive() - MSG RCVD - magic:254 seq:99 src sysid:1 src compid:1 msgid#:33=GLOBAL_POSITION_INT TimeSinceBoot:239274632mS LAT:0degE7 LON:0degE7 MSL_ALT:6120mm REL_ALT:6126mm VelX:0cm/s VelY:0cm/s VelZ:0cm/s Heading:16854cdeg
mavlink_receive() - MSG RCVD - magic:254 seq:100 src sysid:1 src compid:1 msgid#:1=SYS_STATUS onboard_control_sensors_present:321969199 onboard_control_sensors_enabled:52461615 onboard_control_sensors_health:34636079 load:73
mavlink_receive() - MSG RCVD - magic:254 seq:101 src sysid:1 src compid:1 msgid#:125=POWER_STATUS Vcc:5058mV Vservo:5022mV flags:3
mavlink_receive() - MSG RCVD - magic:254 seq:102 src sysid:1 src compid:1 msgid#:24=GPS_RAW_INT Time:0h:0m:0s FixType:1 Latitude:0 Longitude:0 GroundSpeed:0 CoG(deg):0 SatsVisible:0
mavlink_receive() - MSG RCVD - magic:254 seq:103 src sysid:1 src compid:1 msgid#:2=SYSTEM_TIME time_unix_usec:I can't print uint64_t's here time_boot_ms:239274632
mavlink_receive() - MSG RCVD - magic:254 seq:104 src sysid:1 src compid:1 msgid#:165=HWSTATUS Vcc:5058mV I2Cerr:0errors
mavlink_receive() - MSG RCVD - magic:254 seq:105 src sysid:1 src compid:1 msgid#:147=BATTERY_STATUS voltages[0]:13639 voltages[1]:65535 current_battery:54
mavlink_receive() - MSG RCVD - magic:254 seq:106 src sysid:1 src compid:1 msgid#:148=AUTOPILOT_VERSION vendor_id:0 product_id:0
mavlink_receive() - MSG RCVD - magic:254 seq:85 src sysid:1 src compid:0 msgid#:0=HEARTBEAT FlightMode:0 Type:27 Autopilot:8 BaseMode:4 CustomMode:0 SystemStatus:4 MavlinkVersion:3
mavlink_receive() - MSG RCVD - magic:254 seq:107 src sysid:1 src compid:1 msgid#:36=SERVO_OUTPUT_RAW - undecoded
mavlink_receive() - MSG RCVD - magic:254 seq:108 src sysid:1 src compid:1 msgid#:65=RC_CHANNELS - undecoded
mavlink_receive() - MSG RCVD - magic:254 seq:109 src sysid:1 src compid:1 msgid#:35=RC_CHANNELS_RAW - undecoded
case_rx_from_autopilot() - Done RX - ending at Millis:256442
case_heartbeat_to_autopilot() - Time to execute.
case_tx_to_agt() - Time to execute
sendSharedSettings_to_AGT() - starting
sendSharedSettings_to_AGT() - FMX about to SerialTransfer sendDatum() to AGT
sendSharedSettings_to_AGT() - FMX to AGT transfer finished - numbytessent:208
case_tx_to_agt() - finished
case_heartbeat_to_autopilot() - Time to execute.
case_rx_from_agt() - FMX received a Datum from the AGT
case_heartbeat_to_autopilot() - Time to execute.
case_rx_from_autopilot() - Time to execute.
mavlink_unrequest_datastream() - Executing
case_rx_from_autopilot() - ATTEMPTING RX - starting at Millis:314673
mavlink_receive() - MSG RCVD - magic:254 seq:110 src sysid:1 src compid:1 msgid#:77=COMMAND_ACK command:511 result:0
mavlink_receive() - MSG RCVD - magic:254 seq:115 src sysid:255 src compid:190 msgid#:0=HEARTBEAT FlightMode:0 Type:6 Autopilot:8 BaseMode:0 CustomMode:0 SystemStatus:0 MavlinkVersion:3
mavlink_receive() - MSG RCVD - magic:254 seq:111 src sysid:1 src compid:1 msgid#:36=SERVO_OUTPUT_RAW - undecoded
mavlink_receive() - MSG RCVD - magic:254 seq:112 src sysid:1 src compid:1 msgid#:65=RC_CHANNELS - undecoded
mavlink_receive() - MSG RCVD - magic:254 seq:113 src sysid:1 src compid:1 msgid#:35=RC_CHANNELS_RAW - undecoded
mavlink_receive() - MSG RCVD - magic:254 seq:114 src sysid:1 src compid:1 msgid#:0=HEARTBEAT FlightMode:4 Type:11 Autopilot:3 BaseMode:1 CustomMode:4 SystemStatus:5 MavlinkVersion:3
mavlink_receive() - MSG RCVD - magic:254 seq:115 src sysid:1 src compid:1 msgid#:77=COMMAND_ACK command:511 result:0
mavlink_receive() - MSG RCVD - magic:254 seq:116 src sysid:1 src compid:1 msgid#:33=GLOBAL_POSITION_INT TimeSinceBoot:239275632mS LAT:0degE7 LON:0degE7 MSL_ALT:6070mm REL_ALT:6078mm VelX:0cm/s VelY:0cm/s VelZ:0cm/s Heading:16852cdeg
mavlink_receive() - MSG RCVD - magic:254 seq:117 src sysid:1 src compid:1 msgid#:1=SYS_STATUS onboard_control_sensors_present:321969199 onboard_control_sensors_enabled:52461615 onboard_control_sensors_health:34636079 load:72
mavlink_receive() - MSG RCVD - magic:254 seq:118 src sysid:1 src compid:1 msgid#:24=GPS_RAW_INT Time:0h:0m:0s FixType:1 Latitude:0 Longitude:0 GroundSpeed:0 CoG(deg):0 SatsVisible:0
mavlink_receive() - MSG RCVD - magic:254 seq:119 src sysid:1 src compid:1 msgid#:2=SYSTEM_TIME time_unix_usec:I can't print uint64_t's here time_boot_ms:239275632
mavlink_receive() - MSG RCVD - magic:254 seq:41 src sysid:255 src compid:190 msgid#:0=HEARTBEAT FlightMode:0 Type:6 Autopilot:8 BaseMode:0 CustomMode:0 SystemStatus:0 MavlinkVersion:3
mavlink_receive() - MSG RCVD - magic:254 seq:62 src sysid:1 src compid:1 msgid#:36=SERVO_OUTPUT_RAW - undecoded
mavlink_receive() - MSG RCVD - magic:254 seq:63 src sysid:1 src compid:1 msgid#:65=RC_CHANNELS - undecoded
mavlink_receive() - MSG RCVD - magic:254 seq:64 src sysid:1 src compid:1 msgid#:35=RC_CHANNELS_RAW - undecoded
mavlink_receive() - MSG RCVD - magic:254 seq:65 src sysid:1 src compid:1 msgid#:0=HEARTBEAT FlightMode:4 Type:11 Autopilot:3 BaseMode:1 CustomMode:4 SystemStatus:5 MavlinkVersion:3
mavlink_receive() - MSG RCVD - magic:254 seq:203 src sysid:1 src compid:0 msgid#:0=HEARTBEAT FlightMode:0 Type:27 Autopilot:8 BaseMode:4 CustomMode:0 SystemStatus:4 MavlinkVersion:3
mavlink_receive() - MSG RCVD - magic:254 seq:66 src sysid:1 src compid:1 msgid#:33=GLOBAL_POSITION_INT TimeSinceBoot:239333811mS LAT:0degE7 LON:0degE7 MSL_ALT:6240mm REL_ALT:6244mm VelX:0cm/s VelY:0cm/s VelZ:0cm/s Heading:16864cdeg
mavlink_receive() - MSG RCVD - magic:254 seq:67 src sysid:1 src compid:1 msgid#:1=SYS_STATUS onboard_control_sensors_present:321969199 onboard_control_sensors_enabled:52461615 onboard_control_sensors_health:34636079 load:73
mavlink_receive() - MSG RCVD - magic:254 seq:68 src sysid:1 src compid:1 msgid#:125=POWER_STATUS Vcc:5116mV Vservo:5022mV flags:3
mavlink_receive() - MSG RCVD - magic:254 seq:69 src sysid:1 src compid:1 msgid#:24=GPS_RAW_INT Time:0h:0m:0s FixType:1 Latitude:0 Longitude:0 GroundSpeed:0 CoG(deg):0 SatsVisible:0
mavlink_receive() - MSG RCVD - magic:254 seq:70 src sysid:1 src compid:1 msgid#:2=SYSTEM_TIME time_unix_usec:I can't print uint64_t's here time_boot_ms:239333811
mavlink_receive() - MSG RCVD - magic:254 seq:71 src sysid:1 src compid:1 msgid#:165=HWSTATUS Vcc:5116mV I2Cerr:0errors
mavlink_receive() - MSG RCVD - magic:254 seq:72 src sysid:1 src compid:1 msgid#:147=BATTERY_STATUS voltages[0]:13349 voltages[1]:65535 current_battery:0
mavlink_receive() - MSG RCVD - magic:254 seq:73 src sysid:1 src compid:1 msgid#:148=AUTOPILOT_VERSION vendor_id:0 product_id:0
mavlink_receive() - MSG RCVD - magic:254 seq:74 src sysid:1 src compid:1 msgid#:36=SERVO_OUTPUT_RAW - undecoded
mavlink_receive() - MSG RCVD - magic:254 seq:75 src sysid:1 src compid:1 msgid#:65=RC_CHANNELS - undecoded
mavlink_receive() - MSG RCVD - magic:254 seq:76 src sysid:1 src compid:1 msgid#:35=RC_CHANNELS_RAW - undecoded
mavlink_receive() - MSG RCVD - magic:254 seq:43 src sysid:255 src compid:190 msgid#:0=HEARTBEAT FlightMode:0 Type:6 Autopilot:8 BaseMode:0 CustomMode:0 SystemStatus:0 MavlinkVersion:3
mavlink_receive() - MSG RCVD - magic:254 seq:77 src sysid:1 src compid:1 msgid#:36=SERVO_OUTPUT_RAW - undecoded
mavlink_receive() - MSG RCVD - magic:254 seq:78 src sysid:1 src compid:1 msgid#:65=RC_CHANNELS - undecoded
mavlink_receive() - MSG RCVD - magic:254 seq:79 src sysid:1 src compid:1 msgid#:35=RC_CHANNELS_RAW - undecoded
mavlink_receive() - MSG RCVD - magic:254 seq:80 src sysid:1 src compid:1 msgid#:0=HEARTBEAT FlightMode:4 Type:11 Autopilot:3 BaseMode:1 CustomMode:4 SystemStatus:5 MavlinkVersion:3
mavlink_receive() - MSG RCVD - magic:254 seq:44 src sysid:255 src compid:190 msgid#:66=REQUEST_DATA_STREAM target_system:1target_comp:0req_stream_id:2req_message_rate:2start_stop:1
mavlink_receive() - MSG RCVD - magic:254 seq:45 src sysid:255 src compid:190 msgid#:66=REQUEST_DATA_STREAM target_system:1target_comp:0req_stream_id:2req_message_rate:2start_stop:1
mavlink_receive() - MSG RCVD - magic:254 seq:205 src sysid:1 src compid:0 msgid#:0=HEARTBEAT FlightMode:0 Type:27 Autopilot:8 BaseMode:4 CustomMode:0 SystemStatus:4 MavlinkVersion:3
mavlink_receive() - MSG RCVD - magic:254 seq:81 src sysid:1 src compid:1 msgid#:33=GLOBAL_POSITION_INT TimeSinceBoot:239334811mS LAT:0degE7 LON:0degE7 MSL_ALT:6360mm REL_ALT:6369mm VelX:0cm/s VelY:0cm/s VelZ:0cm/s Heading:16862cdeg
mavlink_receive() - MSG RCVD - magic:254 seq:82 src sysid:1 src compid:1 msgid#:1=SYS_STATUS onboard_control_sensors_present:321969199 onboard_control_sensors_enabled:52461615 onboard_control_sensors_health:34636079 load:72
mavlink_receive() - MSG RCVD - magic:254 seq:83 src sysid:1 src compid:1 msgid#:125=POWER_STATUS Vcc:5022mV Vservo:5020mV flags:3
mavlink_receive() - MSG RCVD - magic:254 seq:84 src sysid:1 src compid:1 msgid#:24=GPS_RAW_INT Time:0h:0m:0s FixType:1 Latitude:0 Longitude:0 GroundSpeed:0 CoG(deg):0 SatsVisible:0
mavlink_receive() - MSG RCVD - magic:254 seq:85 src sysid:1 src compid:1 msgid#:2=SYSTEM_TIME time_unix_usec:I can't print uint64_t's here time_boot_ms:239334811
mavlink_receive() - MSG RCVD - magic:254 seq:86 src sysid:1 src compid:1 msgid#:165=HWSTATUS Vcc:5022mV I2Cerr:0errors
mavlink_receive() - MSG RCVD - magic:254 seq:87 src sysid:1 src compid:1 msgid#:147=BATTERY_STATUS voltages[0]:13582 voltages[1]:65535 current_battery:59
mavlink_receive() - MSG RCVD - magic:254 seq:88 src sysid:1 src compid:1 msgid#:148=AUTOPILOT_VERSION vendor_id:0 product_id:0
mavlink_receive() - MSG RCVD - magic:254 seq:46 src sysid:255 src compid:190 msgid#:66=REQUEST_DATA_STREAM target_system:1target_comp:0req_stream_id:6req_message_rate:2start_stop:1
mavlink_receive() - MSG RCVD - magic:254 seq:47 src sysid:255 src compid:190 msgid#:66=REQUEST_DATA_STREAM target_system:1target_comp:0req_stream_id:6req_message_rate:2start_stop:1
mavlink_receive() - MSG RCVD - magic:254 seq:48 src sysid:255 src compid:190 msgid#:66=REQUEST_DATA_STREAM target_system:1target_comp:0req_stream_id:10req_message_rate:4start_stop:1
mavlink_receive() - MSG RCVD - magic:254 seq:49 src sysid:255 src compid:190 msgid#:66=REQUEST_DATA_STREAM target_system:1target_comp:0req_stream_id:10req_message_rate:4start_stop:1
mavlink_receive() - MSG RCVD - magic:254 seq:50 src sysid:255 src compid:190 msgid#:66=REQUEST_DATA_STREAM target_system:1target_comp:0req_stream_id:11req_message_rate:4start_stop:1
mavlink_receive() - MSG RCVD - magic:254 seq:51 src sysid:255 src compid:190 msgid#:66=REQUEST_DATA_STREAM target_system:1target_comp:0req_stream_id:11req_message_rate:4start_stop:1
mavlink_receive() - MSG RCVD - magic:254 seq:52 src sysid:255 src compid:190 msgid#:66=REQUEST_DATA_STREAM target_system:1target_comp:0req_stream_id:12req_message_rate:2start_stop:1
mavlink_receive() - MSG RCVD - magic:254 seq:53 src sysid:255 src compid:190 msgid#:66=REQUEST_DATA_STREAM target_system:1target_comp:0req_stream_id:12req_message_rate:2start_stop:1
mavlink_receive() - MSG RCVD - magic:254 seq:54 src sysid:255 src compid:190 msgid#:66=REQUEST_DATA_STREAM target_system:1target_comp:0req_stream_id:1req_message_rate:2start_stop:1
mavlink_receive() - MSG RCVD - magic:254 seq:55 src sysid:255 src compid:190 msgid#:66=REQUEST_DATA_STREAM target_system:1target_comp:0req_stream_id:1req_message_rate:2start_stop:1
mavlink_receive() - MSG RCVD - magic:254 seq:56 src sysid:255 src compid:190 msgid#:66=REQUEST_DATA_STREAM target_system:1target_comp:0req_stream_id:3req_message_rate:2start_stop:1
mavlink_receive() - MSG RCVD - magic:254 seq:57 src sysid:255 src compid:190 msgid#:66=REQUEST_DATA_STREAM target_system:1target_comp:0req_stream_id:3req_message_rate:2start_stop:1
mavlink_receive() - MSG RCVD - magic:254 seq:89 src sysid:1 src compid:1 msgid#:36=SERVO_OUTPUT_RAW - undecoded
mavlink_receive() - MSG RCVD - magic:254 seq:90 src sysid:1 src compid:1 msgid#:65=RC_CHANNELS - undecoded
mavlink_receive() - MSG RCVD - magic:254 seq:91 src sysid:1 src compid:1 msgid#:35=RC_CHANNELS_RAW - undecoded
mavlink_receive() - MSG RCVD - magic:254 seq:59 src sysid:255 src compid:190 msgid#:0=HEARTBEAT FlightMode:0 Type:6 Autopilot:8 BaseMode:0 CustomMode:0 SystemStatus:0 MavlinkVersion:3
mavlink_receive() - MSG RCVD - magic:254 seq:92 src sysid:1 src compid:1 msgid#:36=SERVO_OUTPUT_RAW - undecoded
mavlink_receive() - MSG RCVD - magic:254 seq:93 src sysid:1 src compid:1 msgid#:65=RC_CHANNELS - undecoded
mavlink_receive() - MSG RCVD - magic:254 seq:94 src sysid:1 src compid:1 msgid#:35=RC_CHANNELS_RAW - undecoded
mavlink_receive() - MSG RCVD - magic:254 seq:95 src sysid:1 src compid:1 msgid#:0=HEARTBEAT FlightMode:4 Type:11 Autopilot:3 BaseMode:1 CustomMode:4 SystemStatus:5 MavlinkVersion:3
mavlink_receive() - MSG RCVD - magic:254 seq:207 src sysid:1 src compid:0 msgid#:0=HEARTBEAT FlightMode:0 Type:27 Autopilot:8 BaseMode:4 CustomMode:0 SystemStatus:4 MavlinkVersion:3
mavlink_receive() - MSG RCVD - magic:254 seq:96 src sysid:1 src compid:1 msgid#:33=GLOBAL_POSITION_INT TimeSinceBoot:239335811mS LAT:0degE7 LON:0degE7 MSL_ALT:6280mm REL_ALT:6281mm VelX:0cm/s VelY:0cm/s VelZ:0cm/s Heading:16858cdeg
mavlink_receive() - MSG RCVD - magic:254 seq:97 src sysid:1 src compid:1 msgid#:1=SYS_STATUS onboard_control_sensors_present:321969199 onboard_control_sensors_enabled:52461615 onboard_control_sensors_health:34636079 load:73
mavlink_receive() - MSG RCVD - magic:254 seq:98 src sysid:1 src compid:1 msgid#:125=POWER_STATUS Vcc:5115mV Vservo:5022mV flags:3
mavlink_receive() - MSG RCVD - magic:254 seq:99 src sysid:1 src compid:1 msgid#:24=GPS_RAW_INT Time:0h:0m:0s FixType:1 Latitude:0 Longitude:0 GroundSpeed:0 CoG(deg):0 SatsVisible:0
mavlink_receive() - MSG RCVD - magic:254 seq:100 src sysid:1 src compid:1 msgid#:2=SYSTEM_TIME time_unix_usec:I can't print uint64_t's here time_boot_ms:239335811
mavlink_receive() - MSG RCVD - magic:254 seq:101 src sysid:1 src compid:1 msgid#:165=HWSTATUS Vcc:5115mV I2Cerr:0errors
mavlink_receive() - MSG RCVD - magic:254 seq:102 src sysid:1 src compid:1 msgid#:147=BATTERY_STATUS voltages[0]:13342 voltages[1]:65535 current_battery:0
mavlink_receive() - MSG RCVD - magic:254 seq:103 src sysid:1 src compid:1 msgid#:148=AUTOPILOT_VERSION vendor_id:0 product_id:0
mavlink_receive() - MSG RCVD - magic:254 seq:104 src sysid:1 src compid:1 msgid#:36=SERVO_OUTPUT_RAW - undecoded
mavlink_receive() - MSG RCVD - magic:254 seq:105 src sysid:1 src compid:1 msgid#:65=RC_CHANNELS - undecoded
mavlink_receive() - MSG RCVD - magic:254 seq:106 src sysid:1 src compid:1 msgid#:35=RC_CHANNELS_RAW - undecoded
case_rx_from_autopilot() - Done RX - ending at Millis:317673
case_heartbeat_to_autopilot() - Time to execute.
case_heartbeat_to_autopilot() - Time to execute.
case_tx_to_autopilot() - Periodic TX - Time to execute.
case_tx_to_autopilot() - Periodic TX - calling set_disarm_ap()
case_tx_to_autopilot() - Periodic TX - do quick and dirty mavlink_receive() to check for response to disarm request
mavlink_receive() - MSG RCVD - magic:254 seq:107 src sysid:1 src compid:1 msgid#:77=COMMAND_ACK command:511 result:0
mavlink_receive() - MSG RCVD - magic:254 seq:61 src sysid:255 src compid:190 msgid#:0=HEARTBEAT FlightMode:0 Type:6 Autopilot:8 BaseMode:0 CustomMode:0 SystemStatus:0 MavlinkVersion:3
mavlink_receive() - MSG RCVD - magic:254 seq:108 src sysid:1 src compid:1 msgid#:36=SERVO_OUTPUT_RAW - undecoded
mavlink_receive() - MSG RCVD - magic:254 seq:109 src sysid:1 src compid:1 msgid#:65=RC_CHANNELS - undecoded
mavlink_receive() - MSG RCVD - magic:254 seq:110 src sysid:1 src compid:1 msgid#:35=RC_CHANNELS_RAW - undecoded
mavlink_receive() - MSG RCVD - magic:254 seq:111 src sysid:1 src compid:1 msgid#:0=HEARTBEAT FlightMode:4 Type:11 Autopilot:3 BaseMode:1 CustomMode:4 SystemStatus:5 MavlinkVersion:3
mavlink_receive() - MSG RCVD - magic:254 seq:209 src sysid:1 src compid:0 msgid#:0=HEARTBEAT FlightMode:0 Type:27 Autopilot:8 BaseMode:4 CustomMode:0 SystemStatus:4 MavlinkVersion:3
mavlink_receive() - MSG RCVD - magic:254 seq:112 src sysid:1 src compid:1 msgid#:77=COMMAND_ACK command:511 result:0
mavlink_receive() - MSG RCVD - magic:254 seq:113 src sysid:1 src compid:1 msgid#:33=GLOBAL_POSITION_INT TimeSinceBoot:239336811mS LAT:0degE7 LON:0degE7 MSL_ALT:6120mm REL_ALT:6128mm VelX:0cm/s VelY:0cm/s VelZ:0cm/s Heading:16858cdeg
mavlink_receive() - MSG RCVD - magic:254 seq:114 src sysid:1 src compid:1 msgid#:1=SYS_STATUS onboard_control_sensors_present:321969199 onboard_control_sensors_enabled:52461615 onboard_control_sensors_health:34636079 load:73
mavlink_receive() - MSG RCVD - magic:254 seq:115 src sysid:1 src compid:1 msgid#:24=GPS_RAW_INT Time:0h:0m:0s FixType:1 Latitude:0 Longitude:0 GroundSpeed:0 CoG(deg):0 SatsVisible:0
mavlink_receive() - MSG RCVD - magic:254 seq:116 src sysid:1 src compid:1 msgid#:2=SYSTEM_TIME time_unix_usec:I can't print uint64_t's here time_boot_ms:239336812
mavlink_receive() - MSG RCVD - magic:254 seq:228 src sysid:1 src compid:1 msgid#:65=RC_CHANNELS - undecoded
mavlink_receive() - MSG RCVD - magic:254 seq:229 src sysid:1 src compid:1 msgid#:35=RC_CHANNELS_RAW - undecoded
mavlink_receive() - MSG RCVD - magic:254 seq:222 src sysid:255 src compid:190 msgid#:0=HEARTBEAT FlightMode:0 Type:6 Autopilot:8 BaseMode:0 CustomMode:0 SystemStatus:0 MavlinkVersion:3
mavlink_receive() - MSG RCVD - magic:254 seq:230 src sysid:1 src compid:1 msgid#:36=SERVO_OUTPUT_RAW - undecoded
mavlink_receive() - MSG RCVD - magic:254 seq:231 src sysid:1 src compid:1 msgid#:65=RC_CHANNELS - undecoded
mavlink_receive() - MSG RCVD - magic:254 seq:232 src sysid:1 src compid:1 msgid#:35=RC_CHANNELS_RAW - undecoded
mavlink_receive() - MSG RCVD - magic:254 seq:233 src sysid:1 src compid:1 msgid#:0=HEARTBEAT FlightMode:4 Type:11 Autopilot:3 BaseMode:1 CustomMode:4 SystemStatus:5 MavlinkVersion:3
mavlink_receive() - MSG RCVD - magic:254 seq:53 src sysid:1 src compid:0 msgid#:0=HEARTBEAT FlightMode:0 Type:27 Autopilot:8 BaseMode:4 CustomMode:0 SystemStatus:4 MavlinkVersion:3
mavlink_receive() - MSG RCVD - magic:254 seq:234 src sysid:1 src compid:1 msgid#:36=SERVO_OUTPUT_RAW - undecoded
mavlink_receive() - MSG RCVD - magic:254 seq:235 src sysid:1 src compid:1 msgid#:65=RC_CHANNELS - undecoded
mavlink_receive() - MSG RCVD - magic:254 seq:236 src sysid:1 src compid:1 msgid#:35=RC_CHANNELS_RAW - undecoded
mavlink_receive() - MSG RCVD - magic:254 seq:224 src sysid:255 src compid:190 msgid#:0=HEARTBEAT FlightMode:0 Type:6 Autopilot:8 BaseMode:0 CustomMode:0 SystemStatus:0 MavlinkVersion:3
mavlink_receive() - MSG RCVD - magic:254 seq:237 src sysid:1 src compid:1 msgid#:36=SERVO_OUTPUT_RAW - undecoded
mavlink_receive() - MSG RCVD - magic:254 seq:238 src sysid:1 src compid:1 msgid#:65=RC_CHANNELS - undecoded
mavlink_receive() - MSG RCVD - magic:254 seq:239 src sysid:1 src compid:1 msgid#:35=RC_CHANNELS_RAW - undecoded
mavlink_receive() - MSG RCVD - magic:254 seq:240 src sysid:1 src compid:1 msgid#:0=HEARTBEAT FlightMode:4 Type:11 Autopilot:3 BaseMode:1 CustomMode:4 SystemStatus:5 MavlinkVersion:3
mavlink_receive() - MSG RCVD - magic:254 seq:55 src sysid:1 src compid:0 msgid#:0=HEARTBEAT FlightMode:0 Type:27 Autopilot:8 BaseMode:4 CustomMode:0 SystemStatus:4 MavlinkVersion:3
mavlink_receive() - MSG RCVD - magic:254 seq:241 src sysid:1 src compid:1 msgid#:111=TIMESYNC - undecoded
mavlink_receive() - MSG RCVD - magic:254 seq:242 src sysid:1 src compid:1 msgid#:36=SERVO_OUTPUT_RAW - undecoded
mavlink_receive() - MSG RCVD - magic:254 seq:243 src sysid:1 src compid:1 msgid#:65=RC_CHANNELS - undecoded
mavlink_receive() - MSG RCVD - magic:254 seq:244 src sysid:1 src compid:1 msgid#:35=RC_CHANNELS_RAW - undecoded
mavlink_receive() - MSG RCVD - magic:254 seq:245 src sysid:1 src compid:1 msgid#:36=SERVO_OUTPUT_RAW - undecoded
mavlink_receive() - MSG RCVD - magic:254 seq:246 src sysid:1 src compid:1 msgid#:65=RC_CHANNELS - undecoded
mavlink_receive() - MSG RCVD - magic:254 seq:247 src sysid:1 src compid:1 msgid#:35=RC_CHANNELS_RAW - undecoded
mavlink_receive() - MSG RCVD - magic:254 seq:228 src sysid:255 src compid:190 msgid#:0=HEARTBEAT FlightMode:0 Type:6 Autopilot:8 BaseMode:0 CustomMode:0 SystemStatus:0 MavlinkVersion:3
mavlink_receive() - MSG RCVD - magic:254 seq:248 src sysid:1 src compid:1 msgid#:0=HEARTBEAT FlightMode:4 Type:11 Autopilot:3 BaseMode:1 CustomMode:4 SystemStatus:5 MavlinkVersion:3
case_tx_to_autopilot() - Periodic TX - Finished.
case_heartbeat_to_autopilot() - Time to execute.
case_rx_from_autopilot() - Time to execute.
mavlink_unrequest_datastream() - Executing
case_rx_from_autopilot() - ATTEMPTING RX - starting at Millis:376571
mavlink_receive() - MSG RCVD - magic:254 seq:57 src sysid:1 src compid:0 msgid#:0=HEARTBEAT FlightMode:0 Type:27 Autopilot:8 BaseMode:4 CustomMode:0 SystemStatus:4 MavlinkVersion:3
mavlink_receive() - MSG RCVD - magic:254 seq:249 src sysid:1 src compid:1 msgid#:36=SERVO_OUTPUT_RAW - undecoded
mavlink_receive() - MSG RCVD - magic:254 seq:250 src sysid:1 src compid:1 msgid#:65=RC_CHANNELS - undecoded
mavlink_receive() - MSG RCVD - magic:254 seq:251 src sysid:1 src compid:1 msgid#:35=RC_CHANNELS_RAW - undecoded
mavlink_receive() - MSG RCVD - magic:254 seq:231 src sysid:255 src compid:190 msgid#:0=HEARTBEAT FlightMode:0 Type:6 Autopilot:8 BaseMode:0 CustomMode:0 SystemStatus:0 MavlinkVersion:3
mavlink_receive() - MSG RCVD - magic:254 seq:252 src sysid:1 src compid:1 msgid#:36=SERVO_OUTPUT_RAW - undecoded
mavlink_receive() - MSG RCVD - magic:254 seq:253 src sysid:1 src compid:1 msgid#:65=RC_CHANNELS - undecoded
mavlink_receive() - MSG RCVD - magic:254 seq:254 src sysid:1 src compid:1 msgid#:35=RC_CHANNELS_RAW - undecoded
mavlink_receive() - MSG RCVD - magic:254 seq:255 src sysid:1 src compid:1 msgid#:0=HEARTBEAT FlightMode:4 Type:11 Autopilot:3 BaseMode:1 CustomMode:4 SystemStatus:5 MavlinkVersion:3
mavlink_receive() - MSG RCVD - magic:254 seq:59 src sysid:1 src compid:0 msgid#:0=HEARTBEAT FlightMode:0 Type:27 Autopilot:8 BaseMode:4 CustomMode:0 SystemStatus:4 MavlinkVersion:3
mavlink_receive() - MSG RCVD - magic:254 seq:0 src sysid:1 src compid:1 msgid#:36=SERVO_OUTPUT_RAW - undecoded
mavlink_receive() - MSG RCVD - magic:254 seq:66 src sysid:1 src compid:1 msgid#:36=SERVO_OUTPUT_RAW - undecoded
mavlink_receive() - MSG RCVD - magic:254 seq:67 src sysid:1 src compid:1 msgid#:65=RC_CHANNELS - undecoded
mavlink_receive() - MSG RCVD - magic:254 seq:68 src sysid:1 src compid:1 msgid#:35=RC_CHANNELS_RAW - undecoded
mavlink_receive() - MSG RCVD - magic:254 seq:69 src sysid:1 src compid:1 msgid#:0=HEARTBEAT FlightMode:4 Type:11 Autopilot:3 BaseMode:1 CustomMode:4 SystemStatus:5 MavlinkVersion:3
mavlink_receive() - MSG RCVD - magic:254 seq:70 src sysid:1 src compid:1 msgid#:33=GLOBAL_POSITION_INT TimeSinceBoot:239395652mS LAT:0degE7 LON:0degE7 MSL_ALT:6300mm REL_ALT:6307mm VelX:0cm/s VelY:0cm/s VelZ:0cm/s Heading:16871cdeg
mavlink_receive() - MSG RCVD - magic:254 seq:71 src sysid:1 src compid:1 msgid#:1=SYS_STATUS onboard_control_sensors_present:321969199 onboard_control_sensors_enabled:52461615 onboard_control_sensors_health:34636079 load:74
mavlink_receive() - MSG RCVD - magic:254 seq:72 src sysid:1 src compid:1 msgid#:125=POWER_STATUS Vcc:5105mV Vservo:5126mV flags:3
mavlink_receive() - MSG RCVD - magic:254 seq:73 src sysid:1 src compid:1 msgid#:24=GPS_RAW_INT Time:0h:0m:0s FixType:1 Latitude:0 Longitude:0 GroundSpeed:0 CoG(deg):0 SatsVisible:0
mavlink_receive() - MSG RCVD - magic:254 seq:74 src sysid:1 src compid:1 msgid#:2=SYSTEM_TIME time_unix_usec:I can't print uint64_t's here time_boot_ms:239395652
mavlink_receive() - MSG RCVD - magic:254 seq:75 src sysid:1 src compid:1 msgid#:165=HWSTATUS Vcc:5105mV I2Cerr:0errors
mavlink_receive() - MSG RCVD - magic:254 seq:76 src sysid:1 src compid:1 msgid#:147=BATTERY_STATUS voltages[0]:13659 voltages[1]:65535 current_battery:53
mavlink_receive() - MSG RCVD - magic:254 seq:77 src sysid:1 src compid:1 msgid#:148=AUTOPILOT_VERSION vendor_id:0 product_id:0
mavlink_receive() - MSG RCVD - magic:254 seq:71 src sysid:1 src compid:0 msgid#:0=HEARTBEAT FlightMode:0 Type:27 Autopilot:8 BaseMode:4 CustomMode:0 SystemStatus:4 MavlinkVersion:3
mavlink_receive() - MSG RCVD - magic:254 seq:78 src sysid:1 src compid:1 msgid#:36=SERVO_OUTPUT_RAW - undecoded
mavlink_receive() - MSG RCVD - magic:254 seq:79 src sysid:1 src compid:1 msgid#:65=RC_CHANNELS - undecoded
mavlink_receive() - MSG RCVD - magic:254 seq:80 src sysid:1 src compid:1 msgid#:35=RC_CHANNELS_RAW - undecoded
mavlink_receive() - MSG RCVD - magic:254 seq:245 src sysid:255 src compid:190 msgid#:0=HEARTBEAT FlightMode:0 Type:6 Autopilot:8 BaseMode:0 CustomMode:0 SystemStatus:0 MavlinkVersion:3
mavlink_receive() - MSG RCVD - magic:254 seq:81 src sysid:1 src compid:1 msgid#:36=SERVO_OUTPUT_RAW - undecoded
mavlink_receive() - MSG RCVD - magic:254 seq:82 src sysid:1 src compid:1 msgid#:65=RC_CHANNELS - undecoded
mavlink_receive() - MSG RCVD - magic:254 seq:83 src sysid:1 src compid:1 msgid#:35=RC_CHANNELS_RAW - undecoded
mavlink_receive() - MSG RCVD - magic:254 seq:84 src sysid:1 src compid:1 msgid#:0=HEARTBEAT FlightMode:4 Type:11 Autopilot:3 BaseMode:1 CustomMode:4 SystemStatus:5 MavlinkVersion:3
mavlink_receive() - MSG RCVD - magic:254 seq:85 src sysid:1 src compid:1 msgid#:33=GLOBAL_POSITION_INT TimeSinceBoot:239396652mS LAT:0degE7 LON:0degE7 MSL_ALT:6130mm REL_ALT:6131mm VelX:0cm/s VelY:0cm/s VelZ:0cm/s Heading:16870cdeg
mavlink_receive() - MSG RCVD - magic:254 seq:86 src sysid:1 src compid:1 msgid#:1=SYS_STATUS onboard_control_sensors_present:321969199 onboard_control_sensors_enabled:52461615 onboard_control_sensors_health:34636079 load:73
mavlink_receive() - MSG RCVD - magic:254 seq:87 src sysid:1 src compid:1 msgid#:125=POWER_STATUS Vcc:5058mV Vservo:5022mV flags:3
mavlink_receive() - MSG RCVD - magic:254 seq:88 src sysid:1 src compid:1 msgid#:24=GPS_RAW_INT Time:0h:0m:0s FixType:1 Latitude:0 Longitude:0 GroundSpeed:0 CoG(deg):0 SatsVisible:0
mavlink_receive() - MSG RCVD - magic:254 seq:89 src sysid:1 src compid:1 msgid#:2=SYSTEM_TIME time_unix_usec:I can't print uint64_t's here time_boot_ms:239396652
mavlink_receive() - MSG RCVD - magic:254 seq:90 src sysid:1 src compid:1 msgid#:165=HWSTATUS Vcc:5058mV I2Cerr:0errors
mavlink_receive() - MSG RCVD - magic:254 seq:91 src sysid:1 src compid:1 msgid#:147=BATTERY_STATUS voltages[0]:13391 voltages[1]:65535 current_battery:0
mavlink_receive() - MSG RCVD - magic:254 seq:92 src sysid:1 src compid:1 msgid#:148=AUTOPILOT_VERSION vendor_id:0 product_id:0
mavlink_receive() - MSG RCVD - magic:254 seq:73 src sysid:1 src compid:0 msgid#:0=HEARTBEAT FlightMode:0 Type:27 Autopilot:8 BaseMode:4 CustomMode:0 SystemStatus:4 MavlinkVersion:3
mavlink_receive() - MSG RCVD - magic:254 seq:93 src sysid:1 src compid:1 msgid#:36=SERVO_OUTPUT_RAW - undecoded
mavlink_receive() - MSG RCVD - magic:254 seq:94 src sysid:1 src compid:1 msgid#:65=RC_CHANNELS - undecoded
mavlink_receive() - MSG RCVD - magic:254 seq:95 src sysid:1 src compid:1 msgid#:35=RC_CHANNELS_RAW - undecoded
mavlink_receive() - MSG RCVD - magic:254 seq:247 src sysid:255 src compid:190 msgid#:0=HEARTBEAT FlightMode:0 Type:6 Autopilot:8 BaseMode:0 CustomMode:0 SystemStatus:0 MavlinkVersion:3
mavlink_receive() - MSG RCVD - magic:254 seq:96 src sysid:1 src compid:1 msgid#:36=SERVO_OUTPUT_RAW - undecoded
mavlink_receive() - MSG RCVD - magic:254 seq:97 src sysid:1 src compid:1 msgid#:65=RC_CHANNELS - undecoded
mavlink_receive() - MSG RCVD - magic:254 seq:98 src sysid:1 src compid:1 msgid#:35=RC_CHANNELS_RAW - undecoded
mavlink_receive() - MSG RCVD - magic:254 seq:99 src sysid:1 src compid:1 msgid#:0=HEARTBEAT FlightMode:4 Type:11 Autopilot:3 BaseMode:1 CustomMode:4 SystemStatus:5 MavlinkVersion:3
mavlink_receive() - MSG RCVD - magic:254 seq:100 src sysid:1 src compid:1 msgid#:33=GLOBAL_POSITION_INT TimeSinceBoot:239397652mS LAT:0degE7 LON:0degE7 MSL_ALT:6240mm REL_ALT:6242mm VelX:0cm/s VelY:0cm/s VelZ:0cm/s Heading:16868cdeg
mavlink_receive() - MSG RCVD - magic:254 seq:101 src sysid:1 src compid:1 msgid#:1=SYS_STATUS onboard_control_sensors_present:321969199 onboard_control_sensors_enabled:52461615 onboard_control_sensors_health:34636079 load:73
mavlink_receive() - MSG RCVD - magic:254 seq:102 src sysid:1 src compid:1 msgid#:125=POWER_STATUS Vcc:5106mV Vservo:5022mV flags:3
mavlink_receive() - MSG RCVD - magic:254 seq:103 src sysid:1 src compid:1 msgid#:24=GPS_RAW_INT Time:0h:0m:0s FixType:1 Latitude:0 Longitude:0 GroundSpeed:0 CoG(deg):0 SatsVisible:0
mavlink_receive() - MSG RCVD - magic:254 seq:104 src sysid:1 src compid:1 msgid#:2=SYSTEM_TIME time_unix_usec:I can't print uint64_t's here time_boot_ms:239397652
mavlink_receive() - MSG RCVD - magic:254 seq:105 src sysid:1 src compid:1 msgid#:165=HWSTATUS Vcc:5106mV I2Cerr:0errors
mavlink_receive() - MSG RCVD - magic:254 seq:106 src sysid:1 src compid:1 msgid#:147=BATTERY_STATUS voltages[0]:13689 voltages[1]:65535 current_battery:49
mavlink_receive() - MSG RCVD - magic:254 seq:107 src sysid:1 src compid:1 msgid#:148=AUTOPILOT_VERSION vendor_id:0 product_id:0
mavlink_receive() - MSG RCVD - magic:254 seq:75 src sysid:1 src compid:0 msgid#:0=HEARTBEAT FlightMode:0 Type:27 Autopilot:8 BaseMode:4 CustomMode:0 SystemStatus:4 MavlinkVersion:3
mavlink_receive() - MSG RCVD - magic:254 seq:108 src sysid:1 src compid:1 msgid#:111=TIMESYNC - undecoded
mavlink_receive() - MSG RCVD - magic:254 seq:109 src sysid:1 src compid:1 msgid#:36=SERVO_OUTPUT_RAW - undecoded
mavlink_receive() - MSG RCVD - magic:254 seq:110 src sysid:1 src compid:1 msgid#:65=RC_CHANNELS - undecoded
mavlink_receive() - MSG RCVD - magic:254 seq:111 src sysid:1 src compid:1 msgid#:35=RC_CHANNELS_RAW - undecoded
case_rx_from_autopilot() - Done RX - ending at Millis:379571
CANsendHello()
case_heartbeat_to_autopilot() - Time to execute.
case_tx_to_agt() - Time to execute
sendSharedSettings_to_AGT() - starting
sendSharedSettings_to_AGT() - FMX about to SerialTransfer sendDatum() to AGT
sendSharedSettings_to_AGT() - FMX to AGT transfer finished - numbytessent:208
case_tx_to_agt() - finished
