================================================
************************************************
================================================
case_loop_init() - Pulsar FeatherMx (Re)starting
Starting: CAN OK
timerSetup() - executing
actuatorsSetup() - executing
actuatorsSetup() - Pi ON
actuatorsSetup() - Strobe Light ON
actuatorsSetup() - PowerFeather ON
actuatorsSetup() - complete
sensorsSetup() - executing
sensorsSetup() - SHT31 initialising
sensorsSetup() - OK
sensorsSetup() - Heater DISABLED
sensorsSetup() - AmbientLight initialising
sensorsSetup() - OK
sensorsSetup() - DS18B20 Temp initialising
sensorsSetup() - OK
sensorsSetup() - Parasite Power DISABLED
mavlink_unrequest_datastream() - Executing
case_heartbeat_to_autopilot() - Time to execute.
mavlink_fmx_send_heartbeat_to_ap() - Executing
case_heartbeat_to_autopilot() - Time to execute.
mavlink_fmx_send_heartbeat_to_ap() - Executing
case_rx_from_agt() - FMX received a Datum from the AGT
case_rx_from_autopilot() - Time to execute.
mavlink_unrequest_datastream() - Executing
case_rx_from_autopilot() - ATTEMPTING RX - starting at Millis:66367
mavlink_receive() - MSG RCVD - magic:254 seq:135 src sysid:1 src compid:1 msgid#:0=HEARTBEAT FlightMode:4 Type:11 Autopilot:3 BaseMode:1 CustomMode:4 SystemStatus:5 MavlinkVersion:3
mavlink_receive() - MSG RCVD - magic:254 seq:136 src sysid:1 src compid:1 msgid#:36
mavlink_receive() - MSG RCVD - magic:254 seq:137 src sysid:1 src compid:1 msgid#:65
mavlink_receive() - MSG RCVD - magic:254 seq:138 src sysid:1 src compid:1 msgid#:35
mavlink_receive() - MSG RCVD - magic:254 seq:139 src sysid:1 src compid:1 msgid#:111
mavlink_receive() - MSG RCVD - magic:254 seq:94 src sysid:1 src compid:0 msgid#:0=HEARTBEAT FlightMode:0 Type:27 Autopilot:8 BaseMode:4 CustomMode:0 SystemStatus:4 MavlinkVersion:3
mavlink_receive() - MSG RCVD - magic:254 seq:140 src sysid:1 src compid:1 msgid#:36
mavlink_receive() - MSG RCVD - magic:254 seq:141 src sysid:1 src compid:1 msgid#:65
mavlink_receive() - MSG RCVD - magic:254 seq:142 src sysid:1 src compid:1 msgid#:35
mavlink_receive() - MSG RCVD - magic:254 seq:143 src sysid:1 src compid:1 msgid#:33=GLOBAL_POSITION_INT TimeSinceBoot:788011626mS LAT:0degE7 LON:0degE7 MSL_ALT:-52310mm REL_ALT:-52315mm VelX:0cm/s VelY:0cm/s VelZ:0cm/s Heading:16750cdeg
mavlink_receive() - MSG RCVD - magic:254 seq:228 src sysid:1 src compid:1 msgid#:36
mavlink_receive() - MSG RCVD - magic:254 seq:229 src sysid:1 src compid:1 msgid#:65
mavlink_receive() - MSG RCVD - magic:254 seq:230 src sysid:1 src compid:1 msgid#:35
mavlink_receive() - MSG RCVD - magic:254 seq:211 src sysid:255 src compid:190 msgid#:0=HEARTBEAT FlightMode:0 Type:6 Autopilot:8 BaseMode:0 CustomMode:0 SystemStatus:0 MavlinkVersion:3
mavlink_receive() - MSG RCVD - magic:254 seq:231 src sysid:1 src compid:1 msgid#:33=GLOBAL_POSITION_INT TimeSinceBoot:788067606mS LAT:0degE7 LON:0degE7 MSL_ALT:-52470mm REL_ALT:-52473mm VelX:0cm/s VelY:0cm/s VelZ:0cm/s Heading:16751cdeg
mavlink_receive() - MSG RCVD - magic:254 seq:232 src sysid:1 src compid:1 msgid#:1=SYS_STATUS onboard_control_sensors_present:321969199 onboard_control_sensors_enabled:320864303 onboard_control_sensors_health:303071535 load:71
mavlink_receive() - MSG RCVD - magic:254 seq:233 src sysid:1 src compid:1 msgid#:125=POWER_STATUS Vcc:5120mV Vservo:5024mV flags:3
mavlink_receive() - MSG RCVD - magic:254 seq:234 src sysid:1 src compid:1 msgid#:24=GPS_RAW_INT Time:0h:0m:0s FixType:1 Latitude:0 Longitude:0 GroundSpeed:0 CoG(deg):0 SatsVisible:0
mavlink_receive() - MSG RCVD - magic:254 seq:235 src sysid:1 src compid:1 msgid#:2=SYSTEM_TIME time_unix_usec:I can't print uint64_t's here time_boot_ms:788067606
mavlink_receive() - MSG RCVD - magic:254 seq:236 src sysid:1 src compid:1 msgid#:165=HWSTATUS Vcc:5120mV I2Cerr:0errors
mavlink_receive() - MSG RCVD - magic:254 seq:237 src sysid:1 src compid:1 msgid#:147=BATTERY_STATUS voltages[0]:13053 voltages[1]:65535 current_battery:0
mavlink_receive() - MSG RCVD - magic:254 seq:238 src sysid:1 src compid:1 msgid#:148=AUTOPILOT_VERSION vendor_id:0 product_id:0
mavlink_receive() - MSG RCVD - magic:254 seq:239 src sysid:1 src compid:1 msgid#:0=HEARTBEAT FlightMode:4 Type:11 Autopilot:3 BaseMode:1 CustomMode:4 SystemStatus:5 MavlinkVersion:3
mavlink_receive() - MSG RCVD - magic:254 seq:240 src sysid:1 src compid:1 msgid#:36
mavlink_receive() - MSG RCVD - magic:254 seq:241 src sysid:1 src compid:1 msgid#:65
mavlink_receive() - MSG RCVD - magic:254 seq:242 src sysid:1 src compid:1 msgid#:35
mavlink_receive() - MSG RCVD - magic:254 seq:208 src sysid:1 src compid:0 msgid#:0=HEARTBEAT FlightMode:0 Type:27 Autopilot:8 BaseMode:4 CustomMode:0 SystemStatus:4 MavlinkVersion:3
mavlink_receive() - MSG RCVD - magic:254 seq:243 src sysid:1 src compid:1 msgid#:36
mavlink_receive() - MSG RCVD - magic:254 seq:244 src sysid:1 src compid:1 msgid#:65
mavlink_receive() - MSG RCVD - magic:254 seq:245 src sysid:1 src compid:1 msgid#:35
mavlink_receive() - MSG RCVD - magic:254 seq:246 src sysid:1 src compid:1 msgid#:33=GLOBAL_POSITION_INT TimeSinceBoot:788068626mS LAT:0degE7 LON:0degE7 MSL_ALT:-52440mm REL_ALT:-52445mm VelX:0cm/s VelY:0cm/s VelZ:0cm/s Heading:16755cdeg
mavlink_receive() - MSG RCVD - magic:254 seq:247 src sysid:1 src compid:1 msgid#:1=SYS_STATUS onboard_control_sensors_present:321969199 onboard_control_sensors_enabled:320864303 onboard_control_sensors_health:303071535 load:71
mavlink_receive() - MSG RCVD - magic:254 seq:248 src sysid:1 src compid:1 msgid#:125=POWER_STATUS Vcc:5107mV Vservo:5017mV flags:3
mavlink_receive() - MSG RCVD - magic:254 seq:249 src sysid:1 src compid:1 msgid#:24=GPS_RAW_INT Time:0h:0m:0s FixType:1 Latitude:0 Longitude:0 GroundSpeed:0 CoG(deg):0 SatsVisible:0
mavlink_receive() - MSG RCVD - magic:254 seq:250 src sysid:1 src compid:1 msgid#:2=SYSTEM_TIME time_unix_usec:I can't print uint64_t's here time_boot_ms:788068626
mavlink_receive() - MSG RCVD - magic:254 seq:251 src sysid:1 src compid:1 msgid#:165=HWSTATUS Vcc:5107mV I2Cerr:0errors
mavlink_receive() - MSG RCVD - magic:254 seq:252 src sysid:1 src compid:1 msgid#:147=BATTERY_STATUS voltages[0]:13178 voltages[1]:65535 current_battery:53
mavlink_receive() - MSG RCVD - magic:254 seq:253 src sysid:1 src compid:1 msgid#:148=AUTOPILOT_VERSION vendor_id:0 product_id:0
mavlink_receive() - MSG RCVD - magic:254 seq:213 src sysid:255 src compid:190 msgid#:0=HEARTBEAT FlightMode:0 Type:6 Autopilot:8 BaseMode:0 CustomMode:0 SystemStatus:0 MavlinkVersion:3
mavlink_receive() - MSG RCVD - magic:254 seq:254 src sysid:1 src compid:1 msgid#:0=HEARTBEAT FlightMode:4 Type:11 Autopilot:3 BaseMode:1 CustomMode:4 SystemStatus:5 MavlinkVersion:3
mavlink_receive() - MSG RCVD - magic:254 seq:255 src sysid:1 src compid:1 msgid#:36
mavlink_receive() - MSG RCVD - magic:254 seq:0 src sysid:1 src compid:1 msgid#:65
mavlink_receive() - MSG RCVD - magic:254 seq:1 src sysid:1 src compid:1 msgid#:35
mavlink_receive() - MSG RCVD - magic:254 seq:210 src sysid:1 src compid:0 msgid#:0=HEARTBEAT FlightMode:0 Type:27 Autopilot:8 BaseMode:4 CustomMode:0 SystemStatus:4 MavlinkVersion:3
mavlink_receive() - MSG RCVD - magic:254 seq:2 src sysid:1 src compid:1 msgid#:36
mavlink_receive() - MSG RCVD - magic:254 seq:3 src sysid:1 src compid:1 msgid#:65
mavlink_receive() - MSG RCVD - magic:254 seq:4 src sysid:1 src compid:1 msgid#:35
mavlink_receive() - MSG RCVD - magic:254 seq:5 src sysid:1 src compid:1 msgid#:33=GLOBAL_POSITION_INT TimeSinceBoot:788069626mS LAT:0degE7 LON:0degE7 MSL_ALT:-52210mm REL_ALT:-52213mm VelX:0cm/s VelY:0cm/s VelZ:0cm/s Heading:16754cdeg
mavlink_receive() - MSG RCVD - magic:254 seq:6 src sysid:1 src compid:1 msgid#:1=SYS_STATUS onboard_control_sensors_present:321969199 onboard_control_sensors_enabled:320864303 onboard_control_sensors_health:303071535 load:71
mavlink_receive() - MSG RCVD - magic:254 seq:7 src sysid:1 src compid:1 msgid#:125=POWER_STATUS Vcc:5126mV Vservo:5022mV flags:3
mavlink_receive() - MSG RCVD - magic:254 seq:8 src sysid:1 src compid:1 msgid#:24=GPS_RAW_INT Time:0h:0m:0s FixType:1 Latitude:0 Longitude:0 GroundSpeed:0 CoG(deg):0 SatsVisible:0
mavlink_receive() - MSG RCVD - magic:254 seq:9 src sysid:1 src compid:1 msgid#:2=SYSTEM_TIME time_unix_usec:I can't print uint64_t's here time_boot_ms:788069626
mavlink_receive() - MSG RCVD - magic:254 seq:10 src sysid:1 src compid:1 msgid#:165=HWSTATUS Vcc:5126mV I2Cerr:0errors
mavlink_receive() - MSG RCVD - magic:254 seq:11 src sysid:1 src compid:1 msgid#:147=BATTERY_STATUS voltages[0]:13058 voltages[1]:65535 current_battery:0
mavlink_receive() - MSG RCVD - magic:254 seq:12 src sysid:1 src compid:1 msgid#:148=AUTOPILOT_VERSION vendor_id:0 product_id:0
mavlink_receive() - MSG RCVD - magic:254 seq:215 src sysid:255 src compid:190 msgid#:0=HEARTBEAT FlightMode:0 Type:6 Autopilot:8 BaseMode:0 CustomMode:0 SystemStatus:0 MavlinkVersion:3
mavlink_receive() - MSG RCVD - magic:254 seq:13 src sysid:1 src compid:1 msgid#:0=HEARTBEAT FlightMode:4 Type:11 Autopilot:3 BaseMode:1 CustomMode:4 SystemStatus:5 MavlinkVersion:3
mavlink_receive() - MSG RCVD - magic:254 seq:14 src sysid:1 src compid:1 msgid#:36
mavlink_receive() - MSG RCVD - magic:254 seq:15 src sysid:1 src compid:1 msgid#:65
mavlink_receive() - MSG RCVD - magic:254 seq:16 src sysid:1 src compid:1 msgid#:35
case_rx_from_autopilot() - Done RX - ending at Millis:69367
case_heartbeat_to_autopilot() - Time to execute.
mavlink_fmx_send_heartbeat_to_ap() - Executing
| CBP_PACKETTYPE = CBP_PF_CHARGER1_PID
| Value = 65535
| CBP_PACKETTYPE = CBP_PF_CHARGER1_FW
| Value = 666
| CBP_PACKETTYPE = CBP_PF_CHARGER1_V
| Value = 13300
| CBP_PACKETTYPE = CBP_PF_CHARGER1_I
| Value = -310
| CBP_PACKETTYPE = CBP_PF_CHARGER1_VPV
| Value = 16700
| CBP_PACKETTYPE = CBP_PF_CHARGER1_PPV
| Value = 0
| CBP_PACKETTYPE = CBP_PF_CHARGER1_CS
| Value = 3
| CBP_PACKETTYPE = CBP_PF_CHARGER1_ERR
| Value = 0
| CBP_PACKETTYPE = CBP_PF_CHARGER1_LOAD
| Value = 100
| CBP_PACKETTYPE = CBP_PF_CHARGER1_IL
| Value = 200
| CBP_PACKETTYPE = CBP_PF_CHARGER1_H19
| Value = 543
| CBP_PACKETTYPE = CBP_PF_CHARGER1_H20
| Value = 10
| CBP_PACKETTYPE = CBP_PF_CHARGER1_H21
| Value = 48
| CBP_PACKETTYPE = CBP_PF_CHARGER1_H22
| Value = 17
| CBP_PACKETTYPE = CBP_PF_CHARGER1_VPV
| Value = 46
| CBP_PACKETTYPE = CBP_PF_CHARGER1_HSDS
| Value = 96
| CBP_PACKETTYPE = CBP_PF_CHARGER1_MPPT
| Value = 2
| CBP_PACKETTYPE = CBP_PF_CHARGER2_PID
| Value = 65535
| CBP_PACKETTYPE = CBP_PF_CHARGER2_FW
| Value = 666
| CBP_PACKETTYPE = CBP_PF_CHARGER2_V
| Value = 13130
| CBP_PACKETTYPE = CBP_PF_CHARGER2_I
| Value = 0
| CBP_PACKETTYPE = CBP_PF_CHARGER2_VPV
| Value = 13070
| CBP_PACKETTYPE = CBP_PF_CHARGER2_PPV
| Value = 0
| CBP_PACKETTYPE = CBP_PF_CHARGER2_CS
| Value = 0
| CBP_PACKETTYPE = CBP_PF_CHARGER2_ERR
| Value = 0
| CBP_PACKETTYPE = CBP_PF_CHARGER2_LOAD
| Value = 100
| CBP_PACKETTYPE = CBP_PF_CHARGER2_IL
| Value = 0
| CBP_PACKETTYPE = CBP_PF_CHARGER2_H19
| Value = 64
case_heartbeat_to_autopilot() - Time to execute.
mavlink_fmx_send_heartbeat_to_ap() - Executing
| CBP_PACKETTYPE = CBP_PF_CHARGER2_H20
| Value = 0
| CBP_PACKETTYPE = CBP_PF_CHARGER2_H21
| Value = 0
| CBP_PACKETTYPE = CBP_PF_CHARGER2_H22
| Value = 5
| CBP_PACKETTYPE = CBP_PF_CHARGER2_VPV
| Value = 19
| CBP_PACKETTYPE = CBP_PF_CHARGER2_HSDS
| Value = 90
| CBP_PACKETTYPE = CBP_PF_CHARGER2_MPPT
| Value = 0
case_heartbeat_to_autopilot() - Time to execute.
mavlink_fmx_send_heartbeat_to_ap() - Executing
case_rx_from_autopilot() - Time to execute.
mavlink_unrequest_datastream() - Executing
case_rx_from_autopilot() - ATTEMPTING RX - starting at Millis:128168
mavlink_receive() - MSG RCVD - magic:254 seq:212 src sysid:1 src compid:0 msgid#:0=HEARTBEAT FlightMode:0 Type:27 Autopilot:8 BaseMode:4 CustomMode:0 SystemStatus:4 MavlinkVersion:3
mavlink_receive() - MSG RCVD - magic:254 seq:17 src sysid:1 src compid:1 msgid#:36
mavlink_receive() - MSG RCVD - magic:254 seq:18 src sysid:1 src compid:1 msgid#:65
mavlink_receive() - MSG RCVD - magic:254 seq:19 src sysid:1 src compid:1 msgid#:35
mavlink_receive() - MSG RCVD - magic:254 seq:217 src sysid:255 src compid:190 msgid#:0=HEARTBEAT FlightMode:0 Type:6 Autopilot:8 BaseMode:0 CustomMode:0 SystemStatus:0 MavlinkVersion:3
mavlink_receive() - MSG RCVD - magic:254 seq:20 src sysid:1 src compid:1 msgid#:33=GLOBAL_POSITION_INT TimeSinceBoot:788070626mS LAT:0degE7 LON:0degE7 MSL_ALT:-52360mm REL_ALT:-52360mm VelX:0cm/s VelY:0cm/s VelZ:0cm/s Heading:16754cdeg
mavlink_receive() - MSG RCVD - magic:254 seq:21 src sysid:1 src compid:1 msgid#:1=SYS_STATUS onboard_control_sensors_present:321969199 onboard_control_sensors_enabled:320864303 onboard_control_sensors_health:303071535 load:71
mavlink_receive() - MSG RCVD - magic:254 seq:22 src sysid:1 src compid:1 msgid#:125=POWER_STATUS Vcc:5119mV Vservo:5017mV flags:3
mavlink_receive() - MSG RCVD - magic:254 seq:23 src sysid:1 src compid:1 msgid#:24=GPS_RAW_INT Time:0h:0m:0s FixType:1 Latitude:0 Longitude:0 GroundSpeed:0 CoG(deg):0 SatsVisible:0
mavlink_receive() - MSG RCVD - magic:254 seq:24 src sysid:1 src compid:1 msgid#:2=SYSTEM_TIME time_unix_usec:I can't print uint64_t's here time_boot_ms:788070626
mavlink_receive() - MSG RCVD - magic:254 seq:25 src sysid:1 src compid:1 msgid#:165=HWSTATUS Vcc:5119mV I2Cerr:0errors
mavlink_receive() - MSG RCVD - magic:254 seq:151 src sysid:1 src compid:1 msgid#:36
mavlink_receive() - MSG RCVD - magic:254 seq:152 src sysid:1 src compid:1 msgid#:65
mavlink_receive() - MSG RCVD - magic:254 seq:153 src sysid:1 src compid:1 msgid#:35
mavlink_receive() - MSG RCVD - magic:254 seq:154 src sysid:1 src compid:1 msgid#:33=GLOBAL_POSITION_INT TimeSinceBoot:788129626mS LAT:0degE7 LON:0degE7 MSL_ALT:-52330mm REL_ALT:-52337mm VelX:0cm/s VelY:0cm/s VelZ:0cm/s Heading:16780cdeg
mavlink_receive() - MSG RCVD - magic:254 seq:155 src sysid:1 src compid:1 msgid#:1=SYS_STATUS onboard_control_sensors_present:321969199 onboard_control_sensors_enabled:320864303 onboard_control_sensors_health:303071535 load:71
mavlink_receive() - MSG RCVD - magic:254 seq:156 src sysid:1 src compid:1 msgid#:125=POWER_STATUS Vcc:5104mV Vservo:5012mV flags:3
mavlink_receive() - MSG RCVD - magic:254 seq:157 src sysid:1 src compid:1 msgid#:24=GPS_RAW_INT Time:0h:0m:0s FixType:1 Latitude:0 Longitude:0 GroundSpeed:0 CoG(deg):0 SatsVisible:0
mavlink_receive() - MSG RCVD - magic:254 seq:158 src sysid:1 src compid:1 msgid#:2=SYSTEM_TIME time_unix_usec:I can't print uint64_t's here time_boot_ms:788129626
mavlink_receive() - MSG RCVD - magic:254 seq:159 src sysid:1 src compid:1 msgid#:165=HWSTATUS Vcc:5104mV I2Cerr:0errors
mavlink_receive() - MSG RCVD - magic:254 seq:160 src sysid:1 src compid:1 msgid#:147=BATTERY_STATUS voltages[0]:13059 voltages[1]:65535 current_battery:0
mavlink_receive() - MSG RCVD - magic:254 seq:161 src sysid:1 src compid:1 msgid#:148=AUTOPILOT_VERSION vendor_id:0 product_id:0
mavlink_receive() - MSG RCVD - magic:254 seq:151 src sysid:255 src compid:190 msgid#:0=HEARTBEAT FlightMode:0 Type:6 Autopilot:8 BaseMode:0 CustomMode:0 SystemStatus:0 MavlinkVersion:3
mavlink_receive() - MSG RCVD - magic:254 seq:162 src sysid:1 src compid:1 msgid#:0=HEARTBEAT FlightMode:4 Type:11 Autopilot:3 BaseMode:1 CustomMode:4 SystemStatus:5 MavlinkVersion:3
mavlink_receive() - MSG RCVD - magic:254 seq:163 src sysid:1 src compid:1 msgid#:36
mavlink_receive() - MSG RCVD - magic:254 seq:164 src sysid:1 src compid:1 msgid#:65
mavlink_receive() - MSG RCVD - magic:254 seq:165 src sysid:1 src compid:1 msgid#:35
mavlink_receive() - MSG RCVD - magic:254 seq:76 src sysid:1 src compid:0 msgid#:0=HEARTBEAT FlightMode:0 Type:27 Autopilot:8 BaseMode:4 CustomMode:0 SystemStatus:4 MavlinkVersion:3
mavlink_receive() - MSG RCVD - magic:254 seq:166 src sysid:1 src compid:1 msgid#:36
mavlink_receive() - MSG RCVD - magic:254 seq:167 src sysid:1 src compid:1 msgid#:65
mavlink_receive() - MSG RCVD - magic:254 seq:168 src sysid:1 src compid:1 msgid#:35
mavlink_receive() - MSG RCVD - magic:254 seq:169 src sysid:1 src compid:1 msgid#:33=GLOBAL_POSITION_INT TimeSinceBoot:788130626mS LAT:0degE7 LON:0degE7 MSL_ALT:-52390mm REL_ALT:-52394mm VelX:0cm/s VelY:0cm/s VelZ:0cm/s Heading:16782cdeg
mavlink_receive() - MSG RCVD - magic:254 seq:170 src sysid:1 src compid:1 msgid#:1=SYS_STATUS onboard_control_sensors_present:321969199 onboard_control_sensors_enabled:320864303 onboard_control_sensors_health:303071535 load:71
mavlink_receive() - MSG RCVD - magic:254 seq:171 src sysid:1 src compid:1 msgid#:125=POWER_STATUS Vcc:5106mV Vservo:5017mV flags:3
mavlink_receive() - MSG RCVD - magic:254 seq:172 src sysid:1 src compid:1 msgid#:24=GPS_RAW_INT Time:0h:0m:0s FixType:1 Latitude:0 Longitude:0 GroundSpeed:0 CoG(deg):0 SatsVisible:0
mavlink_receive() - MSG RCVD - magic:254 seq:173 src sysid:1 src compid:1 msgid#:2=SYSTEM_TIME time_unix_usec:I can't print uint64_t's here time_boot_ms:788130626
mavlink_receive() - MSG RCVD - magic:254 seq:174 src sysid:1 src compid:1 msgid#:165=HWSTATUS Vcc:5106mV I2Cerr:0errors
mavlink_receive() - MSG RCVD - magic:254 seq:175 src sysid:1 src compid:1 msgid#:147=BATTERY_STATUS voltages[0]:13184 voltages[1]:65535 current_battery:53
mavlink_receive() - MSG RCVD - magic:254 seq:176 src sysid:1 src compid:1 msgid#:148=AUTOPILOT_VERSION vendor_id:0 product_id:0
mavlink_receive() - MSG RCVD - magic:254 seq:177 src sysid:1 src compid:1 msgid#:0=HEARTBEAT FlightMode:4 Type:11 Autopilot:3 BaseMode:1 CustomMode:4 SystemStatus:5 MavlinkVersion:3
mavlink_receive() - MSG RCVD - magic:254 seq:178 src sysid:1 src compid:1 msgid#:36
mavlink_receive() - MSG RCVD - magic:254 seq:179 src sysid:1 src compid:1 msgid#:65
mavlink_receive() - MSG RCVD - magic:254 seq:180 src sysid:1 src compid:1 msgid#:35
mavlink_receive() - MSG RCVD - magic:254 seq:189 src sysid:1 src compid:1 msgid#:2=SYSTEM_TIME time_unix_usec:I can't print uint64_t's here time_boot_ms:788131626
mavlink_receive() - MSG RCVD - magic:254 seq:190 src sysid:1 src compid:1 msgid#:165=HWSTATUS Vcc:5105mV I2Cerr:0errors
mavlink_receive() - MSG RCVD - magic:254 seq:191 src sysid:1 src compid:1 msgid#:147=BATTERY_STATUS voltages[0]:13048 voltages[1]:65535 current_battery:0
mavlink_receive() - MSG RCVD - magic:254 seq:192 src sysid:1 src compid:1 msgid#:148=AUTOPILOT_VERSION vendor_id:0 product_id:0
mavlink_receive() - MSG RCVD - magic:254 seq:155 src sysid:255 src compid:190 msgid#:0=HEARTBEAT FlightMode:0 Type:6 Autopilot:8 BaseMode:0 CustomMode:0 SystemStatus:0 MavlinkVersion:3
mavlink_receive() - MSG RCVD - magic:254 seq:193 src sysid:1 src compid:1 msgid#:0=HEARTBEAT FlightMode:4 Type:11 Autopilot:3 BaseMode:1 CustomMode:4 SystemStatus:5 MavlinkVersion:3
mavlink_receive() - MSG RCVD - magic:254 seq:194 src sysid:1 src compid:1 msgid#:36
mavlink_receive() - MSG RCVD - magic:254 seq:195 src sysid:1 src compid:1 msgid#:65
mavlink_receive() - MSG RCVD - magic:254 seq:196 src sysid:1 src compid:1 msgid#:35
case_rx_from_autopilot() - Done RX - ending at Millis:131168
case_tx_to_agt() - Time to execute
sendSharedSettings_to_AGT() - starting
sendSharedSettings_to_AGT() - FMX about to SerialTransfer sendDatum() to AGT
sendSharedSettings_to_AGT() - FMX to AGT transfer finished - numbytessent:208
case_tx_to_agt() - finished
case_heartbeat_to_autopilot() - Time to execute.
mavlink_fmx_send_heartbeat_to_ap() - Executing
case_heartbeat_to_autopilot() - Time to execute.
mavlink_fmx_send_heartbeat_to_ap() - Executing
| CBP_PACKETTYPE = CBP_PF_CHARGER1_PID
| Value = 65535
| CBP_PACKETTYPE = CBP_PF_CHARGER1_FW
| Value = 666
| CBP_PACKETTYPE = CBP_PF_CHARGER1_V
| Value = 13280
| CBP_PACKETTYPE = CBP_PF_CHARGER1_I
| Value = -390
| CBP_PACKETTYPE = CBP_PF_CHARGER1_VPV
| Value = 18040
| CBP_PACKETTYPE = CBP_PF_CHARGER1_PPV
| Value = 0
| CBP_PACKETTYPE = CBP_PF_CHARGER1_CS
| Value = 0
| CBP_PACKETTYPE = CBP_PF_CHARGER1_ERR
| Value = 0
case_rx_from_agt() - FMX received a Datum from the AGT
| CBP_PACKETTYPE = CBP_PF_CHARGER1_LOAD
| Value = 100
| CBP_PACKETTYPE = CBP_PF_CHARGER1_IL
| Value = 300
| CBP_PACKETTYPE = CBP_PF_CHARGER1_H19
| Value = 543
| CBP_PACKETTYPE = CBP_PF_CHARGER1_H20
| Value = 10
| CBP_PACKETTYPE = CBP_PF_CHARGER1_H21
| Value = 48
| CBP_PACKETTYPE = CBP_PF_CHARGER1_H22
| Value = 17
| CBP_PACKETTYPE = CBP_PF_CHARGER1_VPV
| Value = 46
| CBP_PACKETTYPE = CBP_PF_CHARGER1_HSDS
| Value = 96
| CBP_PACKETTYPE = CBP_PF_CHARGER1_MPPT
| Value = 0
| CBP_PACKETTYPE = CBP_PF_CHARGER2_PID
| Value = 65535
| CBP_PACKETTYPE = CBP_PF_CHARGER2_FW
| Value = 666
| CBP_PACKETTYPE = CBP_PF_CHARGER2_V
| Value = 13130
| CBP_PACKETTYPE = CBP_PF_CHARGER2_I
| Value = 0
| CBP_PACKETTYPE = CBP_PF_CHARGER2_VPV
| Value = 13070
case_heartbeat_to_autopilot() - Time to execute.
mavlink_fmx_send_heartbeat_to_ap() - Executing
| CBP_PACKETTYPE = CBP_PF_CHARGER2_PPV
| Value = 0
| CBP_PACKETTYPE = CBP_PF_CHARGER2_CS
| Value = 0
| CBP_PACKETTYPE = CBP_PF_CHARGER2_ERR
| Value = 0
| CBP_PACKETTYPE = CBP_PF_CHARGER2_LOAD
| Value = 100
| CBP_PACKETTYPE = CBP_PF_CHARGER2_IL
| Value = 0
| CBP_PACKETTYPE = CBP_PF_CHARGER2_H19
| Value = 64
| CBP_PACKETTYPE = CBP_PF_CHARGER2_H20
| Value = 0
| CBP_PACKETTYPE = CBP_PF_CHARGER2_H21
| Value = 0
| CBP_PACKETTYPE = CBP_PF_CHARGER2_H22
| Value = 5
| CBP_PACKETTYPE = CBP_PF_CHARGER2_VPV
| Value = 19
| CBP_PACKETTYPE = CBP_PF_CHARGER2_HSDS
| Value = 90
| CBP_PACKETTYPE = CBP_PF_CHARGER2_MPPT
| Value = 0
case_rx_from_autopilot() - Time to execute.
mavlink_unrequest_datastream() - Executing
case_rx_from_autopilot() - ATTEMPTING RX - starting at Millis:189922
mavlink_receive() - MSG RCVD - magic:254 seq:80 src sysid:1 src compid:0 msgid#:0=HEARTBEAT FlightMode:0 Type:27 Autopilot:8 BaseMode:4 CustomMode:0 SystemStatus:4 MavlinkVersion:3
mavlink_receive() - MSG RCVD - magic:254 seq:197 src sysid:1 src compid:1 msgid#:36
mavlink_receive() - MSG RCVD - magic:254 seq:198 src sysid:1 src compid:1 msgid#:65
mavlink_receive() - MSG RCVD - magic:254 seq:199 src sysid:1 src compid:1 msgid#:35
mavlink_receive() - MSG RCVD - magic:254 seq:200 src sysid:1 src compid:1 msgid#:33=GLOBAL_POSITION_INT TimeSinceBoot:788132626mS LAT:0degE7 LON:0degE7 MSL_ALT:-52930mm REL_ALT:-52931mm VelX:0cm/s VelY:0cm/s VelZ:0cm/s Heading:16783cdeg
mavlink_receive() - MSG RCVD - magic:254 seq:201 src sysid:1 src compid:1 msgid#:1=SYS_STATUS onboard_control_sensors_present:321969199 onboard_control_sensors_enabled:320864303 onboard_control_sensors_health:303071535 load:71
mavlink_receive() - MSG RCVD - magic:254 seq:202 src sysid:1 src compid:1 msgid#:125=POWER_STATUS Vcc:5106mV Vservo:5029mV flags:3
mavlink_receive() - MSG RCVD - magic:254 seq:203 src sysid:1 src compid:1 msgid#:24=GPS_RAW_INT Time:0h:0m:0s FixType:1 Latitude:0 Longitude:0 GroundSpeed:0 CoG(deg):0 SatsVisible:0
mavlink_receive() - MSG RCVD - magic:254 seq:204 src sysid:1 src compid:1 msgid#:2=SYSTEM_TIME time_unix_usec:I can't print uint64_t's here time_boot_ms:788132626
mavlink_receive() - MSG RCVD - magic:254 seq:205 src sysid:1 src compid:1 msgid#:165=HWSTATUS Vcc:5106mV I2Cerr:0errors
mavlink_receive() - MSG RCVD - magic:254 seq:206 src sysid:1 src compid:1 msgid#:147=BATTERY_STATUS voltages[0]:13187 voltages[1]:65535 current_battery:51
mavlink_receive() - MSG RCVD - magic:254 seq:64 src sysid:1 src compid:1 msgid#:125=POWER_STATUS Vcc:5122mV Vservo:5024mV flags:3
mavlink_receive() - MSG RCVD - magic:254 seq:65 src sysid:1 src compid:1 msgid#:24=GPS_RAW_INT Time:0h:0m:0s FixType:1 Latitude:0 Longitude:0 GroundSpeed:0 CoG(deg):0 SatsVisible:0
mavlink_receive() - MSG RCVD - magic:254 seq:66 src sysid:1 src compid:1 msgid#:2=SYSTEM_TIME time_unix_usec:I can't print uint64_t's here time_boot_ms:788190626
mavlink_receive() - MSG RCVD - magic:254 seq:67 src sysid:1 src compid:1 msgid#:165=HWSTATUS Vcc:5122mV I2Cerr:0errors
mavlink_receive() - MSG RCVD - magic:254 seq:68 src sysid:1 src compid:1 msgid#:147=BATTERY_STATUS voltages[0]:13168 voltages[1]:65535 current_battery:58
mavlink_receive() - MSG RCVD - magic:254 seq:69 src sysid:1 src compid:1 msgid#:148=AUTOPILOT_VERSION vendor_id:0 product_id:0
mavlink_receive() - MSG RCVD - magic:254 seq:87 src sysid:255 src compid:190 msgid#:0=HEARTBEAT FlightMode:0 Type:6 Autopilot:8 BaseMode:0 CustomMode:0 SystemStatus:0 MavlinkVersion:3
mavlink_receive() - MSG RCVD - magic:254 seq:70 src sysid:1 src compid:1 msgid#:0=HEARTBEAT FlightMode:4 Type:11 Autopilot:3 BaseMode:1 CustomMode:4 SystemStatus:5 MavlinkVersion:3
mavlink_receive() - MSG RCVD - magic:254 seq:71 src sysid:1 src compid:1 msgid#:36
mavlink_receive() - MSG RCVD - magic:254 seq:72 src sysid:1 src compid:1 msgid#:65
mavlink_receive() - MSG RCVD - magic:254 seq:73 src sysid:1 src compid:1 msgid#:35
mavlink_receive() - MSG RCVD - magic:254 seq:198 src sysid:1 src compid:0 msgid#:0=HEARTBEAT FlightMode:0 Type:27 Autopilot:8 BaseMode:4 CustomMode:0 SystemStatus:4 MavlinkVersion:3
mavlink_receive() - MSG RCVD - magic:254 seq:74 src sysid:1 src compid:1 msgid#:36
mavlink_receive() - MSG RCVD - magic:254 seq:75 src sysid:1 src compid:1 msgid#:65
mavlink_receive() - MSG RCVD - magic:254 seq:76 src sysid:1 src compid:1 msgid#:35
mavlink_receive() - MSG RCVD - magic:254 seq:77 src sysid:1 src compid:1 msgid#:111
mavlink_receive() - MSG RCVD - magic:254 seq:89 src sysid:255 src compid:190 msgid#:0=HEARTBEAT FlightMode:0 Type:6 Autopilot:8 BaseMode:0 CustomMode:0 SystemStatus:0 MavlinkVersion:3
mavlink_receive() - MSG RCVD - magic:254 seq:78 src sysid:1 src compid:1 msgid#:33=GLOBAL_POSITION_INT TimeSinceBoot:788191626mS LAT:0degE7 LON:0degE7 MSL_ALT:-52500mm REL_ALT:-52501mm VelX:0cm/s VelY:0cm/s VelZ:0cm/s Heading:16778cdeg
mavlink_receive() - MSG RCVD - magic:254 seq:79 src sysid:1 src compid:1 msgid#:1=SYS_STATUS onboard_control_sensors_present:321969199 onboard_control_sensors_enabled:320864303 onboard_control_sensors_health:303071535 load:71
mavlink_receive() - MSG RCVD - magic:254 seq:80 src sysid:1 src compid:1 msgid#:125=POWER_STATUS Vcc:5088mV Vservo:5022mV flags:3
mavlink_receive() - MSG RCVD - magic:254 seq:81 src sysid:1 src compid:1 msgid#:24=GPS_RAW_INT Time:0h:0m:0s FixType:1 Latitude:0 Longitude:0 GroundSpeed:0 CoG(deg):0 SatsVisible:0
mavlink_receive() - MSG RCVD - magic:254 seq:82 src sysid:1 src compid:1 msgid#:2=SYSTEM_TIME time_unix_usec:I can't print uint64_t's here time_boot_ms:788191626
mavlink_receive() - MSG RCVD - magic:254 seq:83 src sysid:1 src compid:1 msgid#:165=HWSTATUS Vcc:5088mV I2Cerr:0errors
mavlink_receive() - MSG RCVD - magic:254 seq:84 src sysid:1 src compid:1 msgid#:147=BATTERY_STATUS voltages[0]:13050 voltages[1]:65535 current_battery:0
mavlink_receive() - MSG RCVD - magic:254 seq:85 src sysid:1 src compid:1 msgid#:148=AUTOPILOT_VERSION vendor_id:0 product_id:0
mavlink_receive() - MSG RCVD - magic:254 seq:86 src sysid:1 src compid:1 msgid#:0=HEARTBEAT FlightMode:4 Type:11 Autopilot:3 BaseMode:1 CustomMode:4 SystemStatus:5 MavlinkVersion:3
mavlink_receive() - MSG RCVD - magic:254 seq:87 src sysid:1 src compid:1 msgid#:36
mavlink_receive() - MSG RCVD - magic:254 seq:88 src sysid:1 src compid:1 msgid#:65
mavlink_receive() - MSG RCVD - magic:254 seq:89 src sysid:1 src compid:1 msgid#:35
mavlink_receive() - MSG RCVD - magic:254 seq:200 src sysid:1 src compid:0 msgid#:0=HEARTBEAT FlightMode:0 Type:27 Autopilot:8 BaseMode:4 CustomMode:0 SystemStatus:4 MavlinkVersion:3
mavlink_receive() - MSG RCVD - magic:254 seq:90 src sysid:1 src compid:1 msgid#:36
mavlink_receive() - MSG RCVD - magic:254 seq:91 src sysid:1 src compid:1 msgid#:65
mavlink_receive() - MSG RCVD - magic:254 seq:92 src sysid:1 src compid:1 msgid#:35
mavlink_receive() - MSG RCVD - magic:254 seq:93 src sysid:1 src compid:1 msgid#:33=GLOBAL_POSITION_INT TimeSinceBoot:788192626mS LAT:0degE7 LON:0degE7 MSL_ALT:-52330mm REL_ALT:-52332mm VelX:0cm/s VelY:0cm/s VelZ:0cm/s Heading:16780cdeg
mavlink_receive() - MSG RCVD - magic:254 seq:94 src sysid:1 src compid:1 msgid#:1=SYS_STATUS onboard_control_sensors_present:321969199 onboard_control_sensors_enabled:320864303 onboard_control_sensors_health:303071535 load:70
mavlink_receive() - MSG RCVD - magic:254 seq:95 src sysid:1 src compid:1 msgid#:125=POWER_STATUS Vcc:5121mV Vservo:5012mV flags:3
mavlink_receive() - MSG RCVD - magic:254 seq:96 src sysid:1 src compid:1 msgid#:24=GPS_RAW_INT Time:0h:0m:0s FixType:1 Latitude:0 Longitude:0 GroundSpeed:0 CoG(deg):0 SatsVisible:0
mavlink_receive() - MSG RCVD - magic:254 seq:97 src sysid:1 src compid:1 msgid#:2=SYSTEM_TIME time_unix_usec:I can't print uint64_t's here time_boot_ms:788192626
mavlink_receive() - MSG RCVD - magic:254 seq:98 src sysid:1 src compid:1 msgid#:165=HWSTATUS Vcc:5121mV I2Cerr:0errors
mavlink_receive() - MSG RCVD - magic:254 seq:99 src sysid:1 src compid:1 msgid#:147=BATTERY_STATUS voltages[0]:13125 voltages[1]:65535 current_battery:61
mavlink_receive() - MSG RCVD - magic:254 seq:100 src sysid:1 src compid:1 msgid#:148=AUTOPILOT_VERSION vendor_id:0 product_id:0
mavlink_receive() - MSG RCVD - magic:254 seq:91 src sysid:255 src compid:190 msgid#:0=HEARTBEAT FlightMode:0 Type:6 Autopilot:8 BaseMode:0 CustomMode:0 SystemStatus:0 MavlinkVersion:3
mavlink_receive() - MSG RCVD - magic:254 seq:101 src sysid:1 src compid:1 msgid#:0=HEARTBEAT FlightMode:4 Type:11 Autopilot:3 BaseMode:1 CustomMode:4 SystemStatus:5 MavlinkVersion:3
mavlink_receive() - MSG RCVD - magic:254 seq:102 src sysid:1 src compid:1 msgid#:36
mavlink_receive() - MSG RCVD - magic:254 seq:103 src sysid:1 src compid:1 msgid#:65
mavlink_receive() - MSG RCVD - magic:254 seq:104 src sysid:1 src compid:1 msgid#:35
mavlink_receive() - MSG RCVD - magic:254 seq:202 src sysid:1 src compid:0 msgid#:0=HEARTBEAT FlightMode:0 Type:27 Autopilot:8 BaseMode:4 CustomMode:0 SystemStatus:4 MavlinkVersion:3
mavlink_receive() - MSG RCVD - magic:254 seq:105 src sysid:1 src compid:1 msgid#:36
mavlink_receive() - MSG RCVD - magic:254 seq:106 src sysid:1 src compid:1 msgid#:65
mavlink_receive() - MSG RCVD - magic:254 seq:107 src sysid:1 src compid:1 msgid#:35
mavlink_receive() - MSG RCVD - magic:254 seq:92 src sysid:255 src compid:190 msgid#:66
mavlink_receive() - MSG RCVD - magic:254 seq:93 src sysid:255 src compid:190 msgid#:66
mavlink_receive() - MSG RCVD - magic:254 seq:94 src sysid:255 src compid:190 msgid#:66
mavlink_receive() - MSG RCVD - magic:254 seq:95 src sysid:255 src compid:190 msgid#:66
mavlink_receive() - MSG RCVD - magic:254 seq:96 src sysid:255 src compid:190 msgid#:66
mavlink_receive() - MSG RCVD - magic:254 seq:97 src sysid:255 src compid:190 msgid#:66
case_rx_from_autopilot() - Done RX - ending at Millis:192922
CANsendHello()
case_heartbeat_to_autopilot() - Time to execute.
mavlink_fmx_send_heartbeat_to_ap() - Executing
case_heartbeat_to_autopilot() - Time to execute.
mavlink_fmx_send_heartbeat_to_ap() - Executing
case_heartbeat_to_autopilot() - Time to execute.
mavlink_fmx_send_heartbeat_to_ap() - Executing
case_rx_from_autopilot() - Time to execute.
mavlink_unrequest_datastream() - Executing
case_rx_from_autopilot() - ATTEMPTING RX - starting at Millis:251680
mavlink_receive() - MSG RCVD - magic:254 seq:98 src sysid:255 src compid:190 msgid#:66
mavlink_receive() - MSG RCVD - magic:254 seq:99 src sysid:255 src compid:190 msgid#:66
mavlink_receive() - MSG RCVD - magic:254 seq:100 src sysid:255 src compid:190 msgid#:66
mavlink_receive() - MSG RCVD - magic:254 seq:101 src sysid:255 src compid:190 msgid#:66
mavlink_receive() - MSG RCVD - magic:254 seq:102 src sysid:255 src compid:190 msgid#:66
mavlink_receive() - MSG RCVD - magic:254 seq:103 src sysid:255 src compid:190 msgid#:66
mavlink_receive() - MSG RCVD - magic:254 seq:104 src sysid:255 src compid:190 msgid#:66
mavlink_receive() - MSG RCVD - magic:254 seq:105 src sysid:255 src compid:190 msgid#:66
mavlink_receive() - MSG RCVD - magic:254 seq:108 src sysid:1 src compid:1 msgid#:33=GLOBAL_POSITION_INT TimeSinceBoot:788193626mS LAT:0degE7 LON:0degE7 MSL_ALT:-52450mm REL_ALT:-52451mm VelX:0cm/s VelY:0cm/s VelZ:0cm/s Heading:16785cdeg
mavlink_receive() - MSG RCVD - magic:254 seq:109 src sysid:1 src compid:1 msgid#:1=SYS_STATUS onboard_control_sensors_present:321969199 onboard_control_sensors_enabled:320864303 onboard_control_sensors_health:303071535 load:71
mavlink_receive() - MSG RCVD - magic:254 seq:110 src sysid:1 src compid:1 msgid#:125=POWER_STATUS Vcc:5101mV Vservo:5024mV flags:3
mavlink_receive() - MSG RCVD - magic:254 seq:111 src sysid:1 src compid:1 msgid#:24=GPS_RAW_INT Time:0h:0m:0s FixType:1 Latitude:0 Longitude:0 GroundSpeed:0 CoG(deg):0 SatsVisible:0
mavlink_receive() - MSG RCVD - magic:254 seq:112 src sysid:1 src compid:1 msgid#:2=SYSTEM_TIME time_unix_usec:I can't print uint64_t's here time_boot_ms:788193626
mavlink_receive() - MSG RCVD - magic:254 seq:113 src sysid:1 src compid:1 msgid#:165=HWSTATUS Vcc:5101mV I2Cerr:0errors
mavlink_receive() - MSG RCVD - magic:254 seq:114 src sysid:1 src compid:1 msgid#:147=BATTERY_STATUS voltages[0]:13033 voltages[1]:65535 current_battery:0
mavlink_receive() - MSG RCVD - magic:254 seq:240 src sysid:1 src compid:1 msgid#:65
mavlink_receive() - MSG RCVD - magic:254 seq:241 src sysid:1 src compid:1 msgid#:35
mavlink_receive() - MSG RCVD - magic:254 seq:242 src sysid:1 src compid:1 msgid#:33=GLOBAL_POSITION_INT TimeSinceBoot:788252626mS LAT:0degE7 LON:0degE7 MSL_ALT:-52470mm REL_ALT:-52473mm VelX:0cm/s VelY:0cm/s VelZ:0cm/s Heading:16782cdeg
mavlink_receive() - MSG RCVD - magic:254 seq:243 src sysid:1 src compid:1 msgid#:1=SYS_STATUS onboard_control_sensors_present:321969199 onboard_control_sensors_enabled:320864303 onboard_control_sensors_health:303071535 load:71
mavlink_receive() - MSG RCVD - magic:254 seq:244 src sysid:1 src compid:1 msgid#:125=POWER_STATUS Vcc:5106mV Vservo:5022mV flags:3
mavlink_receive() - MSG RCVD - magic:254 seq:245 src sysid:1 src compid:1 msgid#:24=GPS_RAW_INT Time:0h:0m:0s FixType:1 Latitude:0 Longitude:0 GroundSpeed:0 CoG(deg):0 SatsVisible:0
mavlink_receive() - MSG RCVD - magic:254 seq:246 src sysid:1 src compid:1 msgid#:2=SYSTEM_TIME time_unix_usec:I can't print uint64_t's here time_boot_ms:788252626
mavlink_receive() - MSG RCVD - magic:254 seq:247 src sysid:1 src compid:1 msgid#:165=HWSTATUS Vcc:5106mV I2Cerr:0errors
mavlink_receive() - MSG RCVD - magic:254 seq:248 src sysid:1 src compid:1 msgid#:147=BATTERY_STATUS voltages[0]:13169 voltages[1]:65535 current_battery:53
mavlink_receive() - MSG RCVD - magic:254 seq:249 src sysid:1 src compid:1 msgid#:148=AUTOPILOT_VERSION vendor_id:0 product_id:0
mavlink_receive() - MSG RCVD - magic:254 seq:31 src sysid:255 src compid:190 msgid#:0=HEARTBEAT FlightMode:0 Type:6 Autopilot:8 BaseMode:0 CustomMode:0 SystemStatus:0 MavlinkVersion:3
mavlink_receive() - MSG RCVD - magic:254 seq:250 src sysid:1 src compid:1 msgid#:0=HEARTBEAT FlightMode:4 Type:11 Autopilot:3 BaseMode:1 CustomMode:4 SystemStatus:5 MavlinkVersion:3
mavlink_receive() - MSG RCVD - magic:254 seq:251 src sysid:1 src compid:1 msgid#:36
mavlink_receive() - MSG RCVD - magic:254 seq:252 src sysid:1 src compid:1 msgid#:65
mavlink_receive() - MSG RCVD - magic:254 seq:253 src sysid:1 src compid:1 msgid#:35
mavlink_receive() - MSG RCVD - magic:254 seq:66 src sysid:1 src compid:0 msgid#:0=HEARTBEAT FlightMode:0 Type:27 Autopilot:8 BaseMode:4 CustomMode:0 SystemStatus:4 MavlinkVersion:3
mavlink_receive() - MSG RCVD - magic:254 seq:254 src sysid:1 src compid:1 msgid#:36
mavlink_receive() - MSG RCVD - magic:254 seq:255 src sysid:1 src compid:1 msgid#:65
mavlink_receive() - MSG RCVD - magic:254 seq:0 src sysid:1 src compid:1 msgid#:35
mavlink_receive() - MSG RCVD - magic:254 seq:1 src sysid:1 src compid:1 msgid#:33=GLOBAL_POSITION_INT TimeSinceBoot:788253626mS LAT:0degE7 LON:0degE7 MSL_ALT:-52380mm REL_ALT:-52388mm VelX:0cm/s VelY:0cm/s VelZ:0cm/s Heading:16788cdeg
mavlink_receive() - MSG RCVD - magic:254 seq:2 src sysid:1 src compid:1 msgid#:1=SYS_STATUS onboard_control_sensors_present:321969199 onboard_control_sensors_enabled:320864303 onboard_control_sensors_health:303071535 load:71
mavlink_receive() - MSG RCVD - magic:254 seq:3 src sysid:1 src compid:1 msgid#:125=POWER_STATUS Vcc:5120mV Vservo:5022mV flags:3
mavlink_receive() - MSG RCVD - magic:254 seq:4 src sysid:1 src compid:1 msgid#:24=GPS_RAW_INT Time:0h:0m:0s FixType:1 Latitude:0 Longitude:0 GroundSpeed:0 CoG(deg):0 SatsVisible:0
mavlink_receive() - MSG RCVD - magic:254 seq:5 src sysid:1 src compid:1 msgid#:2=SYSTEM_TIME time_unix_usec:I can't print uint64_t's here time_boot_ms:788253626
mavlink_receive() - MSG RCVD - magic:254 seq:6 src sysid:1 src compid:1 msgid#:165=HWSTATUS Vcc:5120mV I2Cerr:0errors
mavlink_receive() - MSG RCVD - magic:254 seq:7 src sysid:1 src compid:1 msgid#:147=BATTERY_STATUS voltages[0]:13065 voltages[1]:65535 current_battery:0
mavlink_receive() - MSG RCVD - magic:254 seq:8 src sysid:1 src compid:1 msgid#:148=AUTOPILOT_VERSION vendor_id:0 product_id:0
mavlink_receive() - MSG RCVD - magic:254 seq:33 src sysid:255 src compid:190 msgid#:0=HEARTBEAT FlightMode:0 Type:6 Autopilot:8 BaseMode:0 CustomMode:0 SystemStatus:0 MavlinkVersion:3
mavlink_receive() - MSG RCVD - magic:254 seq:9 src sysid:1 src compid:1 msgid#:0=HEARTBEAT FlightMode:4 Type:11 Autopilot:3 BaseMode:1 CustomMode:4 SystemStatus:5 MavlinkVersion:3
mavlink_receive() - MSG RCVD - magic:254 seq:10 src sysid:1 src compid:1 msgid#:36
mavlink_receive() - MSG RCVD - magic:254 seq:11 src sysid:1 src compid:1 msgid#:65
mavlink_receive() - MSG RCVD - magic:254 seq:12 src sysid:1 src compid:1 msgid#:35
mavlink_receive() - MSG RCVD - magic:254 seq:68 src sysid:1 src compid:0 msgid#:0=HEARTBEAT FlightMode:0 Type:27 Autopilot:8 BaseMode:4 CustomMode:0 SystemStatus:4 MavlinkVersion:3
mavlink_receive() - MSG RCVD - magic:254 seq:13 src sysid:1 src compid:1 msgid#:36
mavlink_receive() - MSG RCVD - magic:254 seq:14 src sysid:1 src compid:1 msgid#:65
mavlink_receive() - MSG RCVD - magic:254 seq:15 src sysid:1 src compid:1 msgid#:35
mavlink_receive() - MSG RCVD - magic:254 seq:35 src sysid:255 src compid:190 msgid#:0=HEARTBEAT FlightMode:0 Type:6 Autopilot:8 BaseMode:0 CustomMode:0 SystemStatus:0 MavlinkVersion:3
mavlink_receive() - MSG RCVD - magic:254 seq:16 src sysid:1 src compid:1 msgid#:33=GLOBAL_POSITION_INT TimeSinceBoot:788254626mS LAT:0degE7 LON:0degE7 MSL_ALT:-52330mm REL_ALT:-52337mm VelX:0cm/s VelY:0cm/s VelZ:0cm/s Heading:16778cdeg
mavlink_receive() - MSG RCVD - magic:254 seq:17 src sysid:1 src compid:1 msgid#:1=SYS_STATUS onboard_control_sensors_present:321969199 onboard_control_sensors_enabled:320864303 onboard_control_sensors_health:303071535 load:71
mavlink_receive() - MSG RCVD - magic:254 seq:18 src sysid:1 src compid:1 msgid#:125=POWER_STATUS Vcc:5119mV Vservo:5022mV flags:3
mavlink_receive() - MSG RCVD - magic:254 seq:19 src sysid:1 src compid:1 msgid#:24=GPS_RAW_INT Time:0h:0m:0s FixType:1 Latitude:0 Longitude:0 GroundSpeed:0 CoG(deg):0 SatsVisible:0
mavlink_receive() - MSG RCVD - magic:254 seq:20 src sysid:1 src compid:1 msgid#:2=SYSTEM_TIME time_unix_usec:I can't print uint64_t's here time_boot_ms:788254626
mavlink_receive() - MSG RCVD - magic:254 seq:21 src sysid:1 src compid:1 msgid#:165=HWSTATUS Vcc:5119mV I2Cerr:0errors
mavlink_receive() - MSG RCVD - magic:254 seq:22 src sysid:1 src compid:1 msgid#:147=BATTERY_STATUS voltages[0]:13138 voltages[1]:65535 current_battery:62
mavlink_receive() - MSG RCVD - magic:254 seq:23 src sysid:1 src compid:1 msgid#:148=AUTOPILOT_VERSION vendor_id:0 product_id:0
mavlink_receive() - MSG RCVD - magic:254 seq:24 src sysid:1 src compid:1 msgid#:0=HEARTBEAT FlightMode:4 Type:11 Autopilot:3 BaseMode:1 CustomMode:4 SystemStatus:5 MavlinkVersion:3
mavlink_receive() - MSG RCVD - magic:254 seq:25 src sysid:1 src compid:1 msgid#:36
mavlink_receive() - MSG RCVD - magic:254 seq:26 src sysid:1 src compid:1 msgid#:65
mavlink_receive() - MSG RCVD - magic:254 seq:27 src sysid:1 src compid:1 msgid#:35
case_rx_from_autopilot() - Done RX - ending at Millis:254680
| CBP_PACKETTYPE = CBP_PF_CHARGER1_PID
| Value = 65535
| CBP_PACKETTYPE = CBP_PF_CHARGER1_FW
| Value = 666
| CBP_PACKETTYPE = CBP_PF_CHARGER1_V
| Value = 13300
| CBP_PACKETTYPE = CBP_PF_CHARGER1_I
| Value = -230
| CBP_PACKETTYPE = CBP_PF_CHARGER1_VPV
| Value = 17980
| CBP_PACKETTYPE = CBP_PF_CHARGER1_PPV
| Value = 0
| CBP_PACKETTYPE = CBP_PF_CHARGER1_CS
| Value = 0
| CBP_PACKETTYPE = CBP_PF_CHARGER1_H20
| Value = 10
| CBP_PACKETTYPE = CBP_PF_CHARGER1_H21
| Value = 48
| CBP_PACKETTYPE = CBP_PF_CHARGER1_H22
| Value = 17
| CBP_PACKETTYPE = CBP_PF_CHARGER1_VPV
| Value = 46
| CBP_PACKETTYPE = CBP_PF_CHARGER1_HSDS
| Value = 96
| CBP_PACKETTYPE = CBP_PF_CHARGER1_MPPT
| Value = 0
case_tx_to_agt() - Time to execute
sendSharedSettings_to_AGT() - starting
sendSharedSettings_to_AGT() - FMX about to SerialTransfer sendDatum() to AGT
sendSharedSettings_to_AGT() - FMX to AGT transfer finished - numbytessent:208
case_tx_to_agt() - finished
| CBP_PACKETTYPE = CBP_PF_CHARGER2_PID
| Value = 65535
| CBP_PACKETTYPE = CBP_PF_CHARGER2_FW
| Value = 666
case_heartbeat_to_autopilot() - Time to execute.
mavlink_fmx_send_heartbeat_to_ap() - Executing
| CBP_PACKETTYPE = CBP_PF_CHARGER2_V
| Value = 13130
| CBP_PACKETTYPE = CBP_PF_CHARGER2_I
| Value = 0
| CBP_PACKETTYPE = CBP_PF_CHARGER2_VPV
| Value = 13070
| CBP_PACKETTYPE = CBP_PF_CHARGER2_PPV
| Value = 0
| CBP_PACKETTYPE = CBP_PF_CHARGER2_CS
| Value = 0
| CBP_PACKETTYPE = CBP_PF_CHARGER2_ERR
| Value = 0
| CBP_PACKETTYPE = CBP_PF_CHARGER2_LOAD
| Value = 100
| CBP_PACKETTYPE = CBP_PF_CHARGER2_IL
| Value = 0
| CBP_PACKETTYPE = CBP_PF_CHARGER2_H19
| Value = 64
| CBP_PACKETTYPE = CBP_PF_CHARGER2_H20
| Value = 0
| CBP_PACKETTYPE = CBP_PF_CHARGER2_H21
| Value = 0
| CBP_PACKETTYPE = CBP_PF_CHARGER2_H22
| Value = 5
| CBP_PACKETTYPE = CBP_PF_CHARGER2_VPV
| Value = 19
| CBP_PACKETTYPE = CBP_PF_CHARGER2_HSDS
| Value = 90
| CBP_PACKETTYPE = CBP_PF_CHARGER2_MPPT
| Value = 0
case_heartbeat_to_autopilot() - Time to execute.
mavlink_fmx_send_heartbeat_to_ap() - Executing
case_rx_from_agt() - FMX received a Datum from the AGT
case_heartbeat_to_autopilot() - Time to execute.
mavlink_fmx_send_heartbeat_to_ap() - Executing
case_rx_from_autopilot() - Time to execute.
mavlink_unrequest_datastream() - Executing
case_rx_from_autopilot() - ATTEMPTING RX - starting at Millis:313434
mavlink_receive() - MSG RCVD - magic:254 seq:70 src sysid:1 src compid:0 msgid#:0=HEARTBEAT FlightMode:0 Type:27 Autopilot:8 BaseMode:4 CustomMode:0 SystemStatus:4 MavlinkVersion:3
mavlink_receive() - MSG RCVD - magic:254 seq:28 src sysid:1 src compid:1 msgid#:36
mavlink_receive() - MSG RCVD - magic:254 seq:29 src sysid:1 src compid:1 msgid#:65
mavlink_receive() - MSG RCVD - magic:254 seq:30 src sysid:1 src compid:1 msgid#:35
mavlink_receive() - MSG RCVD - magic:254 seq:31 src sysid:1 src compid:1 msgid#:33=GLOBAL_POSITION_INT TimeSinceBoot:788255626mS LAT:0degE7 LON:0degE7 MSL_ALT:-52440mm REL_ALT:-52445mm VelX:0cm/s VelY:0cm/s VelZ:0cm/s Heading:16780cdeg
mavlink_receive() - MSG RCVD - magic:254 seq:32 src sysid:1 src compid:1 msgid#:1=SYS_STATUS onboard_control_sensors_present:321969199 onboard_control_sensors_enabled:320864303 onboard_control_sensors_health:303071535 load:71
mavlink_receive() - MSG RCVD - magic:254 seq:33 src sysid:1 src compid:1 msgid#:125=POWER_STATUS Vcc:5109mV Vservo:5017mV flags:3
mavlink_receive() - MSG RCVD - magic:254 seq:34 src sysid:1 src compid:1 msgid#:24=GPS_RAW_INT Time:0h:0m:0s FixType:1 Latitude:0 Longitude:0 GroundSpeed:0 CoG(deg):0 SatsVisible:0
mavlink_receive() - MSG RCVD - magic:254 seq:35 src sysid:1 src compid:1 msgid#:2=SYSTEM_TIME time_unix_usec:I can't print uint64_t's here time_boot_ms:788255626
mavlink_receive() - MSG RCVD - magic:254 seq:36 src sysid:1 src compid:1 msgid#:165=HWSTATUS Vcc:5109mV I2Cerr:0errors
mavlink_receive() - MSG RCVD - magic:254 seq:37 src sysid:1 src compid:1 msgid#:147=BATTERY_STATUS voltages[0]:13056 voltages[1]:65535 current_battery:0
mavlink_receive() - MSG RCVD - magic:254 seq:163 src sysid:1 src compid:1 msgid#:65
mavlink_receive() - MSG RCVD - magic:254 seq:164 src sysid:1 src compid:1 msgid#:35
mavlink_receive() - MSG RCVD - magic:254 seq:165 src sysid:1 src compid:1 msgid#:33=GLOBAL_POSITION_INT TimeSinceBoot:788314626mS LAT:0degE7 LON:0degE7 MSL_ALT:-52420mm REL_ALT:-52428mm VelX:0cm/s VelY:0cm/s VelZ:0cm/s Heading:16742cdeg
mavlink_receive() - MSG RCVD - magic:254 seq:166 src sysid:1 src compid:1 msgid#:1=SYS_STATUS onboard_control_sensors_present:321969199 onboard_control_sensors_enabled:320864303 onboard_control_sensors_health:303071535 load:71
mavlink_receive() - MSG RCVD - magic:254 seq:167 src sysid:1 src compid:1 msgid#:125=POWER_STATUS Vcc:5105mV Vservo:5022mV flags:3
mavlink_receive() - MSG RCVD - magic:254 seq:168 src sysid:1 src compid:1 msgid#:24=GPS_RAW_INT Time:0h:0m:0s FixType:1 Latitude:0 Longitude:0 GroundSpeed:0 CoG(deg):0 SatsVisible:0
mavlink_receive() - MSG RCVD - magic:254 seq:169 src sysid:1 src compid:1 msgid#:2=SYSTEM_TIME time_unix_usec:I can't print uint64_t's here time_boot_ms:788314626
mavlink_receive() - MSG RCVD - magic:254 seq:170 src sysid:1 src compid:1 msgid#:165=HWSTATUS Vcc:5105mV I2Cerr:0errors
mavlink_receive() - MSG RCVD - magic:254 seq:171 src sysid:1 src compid:1 msgid#:147=BATTERY_STATUS voltages[0]:13176 voltages[1]:65535 current_battery:54
mavlink_receive() - MSG RCVD - magic:254 seq:172 src sysid:1 src compid:1 msgid#:148=AUTOPILOT_VERSION vendor_id:0 product_id:0
mavlink_receive() - MSG RCVD - magic:254 seq:173 src sysid:1 src compid:1 msgid#:0=HEARTBEAT FlightMode:4 Type:11 Autopilot:3 BaseMode:1 CustomMode:4 SystemStatus:5 MavlinkVersion:3
mavlink_receive() - MSG RCVD - magic:254 seq:174 src sysid:1 src compid:1 msgid#:36
mavlink_receive() - MSG RCVD - magic:254 seq:175 src sysid:1 src compid:1 msgid#:65
mavlink_receive() - MSG RCVD - magic:254 seq:176 src sysid:1 src compid:1 msgid#:35
mavlink_receive() - MSG RCVD - magic:254 seq:221 src sysid:255 src compid:190 msgid#:0=HEARTBEAT FlightMode:0 Type:6 Autopilot:8 BaseMode:0 CustomMode:0 SystemStatus:0 MavlinkVersion:3
mavlink_receive() - MSG RCVD - magic:254 seq:190 src sysid:1 src compid:0 msgid#:0=HEARTBEAT FlightMode:0 Type:27 Autopilot:8 BaseMode:4 CustomMode:0 SystemStatus:4 MavlinkVersion:3
mavlink_receive() - MSG RCVD - magic:254 seq:177 src sysid:1 src compid:1 msgid#:36
mavlink_receive() - MSG RCVD - magic:254 seq:178 src sysid:1 src compid:1 msgid#:65
mavlink_receive() - MSG RCVD - magic:254 seq:179 src sysid:1 src compid:1 msgid#:35
mavlink_receive() - MSG RCVD - magic:254 seq:180 src sysid:1 src compid:1 msgid#:33=GLOBAL_POSITION_INT TimeSinceBoot:788315626mS LAT:0degE7 LON:0degE7 MSL_ALT:-52430mm REL_ALT:-52439mm VelX:0cm/s VelY:0cm/s VelZ:0cm/s Heading:16740cdeg
mavlink_receive() - MSG RCVD - magic:254 seq:181 src sysid:1 src compid:1 msgid#:1=SYS_STATUS onboard_control_sensors_present:321969199 onboard_control_sensors_enabled:320864303 onboard_control_sensors_health:303071535 load:71
mavlink_receive() - MSG RCVD - magic:254 seq:182 src sysid:1 src compid:1 msgid#:125=POWER_STATUS Vcc:5119mV Vservo:5017mV flags:3
mavlink_receive() - MSG RCVD - magic:254 seq:183 src sysid:1 src compid:1 msgid#:24=GPS_RAW_INT Time:0h:0m:0s FixType:1 Latitude:0 Longitude:0 GroundSpeed:0 CoG(deg):0 SatsVisible:0
mavlink_receive() - MSG RCVD - magic:254 seq:184 src sysid:1 src compid:1 msgid#:2=SYSTEM_TIME time_unix_usec:I can't print uint64_t's here time_boot_ms:788315626
mavlink_receive() - MSG RCVD - magic:254 seq:185 src sysid:1 src compid:1 msgid#:165=HWSTATUS Vcc:5119mV I2Cerr:0errors
mavlink_receive() - MSG RCVD - magic:254 seq:186 src sysid:1 src compid:1 msgid#:147=BATTERY_STATUS voltages[0]:13049 voltages[1]:65535 current_battery:0
mavlink_receive() - MSG RCVD - magic:254 seq:187 src sysid:1 src compid:1 msgid#:148=AUTOPILOT_VERSION vendor_id:0 product_id:0
mavlink_receive() - MSG RCVD - magic:254 seq:223 src sysid:255 src compid:190 msgid#:0=HEARTBEAT FlightMode:0 Type:6 Autopilot:8 BaseMode:0 CustomMode:0 SystemStatus:0 MavlinkVersion:3
mavlink_receive() - MSG RCVD - magic:254 seq:188 src sysid:1 src compid:1 msgid#:0=HEARTBEAT FlightMode:4 Type:11 Autopilot:3 BaseMode:1 CustomMode:4 SystemStatus:5 MavlinkVersion:3
mavlink_receive() - MSG RCVD - magic:254 seq:189 src sysid:1 src compid:1 msgid#:36
mavlink_receive() - MSG RCVD - magic:254 seq:190 src sysid:1 src compid:1 msgid#:65
mavlink_receive() - MSG RCVD - magic:254 seq:191 src sysid:1 src compid:1 msgid#:35
mavlink_receive() - MSG RCVD - magic:254 seq:192 src sysid:1 src compid:0 msgid#:0=HEARTBEAT FlightMode:0 Type:27 Autopilot:8 BaseMode:4 CustomMode:0 SystemStatus:4 MavlinkVersion:3
mavlink_receive() - MSG RCVD - magic:254 seq:192 src sysid:1 src compid:1 msgid#:36
mavlink_receive() - MSG RCVD - magic:254 seq:193 src sysid:1 src compid:1 msgid#:65
mavlink_receive() - MSG RCVD - magic:254 seq:194 src sysid:1 src compid:1 msgid#:35
mavlink_receive() - MSG RCVD - magic:254 seq:195 src sysid:1 src compid:1 msgid#:33=GLOBAL_POSITION_INT TimeSinceBoot:788316626mS LAT:0degE7 LON:0degE7 MSL_ALT:-52680mm REL_ALT:-52682mm VelX:0cm/s VelY:0cm/s VelZ:0cm/s Heading:16740cdeg
mavlink_receive() - MSG RCVD - magic:254 seq:196 src sysid:1 src compid:1 msgid#:1=SYS_STATUS onboard_control_sensors_present:321969199 onboard_control_sensors_enabled:320864303 onboard_control_sensors_health:319848751 load:71
mavlink_receive() - MSG RCVD - magic:254 seq:197 src sysid:1 src compid:1 msgid#:125=POWER_STATUS Vcc:5104mV Vservo:5024mV flags:3
mavlink_receive() - MSG RCVD - magic:254 seq:198 src sysid:1 src compid:1 msgid#:24=GPS_RAW_INT Time:0h:0m:0s FixType:1 Latitude:0 Longitude:0 GroundSpeed:0 CoG(deg):0 SatsVisible:0
mavlink_receive() - MSG RCVD - magic:254 seq:199 src sysid:1 src compid:1 msgid#:2=SYSTEM_TIME time_unix_usec:I can't print uint64_t's here time_boot_ms:788316626
mavlink_receive() - MSG RCVD - magic:254 seq:200 src sysid:1 src compid:1 msgid#:165=HWSTATUS Vcc:5104mV I2Cerr:0errors
mavlink_receive() - MSG RCVD - magic:254 seq:201 src sysid:1 src compid:1 msgid#:147=BATTERY_STATUS voltages[0]:13162 voltages[1]:65535 current_battery:54
mavlink_receive() - MSG RCVD - magic:254 seq:202 src sysid:1 src compid:1 msgid#:148=AUTOPILOT_VERSION vendor_id:0 product_id:0
mavlink_receive() - MSG RCVD - magic:254 seq:226 src sysid:255 src compid:190 msgid#:0=HEARTBEAT FlightMode:0 Type:6 Autopilot:8 BaseMode:0 CustomMode:0 SystemStatus:0 MavlinkVersion:3
mavlink_receive() - MSG RCVD - magic:254 seq:203 src sysid:1 src compid:1 msgid#:0=HEARTBEAT FlightMode:4 Type:11 Autopilot:3 BaseMode:1 CustomMode:4 SystemStatus:5 MavlinkVersion:3
mavlink_receive() - MSG RCVD - magic:254 seq:204 src sysid:1 src compid:1 msgid#:36
mavlink_receive() - MSG RCVD - magic:254 seq:205 src sysid:1 src compid:1 msgid#:65
mavlink_receive() - MSG RCVD - magic:254 seq:206 src sysid:1 src compid:1 msgid#:35
case_rx_from_autopilot() - Done RX - ending at Millis:316434
case_heartbeat_to_autopilot() - Time to execute.
mavlink_fmx_send_heartbeat_to_ap() - Executing
| CBP_PACKETTYPE = CBP_PF_CHARGER1_PID
| Value = 65535
| CBP_PACKETTYPE = CBP_PF_CHARGER1_FW
| Value = 666
| CBP_PACKETTYPE = CBP_PF_CHARGER1_V
| Value = 13280
| CBP_PACKETTYPE = CBP_PF_CHARGER1_I
| Value = -400
| CBP_PACKETTYPE = CBP_PF_CHARGER1_VPV
| Value = 17980
| CBP_PACKETTYPE = CBP_PF_CHARGER1_PPV
| Value = 0
| CBP_PACKETTYPE = CBP_PF_CHARGER1_CS
| Value = 0
| CBP_PACKETTYPE = CBP_PF_CHARGER1_ERR
| Value = 0
| CBP_PACKETTYPE = CBP_PF_CHARGER1_LOAD
| Value = 100
| CBP_PACKETTYPE = CBP_PF_CHARGER1_IL
| Value = 200
| CBP_PACKETTYPE = CBP_PF_CHARGER1_H19
| Value = 543
| CBP_PACKETTYPE = CBP_PF_CHARGER1_H20
| Value = 10
| CBP_PACKETTYPE = CBP_PF_CHARGER1_H21
| Value = 48
| CBP_PACKETTYPE = CBP_PF_CHARGER1_H22
| Value = 17
case_heartbeat_to_autopilot() - Time to execute.
mavlink_fmx_send_heartbeat_to_ap() - Executing
| CBP_PACKETTYPE = CBP_PF_CHARGER1_VPV
| Value = 46
| CBP_PACKETTYPE = CBP_PF_CHARGER1_HSDS
| Value = 96
| CBP_PACKETTYPE = CBP_PF_CHARGER1_MPPT
| Value = 0
| CBP_PACKETTYPE = CBP_PF_CHARGER2_PID
| Value = 65535
| CBP_PACKETTYPE = CBP_PF_CHARGER2_FW
| Value = 666
| CBP_PACKETTYPE = CBP_PF_CHARGER2_V
| Value = 13130
| CBP_PACKETTYPE = CBP_PF_CHARGER2_I
| Value = 0
| CBP_PACKETTYPE = CBP_PF_CHARGER2_VPV
| Value = 13070
| CBP_PACKETTYPE = CBP_PF_CHARGER2_PPV
| Value = 0
| CBP_PACKETTYPE = CBP_PF_CHARGER2_CS
| Value = 0
| CBP_PACKETTYPE = CBP_PF_CHARGER2_ERR
| Value = 0
| CBP_PACKETTYPE = CBP_PF_CHARGER2_LOAD
| Value = 100
| CBP_PACKETTYPE = CBP_PF_CHARGER2_IL
| Value = 0
| CBP_PACKETTYPE = CBP_PF_CHARGER2_H19
| Value = 64
| CBP_PACKETTYPE = CBP_PF_CHARGER2_H20
| Value = 0
| CBP_PACKETTYPE = CBP_PF_CHARGER2_H21
| Value = 0
| CBP_PACKETTYPE = CBP_PF_CHARGER2_H22
| Value = 5
| CBP_PACKETTYPE = CBP_PF_CHARGER2_VPV
| Value = 19
| CBP_PACKETTYPE = CBP_PF_CHARGER2_HSDS
| Value = 90
| CBP_PACKETTYPE = CBP_PF_CHARGER2_MPPT
| Value = 0
case_heartbeat_to_autopilot() - Time to execute.
mavlink_fmx_send_heartbeat_to_ap() - Executing
case_rx_from_autopilot() - Time to execute.
mavlink_unrequest_datastream() - Executing
case_rx_from_autopilot() - ATTEMPTING RX - starting at Millis:375184
mavlink_receive() - MSG RCVD - magic:254 seq:194 src sysid:1 src compid:0 msgid#:0=HEARTBEAT FlightMode:0 Type:27 Autopilot:8 BaseMode:4 CustomMode:0 SystemStatus:4 MavlinkVersion:3
mavlink_receive() - MSG RCVD - magic:254 seq:207 src sysid:1 src compid:1 msgid#:36
mavlink_receive() - MSG RCVD - magic:254 seq:208 src sysid:1 src compid:1 msgid#:65
mavlink_receive() - MSG RCVD - magic:254 seq:209 src sysid:1 src compid:1 msgid#:35
mavlink_receive() - MSG RCVD - magic:254 seq:228 src sysid:255 src compid:190 msgid#:0=HEARTBEAT FlightMode:0 Type:6 Autopilot:8 BaseMode:0 CustomMode:0 SystemStatus:0 MavlinkVersion:3
mavlink_receive() - MSG RCVD - magic:254 seq:210 src sysid:1 src compid:1 msgid#:33=GLOBAL_POSITION_INT TimeSinceBoot:788317606mS LAT:0degE7 LON:0degE7 MSL_ALT:-52470mm REL_ALT:-52473mm VelX:0cm/s VelY:0cm/s VelZ:0cm/s Heading:16739cdeg
mavlink_receive() - MSG RCVD - magic:254 seq:211 src sysid:1 src compid:1 msgid#:1=SYS_STATUS onboard_control_sensors_present:321969199 onboard_control_sensors_enabled:320864303 onboard_control_sensors_health:303071535 load:71
mavlink_receive() - MSG RCVD - magic:254 seq:212 src sysid:1 src compid:1 msgid#:125=POWER_STATUS Vcc:5122mV Vservo:5022mV flags:3
mavlink_receive() - MSG RCVD - magic:254 seq:213 src sysid:1 src compid:1 msgid#:24=GPS_RAW_INT Time:0h:0m:0s FixType:1 Latitude:0 Longitude:0 GroundSpeed:0 CoG(deg):0 SatsVisible:0
mavlink_receive() - MSG RCVD - magic:254 seq:214 src sysid:1 src compid:1 msgid#:2=SYSTEM_TIME time_unix_usec:I can't print uint64_t's here time_boot_ms:788317606
mavlink_receive() - MSG RCVD - magic:254 seq:215 src sysid:1 src compid:1 msgid#:165=HWSTATUS Vcc:5122mV I2Cerr:0errors
mavlink_receive() - MSG RCVD - magic:254 seq:155 src sysid:255 src compid:190 msgid#:0=HEARTBEAT FlightMode:0 Type:6 Autopilot:8 BaseMode:0 CustomMode:0 SystemStatus:0 MavlinkVersion:3
mavlink_receive() - MSG RCVD - magic:254 seq:73 src sysid:1 src compid:1 msgid#:33=GLOBAL_POSITION_INT TimeSinceBoot:788375626mS LAT:0degE7 LON:0degE7 MSL_ALT:-52370mm REL_ALT:-52371mm VelX:0cm/s VelY:0cm/s VelZ:0cm/s Heading:16772cdeg
mavlink_receive() - MSG RCVD - magic:254 seq:74 src sysid:1 src compid:1 msgid#:1=SYS_STATUS onboard_control_sensors_present:321969199 onboard_control_sensors_enabled:320864303 onboard_control_sensors_health:303071535 load:71
mavlink_receive() - MSG RCVD - magic:254 seq:75 src sysid:1 src compid:1 msgid#:125=POWER_STATUS Vcc:5110mV Vservo:5022mV flags:3
mavlink_receive() - MSG RCVD - magic:254 seq:76 src sysid:1 src compid:1 msgid#:24=GPS_RAW_INT Time:0h:0m:0s FixType:1 Latitude:0 Longitude:0 GroundSpeed:0 CoG(deg):0 SatsVisible:0
mavlink_receive() - MSG RCVD - magic:254 seq:77 src sysid:1 src compid:1 msgid#:2=SYSTEM_TIME time_unix_usec:I can't print uint64_t's here time_boot_ms:788375626
mavlink_receive() - MSG RCVD - magic:254 seq:78 src sysid:1 src compid:1 msgid#:165=HWSTATUS Vcc:5110mV I2Cerr:0errors
mavlink_receive() - MSG RCVD - magic:254 seq:79 src sysid:1 src compid:1 msgid#:147=BATTERY_STATUS voltages[0]:13053 voltages[1]:65535 current_battery:0
mavlink_receive() - MSG RCVD - magic:254 seq:80 src sysid:1 src compid:1 msgid#:148=AUTOPILOT_VERSION vendor_id:0 product_id:0
mavlink_receive() - MSG RCVD - magic:254 seq:81 src sysid:1 src compid:1 msgid#:0=HEARTBEAT FlightMode:4 Type:11 Autopilot:3 BaseMode:1 CustomMode:4 SystemStatus:5 MavlinkVersion:3
mavlink_receive() - MSG RCVD - magic:254 seq:82 src sysid:1 src compid:1 msgid#:36
mavlink_receive() - MSG RCVD - magic:254 seq:83 src sysid:1 src compid:1 msgid#:65
mavlink_receive() - MSG RCVD - magic:254 seq:84 src sysid:1 src compid:1 msgid#:35
mavlink_receive() - MSG RCVD - magic:254 seq:56 src sysid:1 src compid:0 msgid#:0=HEARTBEAT FlightMode:0 Type:27 Autopilot:8 BaseMode:4 CustomMode:0 SystemStatus:4 MavlinkVersion:3
mavlink_receive() - MSG RCVD - magic:254 seq:85 src sysid:1 src compid:1 msgid#:36
mavlink_receive() - MSG RCVD - magic:254 seq:86 src sysid:1 src compid:1 msgid#:65
mavlink_receive() - MSG RCVD - magic:254 seq:87 src sysid:1 src compid:1 msgid#:35
mavlink_receive() - MSG RCVD - magic:254 seq:88 src sysid:1 src compid:1 msgid#:33=GLOBAL_POSITION_INT TimeSinceBoot:788376626mS LAT:0degE7 LON:0degE7 MSL_ALT:-52110mm REL_ALT:-52117mm VelX:0cm/s VelY:0cm/s VelZ:0cm/s Heading:16768cdeg
mavlink_receive() - MSG RCVD - magic:254 seq:89 src sysid:1 src compid:1 msgid#:1=SYS_STATUS onboard_control_sensors_present:321969199 onboard_control_sensors_enabled:320864303 onboard_control_sensors_health:303071535 load:70
mavlink_receive() - MSG RCVD - magic:254 seq:90 src sysid:1 src compid:1 msgid#:125=POWER_STATUS Vcc:5119mV Vservo:5017mV flags:3
mavlink_receive() - MSG RCVD - magic:254 seq:91 src sysid:1 src compid:1 msgid#:24=GPS_RAW_INT Time:0h:0m:0s FixType:1 Latitude:0 Longitude:0 GroundSpeed:0 CoG(deg):0 SatsVisible:0
mavlink_receive() - MSG RCVD - magic:254 seq:92 src sysid:1 src compid:1 msgid#:2=SYSTEM_TIME time_unix_usec:I can't print uint64_t's here time_boot_ms:788376626
mavlink_receive() - MSG RCVD - magic:254 seq:93 src sysid:1 src compid:1 msgid#:165=HWSTATUS Vcc:5119mV I2Cerr:0errors
mavlink_receive() - MSG RCVD - magic:254 seq:94 src sysid:1 src compid:1 msgid#:147=BATTERY_STATUS voltages[0]:13185 voltages[1]:65535 current_battery:56
mavlink_receive() - MSG RCVD - magic:254 seq:95 src sysid:1 src compid:1 msgid#:148=AUTOPILOT_VERSION vendor_id:0 product_id:0
mavlink_receive() - MSG RCVD - magic:254 seq:157 src sysid:255 src compid:190 msgid#:0=HEARTBEAT FlightMode:0 Type:6 Autopilot:8 BaseMode:0 CustomMode:0 SystemStatus:0 MavlinkVersion:3
mavlink_receive() - MSG RCVD - magic:254 seq:96 src sysid:1 src compid:1 msgid#:0=HEARTBEAT FlightMode:4 Type:11 Autopilot:3 BaseMode:1 CustomMode:4 SystemStatus:5 MavlinkVersion:3
mavlink_receive() - MSG RCVD - magic:254 seq:97 src sysid:1 src compid:1 msgid#:36
mavlink_receive() - MSG RCVD - magic:254 seq:98 src sysid:1 src compid:1 msgid#:65
mavlink_receive() - MSG RCVD - magic:254 seq:99 src sysid:1 src compid:1 msgid#:35
mavlink_receive() - MSG RCVD - magic:254 seq:58 src sysid:1 src compid:0 msgid#:0=HEARTBEAT FlightMode:0 Type:27 Autopilot:8 BaseMode:4 CustomMode:0 SystemStatus:4 MavlinkVersion:3
mavlink_receive() - MSG RCVD - magic:254 seq:100 src sysid:1 src compid:1 msgid#:36
mavlink_receive() - MSG RCVD - magic:254 seq:101 src sysid:1 src compid:1 msgid#:65
mavlink_receive() - MSG RCVD - magic:254 seq:102 src sysid:1 src compid:1 msgid#:35
mavlink_receive() - MSG RCVD - magic:254 seq:103 src sysid:1 src compid:1 msgid#:33=GLOBAL_POSITION_INT TimeSinceBoot:788377626mS LAT:0degE7 LON:0degE7 MSL_ALT:-52170mm REL_ALT:-52174mm VelX:0cm/s VelY:0cm/s VelZ:0cm/s Heading:16766cdeg
mavlink_receive() - MSG RCVD - magic:254 seq:104 src sysid:1 src compid:1 msgid#:1=SYS_STATUS onboard_control_sensors_present:321969199 onboard_control_sensors_enabled:320864303 onboard_control_sensors_health:303071535 load:70
mavlink_receive() - MSG RCVD - magic:254 seq:105 src sysid:1 src compid:1 msgid#:125=POWER_STATUS Vcc:5107mV Vservo:5022mV flags:3
mavlink_receive() - MSG RCVD - magic:254 seq:106 src sysid:1 src compid:1 msgid#:24=GPS_RAW_INT Time:0h:0m:0s FixType:1 Latitude:0 Longitude:0 GroundSpeed:0 CoG(deg):0 SatsVisible:0
mavlink_receive() - MSG RCVD - magic:254 seq:107 src sysid:1 src compid:1 msgid#:2=SYSTEM_TIME time_unix_usec:I can't print uint64_t's here time_boot_ms:788377626
mavlink_receive() - MSG RCVD - magic:254 seq:108 src sysid:1 src compid:1 msgid#:165=HWSTATUS Vcc:5107mV I2Cerr:0errors
mavlink_receive() - MSG RCVD - magic:254 seq:109 src sysid:1 src compid:1 msgid#:147=BATTERY_STATUS voltages[0]:13054 voltages[1]:65535 current_battery:0
mavlink_receive() - MSG RCVD - magic:254 seq:110 src sysid:1 src compid:1 msgid#:148=AUTOPILOT_VERSION vendor_id:0 product_id:0
mavlink_receive() - MSG RCVD - magic:254 seq:111 src sysid:1 src compid:1 msgid#:0=HEARTBEAT FlightMode:4 Type:11 Autopilot:3 BaseMode:1 CustomMode:4 SystemStatus:5 MavlinkVersion:3
mavlink_receive() - MSG RCVD - magic:254 seq:112 src sysid:1 src compid:1 msgid#:36
mavlink_receive() - MSG RCVD - magic:254 seq:113 src sysid:1 src compid:1 msgid#:65
mavlink_receive() - MSG RCVD - magic:254 seq:114 src sysid:1 src compid:1 msgid#:35
mavlink_receive() - MSG RCVD - magic:254 seq:160 src sysid:255 src compid:190 msgid#:0=HEARTBEAT FlightMode:0 Type:6 Autopilot:8 BaseMode:0 CustomMode:0 SystemStatus:0 MavlinkVersion:3
mavlink_receive() - MSG RCVD - magic:254 seq:60 src sysid:1 src compid:0 msgid#:0=HEARTBEAT FlightMode:0 Type:27 Autopilot:8 BaseMode:4 CustomMode:0 SystemStatus:4 MavlinkVersion:3
mavlink_receive() - MSG RCVD - magic:254 seq:115 src sysid:1 src compid:1 msgid#:36
mavlink_receive() - MSG RCVD - magic:254 seq:116 src sysid:1 src compid:1 msgid#:65
mavlink_receive() - MSG RCVD - magic:254 seq:117 src sysid:1 src compid:1 msgid#:35
case_rx_from_autopilot() - Done RX - ending at Millis:378184
CANsendHello()
case_tx_to_agt() - Time to execute
sendSharedSettings_to_AGT() - starting
sendSharedSettings_to_AGT() - FMX about to SerialTransfer sendDatum() to AGT
sendSharedSettings_to_AGT() - FMX to AGT transfer finished - numbytessent:208
case_tx_to_agt() - finished
case_heartbeat_to_autopilot() - Time to execute.
mavlink_fmx_send_heartbeat_to_ap() - Executing
